INFO	[2018-03-19 22:06:59:404] <3906> ===============================================================
INFO	[2018-03-19 22:06:59:404] <3906> START AgsPay40 php (OS:Linux2.6.32-642.13.1.el6.x86_64,PHP:5.2.17)
INFO	[2018-03-19 22:06:59:404] <3906> card Pay Start!
INFO	[2018-03-19 22:06:59:404] <3906> AgsPayHome:/home/mjob/public_html/plugin/PG/allthegate/source
INFO	[2018-03-19 22:06:59:404] <3906> StoreId:aegis
INFO	[2018-03-19 22:06:59:404] <3906> log:true
INFO	[2018-03-19 22:06:59:404] <3906> logLevel:INFO
INFO	[2018-03-19 22:06:59:404] <3906> UseNetCancel:true
INFO	[2018-03-19 22:06:59:404] <3906> Type:Pay
INFO	[2018-03-19 22:06:59:404] <3906> RecvLen:7
INFO	[2018-03-19 22:06:59:404] <3906> AuthTy:card
INFO	[2018-03-19 22:06:59:404] <3906> SubTy:visa3d
INFO	[2018-03-19 22:06:59:404] <3906> OrdNo:S43F862400406
INFO	[2018-03-19 22:06:59:404] <3906> Amt:3000
INFO	[2018-03-19 22:06:59:404] <3906> UserEmail:netk@daum.net
INFO	[2018-03-19 22:06:59:404] <3906> ProdNm:채용정보결제
INFO	[2018-03-19 22:06:59:404] <3906> MallUrl:http://mjob.netfu.co.kr;?>
INFO	[2018-03-19 22:06:59:404] <3906> UserId:test_company
INFO	[2018-03-19 22:06:59:404] <3906> OrdNm:김대용
INFO	[2018-03-19 22:06:59:404] <3906> OrdPhone:01095699876
INFO	[2018-03-19 22:06:59:404] <3906> OrdAddr:
INFO	[2018-03-19 22:06:59:404] <3906> RcpNm:김대용
INFO	[2018-03-19 22:06:59:404] <3906> RcpPhone:010-0000-0000
INFO	[2018-03-19 22:06:59:404] <3906> DlvAddr:
INFO	[2018-03-19 22:06:59:404] <3906> Remark:
INFO	[2018-03-19 22:06:59:404] <3906> DeviId:9000400001
INFO	[2018-03-19 22:06:59:404] <3906> AuthYn:N;218.149.124.67;N;;3000;0;;;;
INFO	[2018-03-19 22:06:59:404] <3906> Instmt:00
INFO	[2018-03-19 22:06:59:404] <3906> UserIp:218.149.124.67
INFO	[2018-03-19 22:06:59:404] <3906> partial_mm:
INFO	[2018-03-19 22:06:59:404] <3906> noIntMonth:
INFO	[2018-03-19 22:06:59:404] <3906> KVP_CURRENCY:
INFO	[2018-03-19 22:06:59:404] <3906> KVP_CARDCODE:
INFO	[2018-03-19 22:06:59:404] <3906> KVP_SESSIONKEY:
INFO	[2018-03-19 22:06:59:404] <3906> KVP_ENCDATA:
INFO	[2018-03-19 22:06:59:404] <3906> KVP_CONAME:
INFO	[2018-03-19 22:06:59:405] <3906> KVP_NOINT:
INFO	[2018-03-19 22:06:59:405] <3906> KVP_QUOTA:
INFO	[2018-03-19 22:06:59:405] <3906> CardNo:5433330517764608
INFO	[2018-03-19 22:06:59:405] <3906> MPI_CAVV:AAABABk0GSAYAxk1FzQZAAAAACI=
INFO	[2018-03-19 22:06:59:405] <3906> MPI_ECI:05
INFO	[2018-03-19 22:06:59:405] <3906> MPI_MD64:MjAxODAzMTkyMjAzMzM2NzcxMjA=
INFO	[2018-03-19 22:06:59:405] <3906> ExpMon:2049
INFO	[2018-03-19 22:06:59:405] <3906> ExpYear:12
INFO	[2018-03-19 22:06:59:405] <3906> Passwd:
INFO	[2018-03-19 22:06:59:405] <3906> SocId:
INFO	[2018-03-19 22:06:59:405] <3906> ICHE_OUTBANKNAME:
INFO	[2018-03-19 22:06:59:405] <3906> ICHE_OUTACCTNO:
INFO	[2018-03-19 22:06:59:405] <3906> ICHE_OUTBANKMASTER:
INFO	[2018-03-19 22:06:59:405] <3906> ICHE_AMOUNT:
INFO	[2018-03-19 22:06:59:405] <3906> HP_SERVERINFO:
INFO	[2018-03-19 22:06:59:405] <3906> HP_HANDPHONE:
INFO	[2018-03-19 22:06:59:405] <3906> HP_COMPANY:
INFO	[2018-03-19 22:06:59:405] <3906> HP_ID:
INFO	[2018-03-19 22:06:59:405] <3906> HP_SUBID:
INFO	[2018-03-19 22:06:59:405] <3906> HP_UNITType:1
INFO	[2018-03-19 22:06:59:405] <3906> HP_IDEN:
INFO	[2018-03-19 22:06:59:405] <3906> HP_IPADDR:
INFO	[2018-03-19 22:06:59:405] <3906> ARS_NAME:
INFO	[2018-03-19 22:06:59:405] <3906> ARS_PHONE:
INFO	[2018-03-19 22:06:59:405] <3906> VIRTUAL_CENTERCD:
INFO	[2018-03-19 22:06:59:405] <3906> VIRTUAL_DEPODT:
INFO	[2018-03-19 22:06:59:405] <3906> ZuminCode:
INFO	[2018-03-19 22:06:59:405] <3906> MallPage:
INFO	[2018-03-19 22:06:59:405] <3906> VIRTUAL_NO:
INFO	[2018-03-19 22:06:59:405] <3906> ES_SENDNO:
INFO	[2018-03-19 22:06:59:405] <3906> ICHE_SOCKETYN:
INFO	[2018-03-19 22:06:59:405] <3906> ICHE_POSMTID:
INFO	[2018-03-19 22:06:59:405] <3906> ICHE_FNBCMTID:
INFO	[2018-03-19 22:06:59:405] <3906> ICHE_APTRTS:
INFO	[2018-03-19 22:06:59:405] <3906> ICHE_REMARK1:
INFO	[2018-03-19 22:06:59:405] <3906> ICHE_REMARK2:
INFO	[2018-03-19 22:06:59:405] <3906> ICHE_ECWYN:
INFO	[2018-03-19 22:06:59:405] <3906> ICHE_ECWID:
INFO	[2018-03-19 22:06:59:405] <3906> ICHE_ECWAMT1:
INFO	[2018-03-19 22:06:59:405] <3906> ICHE_ECWAMT2:
INFO	[2018-03-19 22:06:59:405] <3906> ICHE_CASHYN:
INFO	[2018-03-19 22:06:59:405] <3906> ICHE_CASHGUBUN_CD:
INFO	[2018-03-19 22:06:59:405] <3906> ICHE_CASHID_NO:
INFO	[2018-03-19 22:06:59:405] <3906> ICHEARS_SOCKETYN:
INFO	[2018-03-19 22:06:59:405] <3906> ICHEARS_ADMNO:
INFO	[2018-03-19 22:06:59:405] <3906> ICHEARS_POSMTID:
INFO	[2018-03-19 22:06:59:405] <3906> ICHEARS_CENTERCD:
INFO	[2018-03-19 22:06:59:405] <3906> ICHEARS_HPNO:
INFO	[2018-03-19 22:06:59:405] <3906> Make NetCancel ID Start
INFO	[2018-03-19 22:06:59:405] <3906> AEGIS_VISAaegis_20180319220659405741
INFO	[2018-03-19 22:06:59:405] <3906> Make NetCancel ID End
INFO	[2018-03-19 22:06:59:405] <3906> Make NetCancelID OK
INFO	[2018-03-19 22:06:59:405] <3906> Make Msg Start
INFO	[2018-03-19 22:06:59:405] <3906> Encrypt Start
INFO	[2018-03-19 22:06:59:405] <3906> Encrypt End
INFO	[2018-03-19 22:06:59:405] <3906> Encrypt Start
INFO	[2018-03-19 22:06:59:405] <3906> Encrypt End
INFO	[2018-03-19 22:06:59:405] <3906> Encrypt Start
INFO	[2018-03-19 22:06:59:405] <3906> Encrypt End
INFO	[2018-03-19 22:06:59:405] <3906> Encrypt Start
INFO	[2018-03-19 22:06:59:405] <3906> Encrypt End
INFO	[2018-03-19 22:06:59:405] <3906> card-visa3d Make MSG OK 
INFO	[2018-03-19 22:06:59:405] <3906> Make Msg End
INFO	[2018-03-19 22:06:59:405] <3906> Make Pay Msg OK
INFO	[2018-03-19 22:06:59:405] <3906> Send & Recv Msg Start
INFO	[2018-03-19 22:06:59:405] <3906> Send Data To PG Start [ 
INFO	[2018-03-19 22:06:59:405] <3906> 0:0003250plug15
INFO	[2018-03-19 22:06:59:405] <3906> 1:aegis
INFO	[2018-03-19 22:06:59:405] <3906> 2:test_company
INFO	[2018-03-19 22:06:59:405] <3906> 3:3000
INFO	[2018-03-19 22:06:59:405] <3906> 4:S43F862400406
INFO	[2018-03-19 22:06:59:405] <3906> 5:9000400001
INFO	[2018-03-19 22:06:59:405] <3906> 6:8705429013307420
INFO	[2018-03-19 22:06:59:405] <3906> 7:914306
INFO	[2018-03-19 22:06:59:405] <3906> 8:00
INFO	[2018-03-19 22:06:59:405] <3906> 9:N;218.149.124.67;N;;3000;0;;;;
INFO	[2018-03-19 22:06:59:405] <3906> 10:
INFO	[2018-03-19 22:06:59:405] <3906> 11:
INFO	[2018-03-19 22:06:59:405] <3906> 12:김대용
INFO	[2018-03-19 22:06:59:405] <3906> 13:010-0000-0000
INFO	[2018-03-19 22:06:59:405] <3906> 14:
INFO	[2018-03-19 22:06:59:405] <3906> 15:김대용
INFO	[2018-03-19 22:06:59:405] <3906> 16:218.149.124.67;01095699876
INFO	[2018-03-19 22:06:59:405] <3906> 17:netk@daum.net;
INFO	[2018-03-19 22:06:59:405] <3906> 18:채용정보결제
INFO	[2018-03-19 22:06:59:405] <3906> 19:AAABABk0GSAYAxk1FzQZAAAAACI=
INFO	[2018-03-19 22:06:59:405] <3906> 20:MjAxODAzMTkyMjAzMzM2NzcxMjA=
INFO	[2018-03-19 22:06:59:405] <3906> 21:05
INFO	[2018-03-19 22:06:59:405] <3906> 22:netk@daum.net
INFO	[2018-03-19 22:06:59:405] <3906> 23:AEGIS_VISAaegis_20180319220659405741
INFO	[2018-03-19 22:06:59:405] <3906> 24:
INFO	[2018-03-19 22:06:59:406] <3906> ] Send Data To PG End 
INFO	[2018-03-19 22:06:59:406] <3906> SendMsg : [0003250plug15|aegis|test_company|3000|S43F862400406|9000400001|8705429013307420|914306|00|N;218.149.124.67;N;;3000;0;;;;|||김대용|010-0000-0000||김대용|218.149.124.67;01095699876|netk@daum.net;|채용정보결제|AAABABk0GSAYAxk1FzQZAAAAACI=|MjAxODAzMTkyMjAzMzM2NzcxMjA=|05|netk@daum.net|AEGIS_VISAaegis_20180319220659405741|]
INFO	[2018-03-19 22:06:59:406] <3906> Connect IP:[121.133.126.1] Port:[29760]
INFO	[2018-03-19 22:06:59:415] <3906> Socket Open OK
INFO	[2018-03-19 22:06:59:532] <3906> RecvMsg Length : [000074]
INFO	[2018-03-19 22:06:59:532] <3906> RecvMsg : [aegis|0610|||000000003000|n|java.lang.NullPointerException|||||0||552655|
]
INFO	[2018-03-19 22:06:59:532] <3906> Socket Close OK
INFO	[2018-03-19 22:06:59:532] <3906> RecvMsg Length Check OK
INFO	[2018-03-19 22:06:59:532] <3906> Send & Recv Msg End
INFO	[2018-03-19 22:06:59:533] <3906> Send & Recv Msg OK
INFO	[2018-03-19 22:06:59:533] <3906> Parse Msg Start
INFO	[2018-03-19 22:06:59:533] <3906> card-visa3d RECV MSG Parsing OK 
INFO	[2018-03-19 22:06:59:533] <3906> Parse Msg End
INFO	[2018-03-19 22:06:59:533] <3906> Msg Parsing OK
INFO	[2018-03-19 22:06:59:533] <3906> card Pay Result Value [
INFO	[2018-03-19 22:06:59:533] <3906> NetCancID:AEGIS_VISAaegis_20180319220659405741
INFO	[2018-03-19 22:06:59:533] <3906> rStoreId:aegis
INFO	[2018-03-19 22:06:59:533] <3906> rBusiCd:0610
INFO	[2018-03-19 22:06:59:533] <3906> rOrdNo:
INFO	[2018-03-19 22:06:59:533] <3906> rApprNo:
INFO	[2018-03-19 22:06:59:533] <3906> rInstmt:00
INFO	[2018-03-19 22:06:59:533] <3906> rAmt:000000003000
INFO	[2018-03-19 22:06:59:533] <3906> rSuccYn:n
INFO	[2018-03-19 22:06:59:533] <3906> rResMsg:java.lang.NullPointerException
INFO	[2018-03-19 22:06:59:533] <3906> rCardNm:
INFO	[2018-03-19 22:06:59:533] <3906> rApprTm:
INFO	[2018-03-19 22:06:59:533] <3906> rCardCd:
INFO	[2018-03-19 22:06:59:533] <3906> rMembNo:
INFO	[2018-03-19 22:06:59:533] <3906> rAquiCd:0
INFO	[2018-03-19 22:06:59:533] <3906> rAquiNm:
INFO	[2018-03-19 22:06:59:533] <3906> rDealNo:552655
INFO	[2018-03-19 22:06:59:533] <3906> rProdNm:채용정보결제
INFO	[2018-03-19 22:06:59:533] <3906> ]
INFO	[2018-03-19 22:06:59:533] <3906> END  java.lang.NullPointerException Transaction time:[0.13sec]
INFO	[2018-03-19 22:06:59:533] <3906> ===============================================================
INFO	[2018-03-19 22:09:34:645] <3892> ===============================================================
INFO	[2018-03-19 22:09:34:645] <3892> START AgsPay40 php (OS:Linux2.6.32-642.13.1.el6.x86_64,PHP:5.2.17)
INFO	[2018-03-19 22:09:34:645] <3892> card Pay Start!
INFO	[2018-03-19 22:09:34:645] <3892> AgsPayHome:/home/mjob/public_html/plugin/PG/allthegate/source
INFO	[2018-03-19 22:09:34:645] <3892> StoreId:aegis
INFO	[2018-03-19 22:09:34:645] <3892> log:true
INFO	[2018-03-19 22:09:34:645] <3892> logLevel:INFO
INFO	[2018-03-19 22:09:34:645] <3892> UseNetCancel:true
INFO	[2018-03-19 22:09:34:645] <3892> Type:Pay
INFO	[2018-03-19 22:09:34:645] <3892> RecvLen:7
INFO	[2018-03-19 22:09:34:645] <3892> AuthTy:card
INFO	[2018-03-19 22:09:34:645] <3892> SubTy:visa3d
INFO	[2018-03-19 22:09:34:645] <3892> OrdNo:S4A898BADEA13
INFO	[2018-03-19 22:09:34:645] <3892> Amt:3000
INFO	[2018-03-19 22:09:34:645] <3892> UserEmail:netk@daum.net
INFO	[2018-03-19 22:09:34:645] <3892> ProdNm:채용정보결제
INFO	[2018-03-19 22:09:34:645] <3892> MallUrl:http://mjob.netfu.co.kr;?>
INFO	[2018-03-19 22:09:34:645] <3892> UserId:test_company
INFO	[2018-03-19 22:09:34:645] <3892> OrdNm:김대용
INFO	[2018-03-19 22:09:34:645] <3892> OrdPhone:01095699876
INFO	[2018-03-19 22:09:34:645] <3892> OrdAddr:
INFO	[2018-03-19 22:09:34:645] <3892> RcpNm:김대용
INFO	[2018-03-19 22:09:34:645] <3892> RcpPhone:010-0000-0000
INFO	[2018-03-19 22:09:34:645] <3892> DlvAddr:
INFO	[2018-03-19 22:09:34:645] <3892> Remark:
INFO	[2018-03-19 22:09:34:645] <3892> DeviId:9000400001
INFO	[2018-03-19 22:09:34:645] <3892> AuthYn:N;218.149.124.67;N;;3000;0;;;;
INFO	[2018-03-19 22:09:34:645] <3892> Instmt:00
INFO	[2018-03-19 22:09:34:645] <3892> UserIp:218.149.124.67
INFO	[2018-03-19 22:09:34:645] <3892> partial_mm:
INFO	[2018-03-19 22:09:34:645] <3892> noIntMonth:
INFO	[2018-03-19 22:09:34:645] <3892> KVP_CURRENCY:
INFO	[2018-03-19 22:09:34:645] <3892> KVP_CARDCODE:
INFO	[2018-03-19 22:09:34:645] <3892> KVP_SESSIONKEY:
INFO	[2018-03-19 22:09:34:646] <3892> KVP_ENCDATA:
INFO	[2018-03-19 22:09:34:646] <3892> KVP_CONAME:
INFO	[2018-03-19 22:09:34:646] <3892> KVP_NOINT:
INFO	[2018-03-19 22:09:34:646] <3892> KVP_QUOTA:
INFO	[2018-03-19 22:09:34:646] <3892> CardNo:5433330517764608
INFO	[2018-03-19 22:09:34:646] <3892> MPI_CAVV:AAABBkd0diAYAxk1F3R2AAAAACI=
INFO	[2018-03-19 22:09:34:646] <3892> MPI_ECI:05
INFO	[2018-03-19 22:09:34:646] <3892> MPI_MD64:MjAxODAzMTkyMjA4NTQ3MjUxMjA=
INFO	[2018-03-19 22:09:34:646] <3892> ExpMon:2049
INFO	[2018-03-19 22:09:34:646] <3892> ExpYear:12
INFO	[2018-03-19 22:09:34:646] <3892> Passwd:
INFO	[2018-03-19 22:09:34:646] <3892> SocId:
INFO	[2018-03-19 22:09:34:646] <3892> ICHE_OUTBANKNAME:
INFO	[2018-03-19 22:09:34:646] <3892> ICHE_OUTACCTNO:
INFO	[2018-03-19 22:09:34:646] <3892> ICHE_OUTBANKMASTER:
INFO	[2018-03-19 22:09:34:646] <3892> ICHE_AMOUNT:
INFO	[2018-03-19 22:09:34:646] <3892> HP_SERVERINFO:
INFO	[2018-03-19 22:09:34:646] <3892> HP_HANDPHONE:
INFO	[2018-03-19 22:09:34:646] <3892> HP_COMPANY:
INFO	[2018-03-19 22:09:34:646] <3892> HP_ID:
INFO	[2018-03-19 22:09:34:646] <3892> HP_SUBID:
INFO	[2018-03-19 22:09:34:646] <3892> HP_UNITType:1
INFO	[2018-03-19 22:09:34:646] <3892> HP_IDEN:
INFO	[2018-03-19 22:09:34:646] <3892> HP_IPADDR:
INFO	[2018-03-19 22:09:34:646] <3892> ARS_NAME:
INFO	[2018-03-19 22:09:34:646] <3892> ARS_PHONE:
INFO	[2018-03-19 22:09:34:646] <3892> VIRTUAL_CENTERCD:
INFO	[2018-03-19 22:09:34:646] <3892> VIRTUAL_DEPODT:
INFO	[2018-03-19 22:09:34:646] <3892> ZuminCode:
INFO	[2018-03-19 22:09:34:646] <3892> MallPage:
INFO	[2018-03-19 22:09:34:646] <3892> VIRTUAL_NO:
INFO	[2018-03-19 22:09:34:646] <3892> ES_SENDNO:
INFO	[2018-03-19 22:09:34:646] <3892> ICHE_SOCKETYN:
INFO	[2018-03-19 22:09:34:646] <3892> ICHE_POSMTID:
INFO	[2018-03-19 22:09:34:646] <3892> ICHE_FNBCMTID:
INFO	[2018-03-19 22:09:34:646] <3892> ICHE_APTRTS:
INFO	[2018-03-19 22:09:34:646] <3892> ICHE_REMARK1:
INFO	[2018-03-19 22:09:34:646] <3892> ICHE_REMARK2:
INFO	[2018-03-19 22:09:34:646] <3892> ICHE_ECWYN:
INFO	[2018-03-19 22:09:34:646] <3892> ICHE_ECWID:
INFO	[2018-03-19 22:09:34:646] <3892> ICHE_ECWAMT1:
INFO	[2018-03-19 22:09:34:646] <3892> ICHE_ECWAMT2:
INFO	[2018-03-19 22:09:34:646] <3892> ICHE_CASHYN:
INFO	[2018-03-19 22:09:34:646] <3892> ICHE_CASHGUBUN_CD:
INFO	[2018-03-19 22:09:34:646] <3892> ICHE_CASHID_NO:
INFO	[2018-03-19 22:09:34:646] <3892> ICHEARS_SOCKETYN:
INFO	[2018-03-19 22:09:34:646] <3892> ICHEARS_ADMNO:
INFO	[2018-03-19 22:09:34:646] <3892> ICHEARS_POSMTID:
INFO	[2018-03-19 22:09:34:646] <3892> ICHEARS_CENTERCD:
INFO	[2018-03-19 22:09:34:646] <3892> ICHEARS_HPNO:
INFO	[2018-03-19 22:09:34:646] <3892> Make NetCancel ID Start
INFO	[2018-03-19 22:09:34:646] <3892> AEGIS_VISAaegis_20180319220934646667
INFO	[2018-03-19 22:09:34:646] <3892> Make NetCancel ID End
INFO	[2018-03-19 22:09:34:646] <3892> Make NetCancelID OK
INFO	[2018-03-19 22:09:34:646] <3892> Make Msg Start
INFO	[2018-03-19 22:09:34:646] <3892> Encrypt Start
INFO	[2018-03-19 22:09:34:646] <3892> Encrypt End
INFO	[2018-03-19 22:09:34:646] <3892> Encrypt Start
INFO	[2018-03-19 22:09:34:646] <3892> Encrypt End
INFO	[2018-03-19 22:09:34:646] <3892> Encrypt Start
INFO	[2018-03-19 22:09:34:646] <3892> Encrypt End
INFO	[2018-03-19 22:09:34:646] <3892> Encrypt Start
INFO	[2018-03-19 22:09:34:646] <3892> Encrypt End
INFO	[2018-03-19 22:09:34:646] <3892> card-visa3d Make MSG OK 
INFO	[2018-03-19 22:09:34:646] <3892> Make Msg End
INFO	[2018-03-19 22:09:34:646] <3892> Make Pay Msg OK
INFO	[2018-03-19 22:09:34:647] <3892> Send & Recv Msg Start
INFO	[2018-03-19 22:09:34:647] <3892> Send Data To PG Start [ 
INFO	[2018-03-19 22:09:34:647] <3892> 0:0003250plug15
INFO	[2018-03-19 22:09:34:647] <3892> 1:aegis
INFO	[2018-03-19 22:09:34:647] <3892> 2:test_company
INFO	[2018-03-19 22:09:34:647] <3892> 3:3000
INFO	[2018-03-19 22:09:34:647] <3892> 4:S4A898BADEA13
INFO	[2018-03-19 22:09:34:647] <3892> 5:9000400001
INFO	[2018-03-19 22:09:34:647] <3892> 6:8705429013307420
INFO	[2018-03-19 22:09:34:647] <3892> 7:914306
INFO	[2018-03-19 22:09:34:647] <3892> 8:00
INFO	[2018-03-19 22:09:34:647] <3892> 9:N;218.149.124.67;N;;3000;0;;;;
INFO	[2018-03-19 22:09:34:647] <3892> 10:
INFO	[2018-03-19 22:09:34:647] <3892> 11:
INFO	[2018-03-19 22:09:34:647] <3892> 12:김대용
INFO	[2018-03-19 22:09:34:647] <3892> 13:010-0000-0000
INFO	[2018-03-19 22:09:34:647] <3892> 14:
INFO	[2018-03-19 22:09:34:647] <3892> 15:김대용
INFO	[2018-03-19 22:09:34:647] <3892> 16:218.149.124.67;01095699876
INFO	[2018-03-19 22:09:34:647] <3892> 17:netk@daum.net;
INFO	[2018-03-19 22:09:34:647] <3892> 18:채용정보결제
INFO	[2018-03-19 22:09:34:647] <3892> 19:AAABBkd0diAYAxk1F3R2AAAAACI=
INFO	[2018-03-19 22:09:34:647] <3892> 20:MjAxODAzMTkyMjA4NTQ3MjUxMjA=
INFO	[2018-03-19 22:09:34:647] <3892> 21:05
INFO	[2018-03-19 22:09:34:647] <3892> 22:netk@daum.net
INFO	[2018-03-19 22:09:34:647] <3892> 23:AEGIS_VISAaegis_20180319220934646667
INFO	[2018-03-19 22:09:34:647] <3892> 24:
INFO	[2018-03-19 22:09:34:647] <3892> ] Send Data To PG End 
INFO	[2018-03-19 22:09:34:647] <3892> SendMsg : [0003250plug15|aegis|test_company|3000|S4A898BADEA13|9000400001|8705429013307420|914306|00|N;218.149.124.67;N;;3000;0;;;;|||김대용|010-0000-0000||김대용|218.149.124.67;01095699876|netk@daum.net;|채용정보결제|AAABBkd0diAYAxk1F3R2AAAAACI=|MjAxODAzMTkyMjA4NTQ3MjUxMjA=|05|netk@daum.net|AEGIS_VISAaegis_20180319220934646667|]
INFO	[2018-03-19 22:09:34:647] <3892> Connect IP:[121.133.126.1] Port:[29760]
INFO	[2018-03-19 22:09:34:657] <3892> Socket Open OK
INFO	[2018-03-19 22:09:34:754] <3892> RecvMsg Length : [000074]
INFO	[2018-03-19 22:09:34:754] <3892> RecvMsg : [aegis|0610|||000000003000|n|java.lang.NullPointerException|||||0||552724|
]
INFO	[2018-03-19 22:09:34:754] <3892> Socket Close OK
INFO	[2018-03-19 22:09:34:754] <3892> RecvMsg Length Check OK
INFO	[2018-03-19 22:09:34:754] <3892> Send & Recv Msg End
INFO	[2018-03-19 22:09:34:754] <3892> Send & Recv Msg OK
INFO	[2018-03-19 22:09:34:754] <3892> Parse Msg Start
INFO	[2018-03-19 22:09:34:754] <3892> card-visa3d RECV MSG Parsing OK 
INFO	[2018-03-19 22:09:34:754] <3892> Parse Msg End
INFO	[2018-03-19 22:09:34:754] <3892> Msg Parsing OK
INFO	[2018-03-19 22:09:34:754] <3892> card Pay Result Value [
INFO	[2018-03-19 22:09:34:754] <3892> NetCancID:AEGIS_VISAaegis_20180319220934646667
INFO	[2018-03-19 22:09:34:755] <3892> rStoreId:aegis
INFO	[2018-03-19 22:09:34:755] <3892> rBusiCd:0610
INFO	[2018-03-19 22:09:34:755] <3892> rOrdNo:
INFO	[2018-03-19 22:09:34:755] <3892> rApprNo:
INFO	[2018-03-19 22:09:34:755] <3892> rInstmt:00
INFO	[2018-03-19 22:09:34:755] <3892> rAmt:000000003000
INFO	[2018-03-19 22:09:34:755] <3892> rSuccYn:n
INFO	[2018-03-19 22:09:34:755] <3892> rResMsg:java.lang.NullPointerException
INFO	[2018-03-19 22:09:34:755] <3892> rCardNm:
INFO	[2018-03-19 22:09:34:755] <3892> rApprTm:
INFO	[2018-03-19 22:09:34:755] <3892> rCardCd:
INFO	[2018-03-19 22:09:34:755] <3892> rMembNo:
INFO	[2018-03-19 22:09:34:755] <3892> rAquiCd:0
INFO	[2018-03-19 22:09:34:755] <3892> rAquiNm:
INFO	[2018-03-19 22:09:34:755] <3892> rDealNo:552724
INFO	[2018-03-19 22:09:34:755] <3892> rProdNm:채용정보결제
INFO	[2018-03-19 22:09:34:755] <3892> ]
INFO	[2018-03-19 22:09:34:755] <3892> END  java.lang.NullPointerException Transaction time:[0.11sec]
INFO	[2018-03-19 22:09:34:755] <3892> ===============================================================
