INFO	[2017-07-31 04:28:12:179] <29996> START INIPHP securepay (V5034-120709)(OS:Linux2.6.32-642.13.1.el6.x86_64,PHP:5.2.17)
DEBUG	[2017-07-31 04:28:12:179] <29996> inipayhome:/home/njob/public_html/modules/paygate/INIpay50
DEBUG	[2017-07-31 04:28:12:179] <29996> type:securepay
DEBUG	[2017-07-31 04:28:12:179] <29996> pgid:INIphp
DEBUG	[2017-07-31 04:28:12:179] <29996> subpgip:203.238.3.10
DEBUG	[2017-07-31 04:28:12:179] <29996> admin:
DEBUG	[2017-07-31 04:28:12:179] <29996> debug:true
DEBUG	[2017-07-31 04:28:12:179] <29996> uid:
DEBUG	[2017-07-31 04:28:12:179] <29996> goodname:
DEBUG	[2017-07-31 04:28:12:179] <29996> currency:
DEBUG	[2017-07-31 04:28:12:179] <29996> mid:
DEBUG	[2017-07-31 04:28:12:179] <29996> rn:
DEBUG	[2017-07-31 04:28:12:179] <29996> price:
DEBUG	[2017-07-31 04:28:12:179] <29996> enctype:asym
DEBUG	[2017-07-31 04:28:12:179] <29996> buyername:
DEBUG	[2017-07-31 04:28:12:179] <29996> buyertel:
DEBUG	[2017-07-31 04:28:12:179] <29996> buyeremail:
DEBUG	[2017-07-31 04:28:12:179] <29996> paymethod:
DEBUG	[2017-07-31 04:28:12:179] <29996> encrypted:
DEBUG	[2017-07-31 04:28:12:179] <29996> sessionkey:
DEBUG	[2017-07-31 04:28:12:179] <29996> url:http://njob.netfu.co.kr
DEBUG	[2017-07-31 04:28:12:179] <29996> cardcode:
DEBUG	[2017-07-31 04:28:12:179] <29996> parentemail:
DEBUG	[2017-07-31 04:28:12:179] <29996> recvname:
DEBUG	[2017-07-31 04:28:12:179] <29996> recvtel:
DEBUG	[2017-07-31 04:28:12:179] <29996> recvaddr:
DEBUG	[2017-07-31 04:28:12:179] <29996> recvpostnum:
DEBUG	[2017-07-31 04:28:12:179] <29996> recvmsg:
DEBUG	[2017-07-31 04:28:12:179] <29996> joincard:
DEBUG	[2017-07-31 04:28:12:179] <29996> joinexpire:
DEBUG	[2017-07-31 04:28:12:179] <29996> id_customer:
ERROR	[2017-07-31 04:28:12:196] <29996> 필수항목(mid)이 누락되었습니다.
INFO	[2017-07-31 04:28:12:196] <29996> END securepay [TX9202|필수항목(mid)이 누락되었습니다.] Laptime:[0.02sec]
INFO	[2017-07-31 04:28:12:196] <29996> ===============================================================
