[2014-09-04 14:03:07.690] # OKNAME v3.70 start!<br>
[2014-09-04 14:03:07.690] # mode=HS_CNFRM_POPUP<br>
[2014-09-04 14:03:07.690] # Parameter IP: 	114.108.128.129<br>
[2014-09-04 14:03:07.690] # argv[ 1](hs_cert_svc_tx_seqno)=2014090414030748100<br>
[2014-09-04 14:03:07.690] # argv[ 2](nm)= 하이루<br>
[2014-09-04 14:03:07.691] # argv[ 3](brdt)=19900210<br>
[2014-09-04 14:03:07.691] # argv[ 4](sex)=1<br>
[2014-09-04 14:03:07.691] # argv[ 5](ntv_frnr_tp_cd)=1<br>
[2014-09-04 14:03:07.691] # argv[ 6](var1)=01<br>
[2014-09-04 14:03:07.691] # argv[ 7](var2)=01092218536<br>
[2014-09-04 14:03:07.691] # argv[ 8](var3)=0<br>
[2014-09-04 14:03:07.691] # argv[ 9](var4)=0<br>
[2014-09-04 14:03:07.691] # argv[10](var5)=0<br>
[2014-09-04 14:03:07.691] # argv[11](return_msg)=x<br>
[2014-09-04 14:03:07.691] # argv[12](return_url)=http://alba.netfu.co.kr/n_alba/modules/okname/hs_cnfrm/cnfrm_popup2.php<br>
[2014-09-04 14:03:07.691] # argv[13](in_tp_bit)=15<br>
[2014-09-04 14:03:07.691] # argv[14](hs_cert_msr_cd)=10<br>
[2014-09-04 14:03:07.691] # argv[15](hs_cert_rqst_caus_cd)=00<br>
[2014-09-04 14:03:07.691] # argv[16](idcf_mbr_com_cd)=V00000000000<br>
[2014-09-04 14:03:07.691] # argv[17](server_ip)=114.108.128.129<br>
[2014-09-04 14:03:07.691] # argv[18](client_site_nm)=alba.netfu.co.kr<br>
[2014-09-04 14:03:07.691] # argv[19](end_point_url)=http://tsafe.ok-name.co.kr:29080/KcbWebService/OkNameService<br>
[2014-09-04 14:03:07.691] # argv[20](log_path)=/home/alba/public_html/n_alba/modules/okname/log<br>
[2014-09-04 14:03:07.691] # argv[21](option)=QL<br>
[2014-09-04 14:03:07.691] # soap_timeout: 30000 ms<br>
[2014-09-04 14:03:07.732] # key   : AwDXgBkdmMq/tvBe8nSvoOJJu44YEw==:RcyPUOwjtOoyuyc5iuE20A==<br>
[2014-09-04 14:03:07.732] # spkey : AwDXgBkdmMq/tvBe8nSvoOJJu44YEw==<br>
[2014-09-04 14:03:07.732] # ssig  : RcyPUOwjtOoyuyc5iuE20A==<br>
[2014-09-04 14:03:07.734] # nm               :  하이루<br>
[2014-09-04 14:03:07.734] # brdt             : 19900210<br>
[2014-09-04 14:03:07.734] # e_nm             : Uwq6hnklwQ==<br>
[2014-09-04 14:03:07.734] # e_brdt           : QvRMdoWgF8s=<br>
[2014-09-04 14:03:07.734] # cpkey : AwGKkgTqxNWReADIvWOFNQEKTalUgA==<br>
[2014-09-04 14:03:07.734] # csig  : JhYSrEojcpNDrmHF4f8zgw==<br>
[2014-09-04 14:03:07.766] retmsg: Mf1Ffo9ankS1T6RHxCOM+Ft8IEI+jsq+NNE63JnbKgGPJrbObcvfBA2vhDKW2cSoZTSHsh3jU886Cta4ZmMXrL/xLJg3SEVwW0nHBKlifw2+1VpZf3VWW1OC0tO7SjtZVoXdkK28nc96l7/agHrsKIJij7tV3/V1C9lo8YXkB1aq5WA+0LDfdZn0P6Yef2g5tsmYuYfYcZEcc39OJtQDT1sQmwqG8AAHGrtpq2xT27pth/7OhO1PpJl7txtGqRlbL+UBG35HHJMaUeQXO/8VZS2H5B24aCAx8vyklla4q1KPVftRSLnE9ZCW+51/BkM7088K7GgMqwkLB6izFVk=
[2014-09-04 14:03:07.766] retmsg: B008:회원사 정보가 존재하지 않습니다.:RuOtuDWMKBYx9YFHHtKsNtxrHtNAq+kITRwPIu2Y5L9NQcBKnZrvoOKVCkQpc/dfnU1EKSN1kP2hpbGELUG1kNCN7Ep3jRNOlTeXp796JEhTLiDRkB8YmSwmsWAktJbfBHaV0+/Dp/lM/JHI+iRUcF1UXjbB08NaJvkuYXdRplCMkiE8ZHBCMef6QasrQzTgrxOGbxBFO/w+cDlt9neuWg==
[2014-09-04 14:03:07.767] B008
[2014-09-04 14:03:07.767] 회원사 정보가 존재하지 않습니다.
[2014-09-04 14:03:07.767] RuOtuDWMKBYx9YFHHtKsNtxrHtNAq+kITRwPIu2Y5L9NQcBKnZrvoOKVCkQpc/dfnU1EKSN1kP2hpbGELUG1kNCN7Ep3jRNOlTeXp796JEhTLiDRkB8YmSwmsWAktJbfBHaV0+/Dp/lM/JHI+iRUcF1UXjbB08NaJvkuYXdRplCMkiE8ZHBCMef6QasrQzTgrxOGbxBFO/w+cDlt9neuWg==
[2014-09-04 14:03:07.767] # final ret code=8<br>
[2014-09-04 14:03:14.290] # OKNAME v3.70 start!<br>
[2014-09-04 14:03:14.290] # mode=HS_CNFRM_POPUP<br>
[2014-09-04 14:03:14.290] # Parameter IP: 	114.108.128.129<br>
[2014-09-04 14:03:14.290] # argv[ 1](hs_cert_svc_tx_seqno)=20140904140314478090<br>
[2014-09-04 14:03:14.290] # argv[ 2](nm)= 하이루<br>
[2014-09-04 14:03:14.290] # argv[ 3](brdt)=19900210<br>
[2014-09-04 14:03:14.290] # argv[ 4](sex)=1<br>
[2014-09-04 14:03:14.290] # argv[ 5](ntv_frnr_tp_cd)=1<br>
[2014-09-04 14:03:14.290] # argv[ 6](var1)=01<br>
[2014-09-04 14:03:14.290] # argv[ 7](var2)=01092218536<br>
[2014-09-04 14:03:14.290] # argv[ 8](var3)=0<br>
[2014-09-04 14:03:14.290] # argv[ 9](var4)=0<br>
[2014-09-04 14:03:14.290] # argv[10](var5)=0<br>
[2014-09-04 14:03:14.290] # argv[11](return_msg)=x<br>
[2014-09-04 14:03:14.291] # argv[12](return_url)=http://alba.netfu.co.kr/n_alba/modules/okname/hs_cnfrm/cnfrm_popup2.php<br>
[2014-09-04 14:03:14.291] # argv[13](in_tp_bit)=15<br>
[2014-09-04 14:03:14.291] # argv[14](hs_cert_msr_cd)=10<br>
[2014-09-04 14:03:14.291] # argv[15](hs_cert_rqst_caus_cd)=00<br>
[2014-09-04 14:03:14.291] # argv[16](idcf_mbr_com_cd)=V00000000000<br>
[2014-09-04 14:03:14.291] # argv[17](server_ip)=114.108.128.129<br>
[2014-09-04 14:03:14.291] # argv[18](client_site_nm)=alba.netfu.co.kr<br>
[2014-09-04 14:03:14.291] # argv[19](end_point_url)=http://tsafe.ok-name.co.kr:29080/KcbWebService/OkNameService<br>
[2014-09-04 14:03:14.291] # argv[20](log_path)=/home/alba/public_html/n_alba/modules/okname/log<br>
[2014-09-04 14:03:14.291] # argv[21](option)=QL<br>
[2014-09-04 14:03:14.291] # soap_timeout: 30000 ms<br>
[2014-09-04 14:03:14.329] # key   : AwFHY6d0aGcWNmy8CbiG0K9AutQmIQ==:78grVWIAY8e+1NZtF4b9IQ==<br>
[2014-09-04 14:03:14.329] # spkey : AwFHY6d0aGcWNmy8CbiG0K9AutQmIQ==<br>
[2014-09-04 14:03:14.329] # ssig  : 78grVWIAY8e+1NZtF4b9IQ==<br>
[2014-09-04 14:03:14.330] # nm               :  하이루<br>
[2014-09-04 14:03:14.330] # brdt             : 19900210<br>
[2014-09-04 14:03:14.330] # e_nm             : d/yUtxRXog==<br>
[2014-09-04 14:03:14.331] # e_brdt           : ZgJiR+jSdJw=<br>
[2014-09-04 14:03:14.331] # cpkey : AwInKyPw61TEk9h75ggOLCditaBOaA==<br>
[2014-09-04 14:03:14.331] # csig  : b7UZjbCJbi3PbAZu9APv1A==<br>
[2014-09-04 14:03:14.359] retmsg: FQtrT+Io/ROB2iJQyG7M6ANv4P5GpiYsGtPTlkrBrBbS8ADQRrp4xiLUyf3xtB65rLLBo6wdUMXawIJpPsCxIovoPCPB6vEkU8naTRNQadrk0yHr4iLcgDBskzy3JKAoIwXUZFcgY73SWdElNqapY6VWZYw78g2w4/WA7t3CspHdKzfkUlT5ydx3rTvLAZafkH/Cj3nC7SsgE9/6KQY7wMk07JcaxcJjFhwlcuqCStgpaWHjJNbfCqlC5oOWr0CexkGvL6V0FGv/mJJcasP9YKfJTBGBZn7jtxXVG/a5HQY2gqXvsijE7Rh6FiQkR5WG3fnKWR03XWZgXGJDLCI=
[2014-09-04 14:03:14.359] retmsg: B008:회원사 정보가 존재하지 않습니다.:RuOtuDWMKBYx9YFHHtKsNt4f8v0tkbT4hvN0mJ4bSjiAQ53woeILFJerYq1U+xTXCfGboo5bWGXOS7ybyLi/NBjuAEUF7q0ZC32PUg6sQfhmjsGvbqUEepDqCNu3ADCctrF4xUW4blDX2+wF7VcztAMEbiOrQiqhr6iHT+dkytP87pDQvPNyTcouoV/b9aHjMfaELOo7F4kv+Itf7bY2qQ==
[2014-09-04 14:03:14.359] B008
[2014-09-04 14:03:14.359] 회원사 정보가 존재하지 않습니다.
[2014-09-04 14:03:14.359] RuOtuDWMKBYx9YFHHtKsNt4f8v0tkbT4hvN0mJ4bSjiAQ53woeILFJerYq1U+xTXCfGboo5bWGXOS7ybyLi/NBjuAEUF7q0ZC32PUg6sQfhmjsGvbqUEepDqCNu3ADCctrF4xUW4blDX2+wF7VcztAMEbiOrQiqhr6iHT+dkytP87pDQvPNyTcouoV/b9aHjMfaELOo7F4kv+Itf7bY2qQ==
[2014-09-04 14:03:14.359] # final ret code=8<br>
