[2017-02-07 16:00:15.014] # OKNAME v3.70 start!<br>
[2017-02-07 16:00:15.015] # mode=HS_CNFRM_POPUP<br>
[2017-02-07 16:00:15.015] # Parameter IP: 	114.108.128.129<br>
[2017-02-07 16:00:15.015] # argv[ 1](hs_cert_svc_tx_seqno)=20170207160015701560<br>
[2017-02-07 16:00:15.015] # argv[ 2](nm)=이호선<br>
[2017-02-07 16:00:15.015] # argv[ 3](brdt)=19770903<br>
[2017-02-07 16:00:15.015] # argv[ 4](sex)=1<br>
[2017-02-07 16:00:15.015] # argv[ 5](ntv_frnr_tp_cd)=1<br>
[2017-02-07 16:00:15.015] # argv[ 6](var1)=03<br>
[2017-02-07 16:00:15.015] # argv[ 7](var2)=01077583657<br>
[2017-02-07 16:00:15.015] # argv[ 8](var3)=0<br>
[2017-02-07 16:00:15.015] # argv[ 9](var4)=0<br>
[2017-02-07 16:00:15.015] # argv[10](var5)=0<br>
[2017-02-07 16:00:15.015] # argv[11](return_msg)=x<br>
[2017-02-07 16:00:15.015] # argv[12](return_url)=http://njob.netfu.co.kr/modules/okname/hs_cnfrm/adultfrm_popup2.php<br>
[2017-02-07 16:00:15.015] # argv[13](in_tp_bit)=15<br>
[2017-02-07 16:00:15.015] # argv[14](hs_cert_msr_cd)=10<br>
[2017-02-07 16:00:15.015] # argv[15](hs_cert_rqst_caus_cd)=00<br>
[2017-02-07 16:00:15.015] # argv[16](idcf_mbr_com_cd)=V05280000000<br>
[2017-02-07 16:00:15.015] # argv[17](server_ip)=114.108.128.129<br>
[2017-02-07 16:00:15.015] # argv[18](client_site_nm)=njob.netfu.co.kr<br>
[2017-02-07 16:00:15.015] # argv[19](end_point_url)=http://tsafe.ok-name.co.kr:29080/KcbWebService/OkNameService<br>
[2017-02-07 16:00:15.015] # argv[20](log_path)=/home/njob/public_html/.//modules/okname/log<br>
[2017-02-07 16:00:15.015] # argv[21](option)=QL<br>
[2017-02-07 16:00:15.016] # soap_timeout: 30000 ms<br>
[2017-02-07 16:00:15.073] # key   : AwPMfFLvSxzWUA+42EJlvqh4BLXLFQ==:4O6Ng/ZDYj2OdPNeLeQM2g==<br>
[2017-02-07 16:00:15.073] # spkey : AwPMfFLvSxzWUA+42EJlvqh4BLXLFQ==<br>
[2017-02-07 16:00:15.073] # ssig  : 4O6Ng/ZDYj2OdPNeLeQM2g==<br>
[2017-02-07 16:00:15.076] # nm               : 이호선<br>
[2017-02-07 16:00:15.076] # brdt             : 19770903<br>
[2017-02-07 16:00:15.076] # e_nm             : xWD42vS6<br>
[2017-02-07 16:00:15.076] # e_brdt           : NJUHTngy7aw=<br>
[2017-02-07 16:00:15.076] # cpkey : AwAPBC5xb86GtJQkKvxTfxT52s6L8g==<br>
[2017-02-07 16:00:15.076] # csig  : WstU21lxdjxdHbNYXJBVTQ==<br>
[2017-02-07 16:00:15.112] retmsg: R5wASXLKeST7d1BV6SZ/YLqSGIh7F1VKkKeGQtMTuARytOHRWvc+i030z4YTR7UsvsEFa4KVqebiVKott5dmQ6HlRd7DhBhjrjNvajpRr8wfuOOW5p/sza0Ahy9/7k1fjN4J9tYCPcLToix4rJcwafMxf4izqaTZ2ILKgM8HknmumOZ6AMCbMVHTP2N2MtdegLfzg2sGjj27xPN3LMXT7cRZLrTHGCjEugzgd1cs6PjO2yg7goCstKyGHc6hSXn3MV8s5H+D3M0RROEJj7sqUgB0AB4zF7wfmosZ56BJKEiJtugp2jLV4Kbmao3tzhjtcP91htgrbqHVWZUKtu0c2cw3hwTFERVVBtA=
[2017-02-07 16:00:15.112] retmsg: B000:정상:kYFvkgmfTi0CDDkL3FAZ/BBs2YKmoL+zOFJXUyZm8jeynsi/l3qPaFneSfLscAA06VbOX8kD2vDW3zmjj1MHdrjCxqaiRQYJfjLGyZ9WWAYLnNSvsetxisZ+vty3Xa1eGajld1REyDjf0SEBV7oJf2gDgeMgv+JJA1ZSU+gR/OeQNCsFaquMAiLcBAEu9CC8A+yY4E4eq37+tR/tnF4WpQHBt4JcMZhFIiYktlIqg9boS+YOLPKmgE6b0DURTA7E
[2017-02-07 16:00:15.112] B000
[2017-02-07 16:00:15.112] 정상
[2017-02-07 16:00:15.112] kYFvkgmfTi0CDDkL3FAZ/BBs2YKmoL+zOFJXUyZm8jeynsi/l3qPaFneSfLscAA06VbOX8kD2vDW3zmjj1MHdrjCxqaiRQYJfjLGyZ9WWAYLnNSvsetxisZ+vty3Xa1eGajld1REyDjf0SEBV7oJf2gDgeMgv+JJA1ZSU+gR/OeQNCsFaquMAiLcBAEu9CC8A+yY4E4eq37+tR/tnF4WpQHBt4JcMZhFIiYktlIqg9boS+YOLPKmgE6b0DURTA7E
[2017-02-07 16:00:15.112] # final ret code=0<br>
[2017-02-07 16:01:20.992] # OKNAME v3.70 start!<br>
[2017-02-07 16:01:20.992] # mode=IPIN_CKDEC<br>
[2017-02-07 16:01:20.992] # argv[ 1](keypath    )=/home/njob/public_html/.//modules/okname/okname.key<br>
[2017-02-07 16:01:20.992] # argv[ 2](memid      )=V05280000000<br>
[2017-02-07 16:01:20.992] # argv[ 3](EndPointURL)=http://tsafe.ok-name.co.kr:29080/KcbWebService/OkNameService<br>
[2017-02-07 16:01:20.992] # argv[ 4](cPubKey     )=AgFtFYatVc89KDh4u+OtqKINBxlmOA==<br>
[2017-02-07 16:01:20.992] # argv[ 5](cSig )=Yd246WIgwqbd8SFTpYdBvg==<br>
[2017-02-07 16:01:20.992] # argv[ 6](EncData  )=Sm4ilqRCB1drV7ywM75OXoJkzalytS0E4sfeF/RAaKk2MEx3tuEGA/rBGPE7o+ppA4oZh6i2+41DeBJgsDNCO4z0IsBFq2up6EgEJXpa2GllKzbmeJGF0IFIo92LqeR6MaxLD8WYON2WbqNnIHaummXjI+XomXN/1USDogbZ4n6HgRJYGb56j0uO/ZxMlYixTvuyP+yHNFutg2bWTwTUnBlZN2Sce5qmvjNqqsS+KFuzLtDPtGXM1UmWEK1lYTyCJc+yuU0co0VIAneYibm27i3hRAhsIuVRpFxyzGghXKuPYOgdPEbUKQCUoSio+3p1cXhdjjRWKN4ir8yFXg==<br>
[2017-02-07 16:01:20.992] # argv[ 7](logpath	)=/home/njob/public_html/.//modules/okname/log<br>
[2017-02-07 16:01:20.992] # argv[ 8](Option     )=SL<br>
[2017-02-07 16:01:20.992] # Generating monthly key..
[2017-02-07 16:01:20.992] pub1: AgV2BpDTbi8sozf5HJxUVgvRHLZuXQ==
[2017-02-07 16:01:20.992] pri1: ApTVC8Oofn7T5tZjikSgWwPaB4yT
[2017-02-07 16:01:20.992] sig1: Oef0aqFOKvEmgL4M5/0L/Q==
[2017-02-07 16:01:20.992] # soap_timeout: 30000 ms<br>
[2017-02-07 16:01:21.033] retmsg: AgS6flodcfPtgpCLRplu07vYtkb3Tg==:JucviCrqv2qZZ0BsC/53XA==:0OMiyID7vcwniEIVJ1muHKp/Lq2EVBeDwBImgbJmDI2Gy5Y6VmIkHq+ZqO4O/DL9sTcsCCvgdRsmS2fz318vkINuF5wln38mZMR9QLrhx58XYNBqnCw=
[2017-02-07 16:01:21.033] pub3: AgS6flodcfPtgpCLRplu07vYtkb3Tg==
[2017-02-07 16:01:21.033] sig3: JucviCrqv2qZZ0BsC/53XA==
[2017-02-07 16:01:21.033] pub2pri2sig2: 0OMiyID7vcwniEIVJ1muHKp/Lq2EVBeDwBImgbJmDI2Gy5Y6VmIkHq+ZqO4O/DL9sTcsCCvgdRsmS2fz318vkINuF5wln38mZMR9QLrhx58XYNBqnCw=
[2017-02-07 16:01:21.033] srvSecurekey: AvUYBZ7ixeyesHLR4qokqvJC4D0E
[2017-02-07 16:01:21.033] decData: AwJQbR1gLnlKqX5WtrYOiS7bd5y39A==:A44Fb9J7MAmo8QtUkLAuQJv22Nlr:1SOFc9MclLfVQXzLpPemwg==
[2017-02-07 16:01:21.045] # Current month<br>
[2017-02-07 16:01:21.045] # public_key   : AwJQbR1gLnlKqX5WtrYOiS7bd5y39A==<br>
[2017-02-07 16:01:21.045] # private_key  : A44Fb9J7MAmo8QtUkLAuQJv22Nlr<br>
[2017-02-07 16:01:21.045] # signature    : 1SOFc9MclLfVQXzLpPemwg==<br>
[2017-02-07 16:01:21.045] # Last month<br>
[2017-02-07 16:01:21.045] # public_key1  : AgZuKqN0VwIpgU6JA0zjdrFGzZxQkQ==<br>
[2017-02-07 16:01:21.045] # private_key1 : AYkInNtBDSJXJ8eCB2YtaTN2ZlE8<br>
[2017-02-07 16:01:21.045] # signature1   : X+zqgpzIPOS5IkT0hWbZJA==<br>
[2017-02-07 16:01:21.046] # clnPublicKey : AgFtFYatVc89KDh4u+OtqKINBxlmOA==<br>
[2017-02-07 16:01:21.046] # clnSignature : Yd246WIgwqbd8SFTpYdBvg==<br>
[2017-02-07 16:01:21.046] # srvPrivateKey: A44Fb9J7MAmo8QtUkLAuQJv22Nlr<br>
[2017-02-07 16:01:21.046] # srvSecurekey : BPD5DuUI27PuMalJEEHr0N8aELXF<br>
[2017-02-07 16:01:21.046] # decData      : B000|본인인증 완료|20170207160015701560|20170207155838|MC0GCCqGSIb3DQIJAyEAfJeZRSMQhJzr2D4tl7rXit4BUzF/HeJqNUS8pGfqvTo=|w+eC6KpljghPhi3+qQ3WE+5qt7wQ4PhZ3c5Yed29zimq2NYGwfunMMOLbDERRWcanzuVNAg2TQRJPYn5hSle9g==| |이호선|19770903|1|1|03|01077583657| | | |x<br>
[2017-02-07 16:01:21.046] B000
[2017-02-07 16:01:21.046] 본인인증 완료
[2017-02-07 16:01:21.046] 20170207160015701560
[2017-02-07 16:01:21.046] 20170207155838
[2017-02-07 16:01:21.046] MC0GCCqGSIb3DQIJAyEAfJeZRSMQhJzr2D4tl7rXit4BUzF/HeJqNUS8pGfqvTo=
[2017-02-07 16:01:21.046] w+eC6KpljghPhi3+qQ3WE+5qt7wQ4PhZ3c5Yed29zimq2NYGwfunMMOLbDERRWcanzuVNAg2TQRJPYn5hSle9g==
[2017-02-07 16:01:21.046]  
[2017-02-07 16:01:21.046] 이호선
[2017-02-07 16:01:21.046] 19770903
[2017-02-07 16:01:21.046] 1
[2017-02-07 16:01:21.046] 1
[2017-02-07 16:01:21.046] 03
[2017-02-07 16:01:21.046] 01077583657
[2017-02-07 16:01:21.046]  
[2017-02-07 16:01:21.046]  
[2017-02-07 16:01:21.046]  
[2017-02-07 16:01:21.046] x
[2017-02-07 16:01:21.046] # final ret code=0<br>
