[2015-04-08 09:13:23.220] # OKNAME v3.70 start!<br>
[2015-04-08 09:13:23.220] # mode=IPIN_CKEY<br>
[2015-04-08 09:13:23.220] # argv[ 1](keypath    )=/home/njob/public_html/.//modules/okname/okname.key<br>
[2015-04-08 09:13:23.220] # argv[ 2](memid      )=V05280000000<br>
[2015-04-08 09:13:23.220] # argv[ 3](reserved1  )=0<br>
[2015-04-08 09:13:23.220] # argv[ 4](reserved2  )=0<br>
[2015-04-08 09:13:23.220] # argv[ 5](EndPointURL)=http://twww.ok-name.co.kr:8888/KcbWebService/OkNameService<br>
[2015-04-08 09:13:23.220] # argv[ 6](logpath	)=/home/njob/public_html/.//modules/okname/log<br>
[2015-04-08 09:13:23.220] # argv[ 7](Option     )=CL<br>
[2015-04-08 09:13:23.220] AgGxorE/4qMsmx5WGYNUxz/mD3h3GQ==
[2015-04-08 09:13:23.220] 6pARdD/gKiv3KQHpN3vCFw==
[2015-04-08 09:13:23.221] 20150408091323220328
[2015-04-08 09:13:23.221] # final ret code=0<br>
[2015-04-08 09:13:39.230] # OKNAME v3.70 start!<br>
[2015-04-08 09:13:39.231] # mode=IPIN_CKEY<br>
[2015-04-08 09:13:39.231] # argv[ 1](keypath    )=/home/njob/public_html/.//modules/okname/okname.key<br>
[2015-04-08 09:13:39.231] # argv[ 2](memid      )=V05280000000<br>
[2015-04-08 09:13:39.231] # argv[ 3](reserved1  )=0<br>
[2015-04-08 09:13:39.231] # argv[ 4](reserved2  )=0<br>
[2015-04-08 09:13:39.231] # argv[ 5](EndPointURL)=http://twww.ok-name.co.kr:8888/KcbWebService/OkNameService<br>
[2015-04-08 09:13:39.231] # argv[ 6](logpath	)=/home/njob/public_html/.//modules/okname/log<br>
[2015-04-08 09:13:39.231] # argv[ 7](Option     )=CL<br>
[2015-04-08 09:13:39.231] AgGxorE/4qMsmx5WGYNUxz/mD3h3GQ==
[2015-04-08 09:13:39.231] 6pARdD/gKiv3KQHpN3vCFw==
[2015-04-08 09:13:39.231] 20150408091339231003
[2015-04-08 09:13:39.231] # final ret code=0<br>
[2015-04-08 09:14:20.931] # OKNAME v3.70 start!<br>
[2015-04-08 09:14:20.931] # mode=IPIN_CKEY<br>
[2015-04-08 09:14:20.931] # argv[ 1](keypath    )=/home/njob/public_html/.//modules/okname/okname.key<br>
[2015-04-08 09:14:20.931] # argv[ 2](memid      )=V05280000000<br>
[2015-04-08 09:14:20.931] # argv[ 3](reserved1  )=0<br>
[2015-04-08 09:14:20.931] # argv[ 4](reserved2  )=0<br>
[2015-04-08 09:14:20.931] # argv[ 5](EndPointURL)=http://twww.ok-name.co.kr:8888/KcbWebService/OkNameService<br>
[2015-04-08 09:14:20.931] # argv[ 6](logpath	)=/home/njob/public_html/.//modules/okname/log<br>
[2015-04-08 09:14:20.931] # argv[ 7](Option     )=CL<br>
[2015-04-08 09:14:20.931] AgGxorE/4qMsmx5WGYNUxz/mD3h3GQ==
[2015-04-08 09:14:20.932] 6pARdD/gKiv3KQHpN3vCFw==
[2015-04-08 09:14:20.932] 20150408091420931326
[2015-04-08 09:14:20.932] # final ret code=0<br>
[2015-04-08 09:14:27.079] # OKNAME v3.70 start!<br>
[2015-04-08 09:14:27.079] # mode=IPIN_CKEY<br>
[2015-04-08 09:14:27.079] # argv[ 1](keypath    )=/home/njob/public_html/.//modules/okname/okname.key<br>
[2015-04-08 09:14:27.079] # argv[ 2](memid      )=V05280000000<br>
[2015-04-08 09:14:27.079] # argv[ 3](reserved1  )=0<br>
[2015-04-08 09:14:27.079] # argv[ 4](reserved2  )=0<br>
[2015-04-08 09:14:27.079] # argv[ 5](EndPointURL)=http://twww.ok-name.co.kr:8888/KcbWebService/OkNameService<br>
[2015-04-08 09:14:27.079] # argv[ 6](logpath	)=/home/njob/public_html/.//modules/okname/log<br>
[2015-04-08 09:14:27.079] # argv[ 7](Option     )=CL<br>
[2015-04-08 09:14:27.079] AgGxorE/4qMsmx5WGYNUxz/mD3h3GQ==
[2015-04-08 09:14:27.079] 6pARdD/gKiv3KQHpN3vCFw==
[2015-04-08 09:14:27.079] 20150408091427079641
[2015-04-08 09:14:27.079] # final ret code=0<br>
[2015-04-08 09:14:52.014] # OKNAME v3.70 start!<br>
[2015-04-08 09:14:52.014] # mode=IPIN_CKEY<br>
[2015-04-08 09:14:52.014] # argv[ 1](keypath    )=/home/njob/public_html/.//modules/okname/okname.key<br>
[2015-04-08 09:14:52.014] # argv[ 2](memid      )=V05280000000<br>
[2015-04-08 09:14:52.014] # argv[ 3](reserved1  )=0<br>
[2015-04-08 09:14:52.014] # argv[ 4](reserved2  )=0<br>
[2015-04-08 09:14:52.014] # argv[ 5](EndPointURL)=http://twww.ok-name.co.kr:8888/KcbWebService/OkNameService<br>
[2015-04-08 09:14:52.014] # argv[ 6](logpath	)=/home/njob/public_html/.//modules/okname/log<br>
[2015-04-08 09:14:52.014] # argv[ 7](Option     )=CL<br>
[2015-04-08 09:14:52.014] # Generating monthly key..
[2015-04-08 09:14:52.015] pub1: AwDl5OVDkVgmjQMn6UtIaDPBKEU/hQ==
[2015-04-08 09:14:52.015] pri1: AZCMBCsZXXwo4FZV1kcfgMp5gcuz
[2015-04-08 09:14:52.015] sig1: d3KUoXWU4K2xoYVaQXSr0A==
[2015-04-08 09:14:52.015] # soap_timeout: 30000 ms<br>
[2015-04-08 09:14:52.081] retmsg: AwaZYB0Mt1IyS/yPqJyDRNljEgtOjw==:OS/Nwbk/ea5uLcW65yoN1w==:a689wXEf3E4nAtzgXA6PwbUpV/X02IN0vdKPwlD8X1KY4KQicm81GihKrqSZUD4+xON74xI/PK0iAcRbaFl7WPmSOofVKScSDH+93rWmuCl4y+m/3Wk=
[2015-04-08 09:14:52.081] pub3: AwaZYB0Mt1IyS/yPqJyDRNljEgtOjw==
[2015-04-08 09:14:52.081] sig3: OS/Nwbk/ea5uLcW65yoN1w==
[2015-04-08 09:14:52.082] pub2pri2sig2: a689wXEf3E4nAtzgXA6PwbUpV/X02IN0vdKPwlD8X1KY4KQicm81GihKrqSZUD4+xON74xI/PK0iAcRbaFl7WPmSOofVKScSDH+93rWmuCl4y+m/3Wk=
[2015-04-08 09:14:52.083] srvSecurekey: ABSXoEe0MyKB3X5yqW7cpU2GkGSz
[2015-04-08 09:14:52.083] decData: AgGxorE/4qMsmx5WGYNUxz/mD3h3GQ==:AO1pIepIr0D7n23sLILQmAQdyqz6:6pARdD/gKiv3KQHpN3vCFw==
[2015-04-08 09:14:52.083] # Current month<br>
[2015-04-08 09:14:52.083] # public_key   : AgGxorE/4qMsmx5WGYNUxz/mD3h3GQ==<br>
[2015-04-08 09:14:52.083] # private_key  : AO1pIepIr0D7n23sLILQmAQdyqz6<br>
[2015-04-08 09:14:52.083] # signature    : 6pARdD/gKiv3KQHpN3vCFw==<br>
[2015-04-08 09:14:52.083] # Last month<br>
[2015-04-08 09:14:52.083] # public_key1  : <br>
[2015-04-08 09:14:52.083] # private_key1 : <br>
[2015-04-08 09:14:52.083] # signature1   : <br>
[2015-04-08 09:14:52.083] AgGxorE/4qMsmx5WGYNUxz/mD3h3GQ==
[2015-04-08 09:14:52.083] 6pARdD/gKiv3KQHpN3vCFw==
[2015-04-08 09:14:52.083] 20150408091452083348
[2015-04-08 09:14:52.083] # final ret code=0<br>
[2015-04-08 09:16:03.203] # OKNAME v3.70 start!<br>
[2015-04-08 09:16:03.203] # mode=IPIN_CKEY<br>
[2015-04-08 09:16:03.203] # argv[ 1](keypath    )=/home/njob/public_html/.//modules/okname/okname.key<br>
[2015-04-08 09:16:03.203] # argv[ 2](memid      )=V05280000000<br>
[2015-04-08 09:16:03.203] # argv[ 3](reserved1  )=0<br>
[2015-04-08 09:16:03.203] # argv[ 4](reserved2  )=0<br>
[2015-04-08 09:16:03.203] # argv[ 5](EndPointURL)=http://www.ok-name.co.kr/KcbWebService/OkNameService<br>
[2015-04-08 09:16:03.203] # argv[ 6](logpath	)=/home/njob/public_html/.//modules/okname/log<br>
[2015-04-08 09:16:03.203] # argv[ 7](Option     )=CL<br>
[2015-04-08 09:16:03.203] AgGxorE/4qMsmx5WGYNUxz/mD3h3GQ==
[2015-04-08 09:16:03.203] 6pARdD/gKiv3KQHpN3vCFw==
[2015-04-08 09:16:03.203] 20150408091603203718
[2015-04-08 09:16:03.204] # final ret code=0<br>
[2015-04-08 09:17:17.934] # OKNAME v3.70 start!<br>
[2015-04-08 09:17:17.934] # mode=IPIN_CKEY<br>
[2015-04-08 09:17:17.934] # argv[ 1](keypath    )=/home/njob/public_html/.//modules/okname/okname.key<br>
[2015-04-08 09:17:17.934] # argv[ 2](memid      )=V05280000000<br>
[2015-04-08 09:17:17.934] # argv[ 3](reserved1  )=0<br>
[2015-04-08 09:17:17.934] # argv[ 4](reserved2  )=0<br>
[2015-04-08 09:17:17.934] # argv[ 5](EndPointURL)=http://www.ok-name.co.kr/KcbWebService/OkNameService<br>
[2015-04-08 09:17:17.934] # argv[ 6](logpath	)=/home/njob/public_html/.//modules/okname/log<br>
[2015-04-08 09:17:17.934] # argv[ 7](Option     )=CL<br>
[2015-04-08 09:17:17.935] AgGxorE/4qMsmx5WGYNUxz/mD3h3GQ==
[2015-04-08 09:17:17.935] 6pARdD/gKiv3KQHpN3vCFw==
[2015-04-08 09:17:17.935] 20150408091717935462
[2015-04-08 09:17:17.935] # final ret code=0<br>
[2015-04-08 09:17:33.145] # OKNAME v3.70 start!<br>
[2015-04-08 09:17:33.146] # mode=IPIN_CKDEC<br>
[2015-04-08 09:17:33.146] # argv[ 1](keypath    )=/home/njob/public_html/.//modules/okname/okname.key<br>
[2015-04-08 09:17:33.146] # argv[ 2](memid      )=V05280000000<br>
[2015-04-08 09:17:33.146] # argv[ 3](EndPointURL)=http://www.ok-name.co.kr/KcbWebService/OkNameService<br>
[2015-04-08 09:17:33.146] # argv[ 4](cPubKey     )=AgdGpLZirddK1X4cm+M4rk2BnHwgBA==<br>
[2015-04-08 09:17:33.146] # argv[ 5](cSig )=NCftWfPj3VRbL90vBOvJNQ==<br>
[2015-04-08 09:17:33.146] # argv[ 6](EncData  )=SCmlFglpLvUofS8vAX2S0KmC5em6bjdS68kOAwSzSBcMVc7wDwCIehdKWfvWqsa8ml8Gd6jS4KfM+Wj4SyuLdRWLbgE3TuisNapk+Rhwdonf4tYlwpdI57ttEphOvApiBfSmSgF3xFAZaPauBIH7YuaKA+q6UCE3cP6ZXeAuppgocFih0EUaa3l3a0rCPROs+Q9RMSR9Gy1nWN/vkoC/pj2Td4Hx/6D0KrHXbOCsf0LGs7Am0msGrV4o94+lhJNnzEyMAk7BhvqrXWKHrIrMnRhXKV2x6HBLntCuqwgjSctGpaLIrSNREg==<br>
[2015-04-08 09:17:33.146] # argv[ 7](logpath	)=/home/njob/public_html/.//modules/okname/log<br>
[2015-04-08 09:17:33.146] # argv[ 8](Option     )=SL<br>
[2015-04-08 09:17:33.147] # clnPublicKey : AgdGpLZirddK1X4cm+M4rk2BnHwgBA==<br>
[2015-04-08 09:17:33.147] # clnSignature : NCftWfPj3VRbL90vBOvJNQ==<br>
[2015-04-08 09:17:33.147] # srvPrivateKey: AO1pIepIr0D7n23sLILQmAQdyqz6<br>
[2015-04-08 09:17:33.147] # srvSecurekey : BdmY+MxvuU83AwC/WiSmC0A0nqz6<br>
[2015-04-08 09:17:33.147] # decData      : MC0GCCqGSIb3DQIJAyEAkXr8KHesEA3tJ5b9uxZbhVMxyjslbTQqgBoJ9v792r4=|90+VsHLkp0uXNvWUFii43WwEjo46maLBCQNZSsKf5SRInTEwFjXqlZPqEqPKNXaRIE/hQ720gTg6O7CO+XzCwQ==|NULL|1|6316669587913|V05280000000|강진우|20150408091717935462|7|1|0|19821203|2<br>
[2015-04-08 09:17:33.147] MC0GCCqGSIb3DQIJAyEAkXr8KHesEA3tJ5b9uxZbhVMxyjslbTQqgBoJ9v792r4=
[2015-04-08 09:17:33.147] 90+VsHLkp0uXNvWUFii43WwEjo46maLBCQNZSsKf5SRInTEwFjXqlZPqEqPKNXaRIE/hQ720gTg6O7CO+XzCwQ==
[2015-04-08 09:17:33.147] NULL
[2015-04-08 09:17:33.147] 1
[2015-04-08 09:17:33.147] 6316669587913
[2015-04-08 09:17:33.147] V05280000000
[2015-04-08 09:17:33.147] 강진우
[2015-04-08 09:17:33.147] 20150408091717935462
[2015-04-08 09:17:33.147] 7
[2015-04-08 09:17:33.147] 1
[2015-04-08 09:17:33.147] 0
[2015-04-08 09:17:33.148] 19821203
[2015-04-08 09:17:33.148] 2
[2015-04-08 09:17:33.148] # final ret code=0<br>
[2015-04-08 09:22:39.844] # OKNAME v3.70 start!<br>
[2015-04-08 09:22:39.844] # mode=IPIN_CKEY<br>
[2015-04-08 09:22:39.844] # argv[ 1](keypath    )=/home/njob/public_html/.//modules/okname/okname.key<br>
[2015-04-08 09:22:39.844] # argv[ 2](memid      )=V05280000000<br>
[2015-04-08 09:22:39.844] # argv[ 3](reserved1  )=0<br>
[2015-04-08 09:22:39.844] # argv[ 4](reserved2  )=0<br>
[2015-04-08 09:22:39.844] # argv[ 5](EndPointURL)=http://www.ok-name.co.kr/KcbWebService/OkNameService<br>
[2015-04-08 09:22:39.844] # argv[ 6](logpath	)=/home/njob/public_html/.//modules/okname/log<br>
[2015-04-08 09:22:39.844] # argv[ 7](Option     )=CL<br>
[2015-04-08 09:22:39.844] AgGxorE/4qMsmx5WGYNUxz/mD3h3GQ==
[2015-04-08 09:22:39.845] 6pARdD/gKiv3KQHpN3vCFw==
[2015-04-08 09:22:39.845] 20150408092239844047
[2015-04-08 09:22:39.845] # final ret code=0<br>
[2015-04-08 09:22:53.387] # OKNAME v3.70 start!<br>
[2015-04-08 09:22:53.388] # mode=IPIN_CKDEC<br>
[2015-04-08 09:22:53.388] # argv[ 1](keypath    )=/home/njob/public_html/.//modules/okname/okname.key<br>
[2015-04-08 09:22:53.388] # argv[ 2](memid      )=V05280000000<br>
[2015-04-08 09:22:53.388] # argv[ 3](EndPointURL)=http://www.ok-name.co.kr/KcbWebService/OkNameService<br>
[2015-04-08 09:22:53.388] # argv[ 4](cPubKey     )=AgHOXHeJZpopjJ4jvDfwa7KTluAenA==<br>
[2015-04-08 09:22:53.388] # argv[ 5](cSig )=mV9/SyPho7XJcT8mlY1KcA==<br>
[2015-04-08 09:22:53.388] # argv[ 6](EncData  )=Ds57jSzMMXju/EyOig1Nuix0JCx65V8u8vskLukBmuMSrtpadxSq2SRnrDGvhayq+yGO7T65SGMqmK2h+E8oUvbozrkPTHZ6ogQjiYmnTFUNcPeqWJbHvxeO8+yDco3wNeEP6OVHnALVjL0eOB10yEa4gbdhMA4JHZpaoYUI0A/FjxHzD8lZFg0irCjd17tuPIduDuyig0tyuiI+4nPJAbNejAejpZtQGxOpWjLpZq3UXG1IItO//rLnSHMyvNgEZHfDMf3Ubn6zBRpemzupRmQcCE7l4lhX3gMkb53VGINenzzh1AWNCA==<br>
[2015-04-08 09:22:53.388] # argv[ 7](logpath	)=/home/njob/public_html/.//modules/okname/log<br>
[2015-04-08 09:22:53.388] # argv[ 8](Option     )=SL<br>
[2015-04-08 09:22:53.389] # clnPublicKey : AgHOXHeJZpopjJ4jvDfwa7KTluAenA==<br>
[2015-04-08 09:22:53.389] # clnSignature : mV9/SyPho7XJcT8mlY1KcA==<br>
[2015-04-08 09:22:53.389] # srvPrivateKey: AO1pIepIr0D7n23sLILQmAQdyqz6<br>
[2015-04-08 09:22:53.389] # srvSecurekey : BOh8GdxmNpFE5LmbJIgEYuuGVt/S<br>
[2015-04-08 09:22:53.389] # decData      : MC0GCCqGSIb3DQIJAyEAkXr8KHesEA3tJ5b9uxZbhVMxyjslbTQqgBoJ9v792r4=|90+VsHLkp0uXNvWUFii43WwEjo46maLBCQNZSsKf5SRInTEwFjXqlZPqEqPKNXaRIE/hQ720gTg6O7CO+XzCwQ==|NULL|1|6316669587913|V05280000000|강진우|20150408092239844047|7|1|0|19821203|2<br>
[2015-04-08 09:22:53.389] MC0GCCqGSIb3DQIJAyEAkXr8KHesEA3tJ5b9uxZbhVMxyjslbTQqgBoJ9v792r4=
[2015-04-08 09:22:53.389] 90+VsHLkp0uXNvWUFii43WwEjo46maLBCQNZSsKf5SRInTEwFjXqlZPqEqPKNXaRIE/hQ720gTg6O7CO+XzCwQ==
[2015-04-08 09:22:53.389] NULL
[2015-04-08 09:22:53.389] 1
[2015-04-08 09:22:53.390] 6316669587913
[2015-04-08 09:22:53.390] V05280000000
[2015-04-08 09:22:53.390] 강진우
[2015-04-08 09:22:53.390] 20150408092239844047
[2015-04-08 09:22:53.390] 7
[2015-04-08 09:22:53.390] 1
[2015-04-08 09:22:53.390] 0
[2015-04-08 09:22:53.390] 19821203
[2015-04-08 09:22:53.390] 2
[2015-04-08 09:22:53.390] # final ret code=0<br>
[2015-04-08 09:23:39.158] # OKNAME v3.70 start!<br>
[2015-04-08 09:23:39.159] # mode=IPIN_CKDEC<br>
[2015-04-08 09:23:39.159] # argv[ 1](keypath    )=/home/njob/public_html/.//modules/okname/okname.key<br>
[2015-04-08 09:23:39.159] # argv[ 2](memid      )=V05280000000<br>
[2015-04-08 09:23:39.159] # argv[ 3](EndPointURL)=http://www.ok-name.co.kr/KcbWebService/OkNameService<br>
[2015-04-08 09:23:39.159] # argv[ 4](cPubKey     )=AgHOXHeJZpopjJ4jvDfwa7KTluAenA==<br>
[2015-04-08 09:23:39.159] # argv[ 5](cSig )=mV9/SyPho7XJcT8mlY1KcA==<br>
[2015-04-08 09:23:39.159] # argv[ 6](EncData  )=Ds57jSzMMXju/EyOig1Nuix0JCx65V8u8vskLukBmuMSrtpadxSq2SRnrDGvhayq+yGO7T65SGMqmK2h+E8oUvbozrkPTHZ6ogQjiYmnTFUNcPeqWJbHvxeO8+yDco3wNeEP6OVHnALVjL0eOB10yEa4gbdhMA4JHZpaoYUI0A/FjxHzD8lZFg0irCjd17tuPIduDuyig0tyuiI+4nPJAbNejAejpZtQGxOpWjLpZq3UXG1IItO//rLnSHMyvNgEZHfDMf3Ubn6zBRpemzupRmQcCE7l4lhX3gMkb53VGINenzzh1AWNCA==<br>
[2015-04-08 09:23:39.159] # argv[ 7](logpath	)=/home/njob/public_html/.//modules/okname/log<br>
[2015-04-08 09:23:39.159] # argv[ 8](Option     )=SL<br>
[2015-04-08 09:23:39.160] # clnPublicKey : AgHOXHeJZpopjJ4jvDfwa7KTluAenA==<br>
[2015-04-08 09:23:39.160] # clnSignature : mV9/SyPho7XJcT8mlY1KcA==<br>
[2015-04-08 09:23:39.160] # srvPrivateKey: AO1pIepIr0D7n23sLILQmAQdyqz6<br>
[2015-04-08 09:23:39.160] # srvSecurekey : BOh8GdxmNpFE5LmbJIgEYuuGVt/S<br>
[2015-04-08 09:23:39.160] # decData      : MC0GCCqGSIb3DQIJAyEAkXr8KHesEA3tJ5b9uxZbhVMxyjslbTQqgBoJ9v792r4=|90+VsHLkp0uXNvWUFii43WwEjo46maLBCQNZSsKf5SRInTEwFjXqlZPqEqPKNXaRIE/hQ720gTg6O7CO+XzCwQ==|NULL|1|6316669587913|V05280000000|강진우|20150408092239844047|7|1|0|19821203|2<br>
[2015-04-08 09:23:39.160] MC0GCCqGSIb3DQIJAyEAkXr8KHesEA3tJ5b9uxZbhVMxyjslbTQqgBoJ9v792r4=
[2015-04-08 09:23:39.160] 90+VsHLkp0uXNvWUFii43WwEjo46maLBCQNZSsKf5SRInTEwFjXqlZPqEqPKNXaRIE/hQ720gTg6O7CO+XzCwQ==
[2015-04-08 09:23:39.160] NULL
[2015-04-08 09:23:39.160] 1
[2015-04-08 09:23:39.160] 6316669587913
[2015-04-08 09:23:39.160] V05280000000
[2015-04-08 09:23:39.160] 강진우
[2015-04-08 09:23:39.160] 20150408092239844047
[2015-04-08 09:23:39.160] 7
[2015-04-08 09:23:39.160] 1
[2015-04-08 09:23:39.161] 0
[2015-04-08 09:23:39.161] 19821203
[2015-04-08 09:23:39.161] 2
[2015-04-08 09:23:39.161] # final ret code=0<br>
[2015-04-08 09:24:41.244] # OKNAME v3.70 start!<br>
[2015-04-08 09:24:41.244] # mode=IPIN_CKDEC<br>
[2015-04-08 09:24:41.244] # argv[ 1](keypath    )=/home/njob/public_html/.//modules/okname/okname.key<br>
[2015-04-08 09:24:41.244] # argv[ 2](memid      )=V05280000000<br>
[2015-04-08 09:24:41.244] # argv[ 3](EndPointURL)=http://www.ok-name.co.kr/KcbWebService/OkNameService<br>
[2015-04-08 09:24:41.244] # argv[ 4](cPubKey     )=AgHOXHeJZpopjJ4jvDfwa7KTluAenA==<br>
[2015-04-08 09:24:41.244] # argv[ 5](cSig )=mV9/SyPho7XJcT8mlY1KcA==<br>
[2015-04-08 09:24:41.244] # argv[ 6](EncData  )=Ds57jSzMMXju/EyOig1Nuix0JCx65V8u8vskLukBmuMSrtpadxSq2SRnrDGvhayq+yGO7T65SGMqmK2h+E8oUvbozrkPTHZ6ogQjiYmnTFUNcPeqWJbHvxeO8+yDco3wNeEP6OVHnALVjL0eOB10yEa4gbdhMA4JHZpaoYUI0A/FjxHzD8lZFg0irCjd17tuPIduDuyig0tyuiI+4nPJAbNejAejpZtQGxOpWjLpZq3UXG1IItO//rLnSHMyvNgEZHfDMf3Ubn6zBRpemzupRmQcCE7l4lhX3gMkb53VGINenzzh1AWNCA==<br>
[2015-04-08 09:24:41.244] # argv[ 7](logpath	)=/home/njob/public_html/.//modules/okname/log<br>
[2015-04-08 09:24:41.244] # argv[ 8](Option     )=SL<br>
[2015-04-08 09:24:41.245] # clnPublicKey : AgHOXHeJZpopjJ4jvDfwa7KTluAenA==<br>
[2015-04-08 09:24:41.245] # clnSignature : mV9/SyPho7XJcT8mlY1KcA==<br>
[2015-04-08 09:24:41.245] # srvPrivateKey: AO1pIepIr0D7n23sLILQmAQdyqz6<br>
[2015-04-08 09:24:41.245] # srvSecurekey : BOh8GdxmNpFE5LmbJIgEYuuGVt/S<br>
[2015-04-08 09:24:41.245] # decData      : MC0GCCqGSIb3DQIJAyEAkXr8KHesEA3tJ5b9uxZbhVMxyjslbTQqgBoJ9v792r4=|90+VsHLkp0uXNvWUFii43WwEjo46maLBCQNZSsKf5SRInTEwFjXqlZPqEqPKNXaRIE/hQ720gTg6O7CO+XzCwQ==|NULL|1|6316669587913|V05280000000|강진우|20150408092239844047|7|1|0|19821203|2<br>
[2015-04-08 09:24:41.245] MC0GCCqGSIb3DQIJAyEAkXr8KHesEA3tJ5b9uxZbhVMxyjslbTQqgBoJ9v792r4=
[2015-04-08 09:24:41.245] 90+VsHLkp0uXNvWUFii43WwEjo46maLBCQNZSsKf5SRInTEwFjXqlZPqEqPKNXaRIE/hQ720gTg6O7CO+XzCwQ==
[2015-04-08 09:24:41.245] NULL
[2015-04-08 09:24:41.245] 1
[2015-04-08 09:24:41.245] 6316669587913
[2015-04-08 09:24:41.245] V05280000000
[2015-04-08 09:24:41.245] 강진우
[2015-04-08 09:24:41.245] 20150408092239844047
[2015-04-08 09:24:41.245] 7
[2015-04-08 09:24:41.245] 1
[2015-04-08 09:24:41.245] 0
[2015-04-08 09:24:41.245] 19821203
[2015-04-08 09:24:41.245] 2
[2015-04-08 09:24:41.245] # final ret code=0<br>
[2015-04-08 09:30:14.880] # OKNAME v3.70 start!<br>
[2015-04-08 09:30:14.880] # mode=IPIN_CKEY<br>
[2015-04-08 09:30:14.880] # argv[ 1](keypath    )=/home/njob/public_html/.//modules/okname/okname.key<br>
[2015-04-08 09:30:14.880] # argv[ 2](memid      )=V05280000000<br>
[2015-04-08 09:30:14.880] # argv[ 3](reserved1  )=0<br>
[2015-04-08 09:30:14.880] # argv[ 4](reserved2  )=0<br>
[2015-04-08 09:30:14.880] # argv[ 5](EndPointURL)=http://www.ok-name.co.kr/KcbWebService/OkNameService<br>
[2015-04-08 09:30:14.880] # argv[ 6](logpath	)=/home/njob/public_html/.//modules/okname/log<br>
[2015-04-08 09:30:14.880] # argv[ 7](Option     )=CL<br>
[2015-04-08 09:30:14.880] AgGxorE/4qMsmx5WGYNUxz/mD3h3GQ==
[2015-04-08 09:30:14.880] 6pARdD/gKiv3KQHpN3vCFw==
[2015-04-08 09:30:14.880] 20150408093014880338
[2015-04-08 09:30:14.880] # final ret code=0<br>
[2015-04-08 09:30:35.132] # OKNAME v3.70 start!<br>
[2015-04-08 09:30:35.132] # mode=IPIN_CKDEC<br>
[2015-04-08 09:30:35.133] # argv[ 1](keypath    )=/home/njob/public_html/.//modules/okname/okname.key<br>
[2015-04-08 09:30:35.133] # argv[ 2](memid      )=V05280000000<br>
[2015-04-08 09:30:35.133] # argv[ 3](EndPointURL)=http://www.ok-name.co.kr/KcbWebService/OkNameService<br>
[2015-04-08 09:30:35.133] # argv[ 4](cPubKey     )=AwCpoAIKmjTu5d5gaU8f0CqJkYI7Eg==<br>
[2015-04-08 09:30:35.133] # argv[ 5](cSig )=4PH/eH37jooyxwgTXGqvUg==<br>
[2015-04-08 09:30:35.133] # argv[ 6](EncData  )=U+HwNY33VexGvAmHBv1lAYTDRj5gzsIm9SSZbTc54FRJKFQBJ03FIR+cfr5cMbuP0lBm5oG6FGeGbsOt9qTKh5CvwdsgCCkiAYi7iiJcsLemCnZ/Mnj0s7zYgZODdznN3TWTQ9bJIfMvRaw5TBpCK1Zml83IPCSzeWArdd3eKZa+P9VKr9KPPByRx1UPWKyWrtusJh5FbXeaE+Yvu3JVgPLD+O8ss+Y5QY6sxk17EmejNZSk5+jSl29UX/NkpX4cyp6zzmRsRpakiDrzt/0t1vx7kkZv4vLINv6Ik7BlqIZBxSO0kAPMBw==<br>
[2015-04-08 09:30:35.133] # argv[ 7](logpath	)=/home/njob/public_html/.//modules/okname/log<br>
[2015-04-08 09:30:35.133] # argv[ 8](Option     )=SL<br>
[2015-04-08 09:30:35.134] # clnPublicKey : AwCpoAIKmjTu5d5gaU8f0CqJkYI7Eg==<br>
[2015-04-08 09:30:35.134] # clnSignature : 4PH/eH37jooyxwgTXGqvUg==<br>
[2015-04-08 09:30:35.134] # srvPrivateKey: AO1pIepIr0D7n23sLILQmAQdyqz6<br>
[2015-04-08 09:30:35.134] # srvSecurekey : AVJotgauF8HMHqSa88zc3ucKOXXF<br>
[2015-04-08 09:30:35.134] # decData      : MC0GCCqGSIb3DQIJAyEAkXr8KHesEA3tJ5b9uxZbhVMxyjslbTQqgBoJ9v792r4=|90+VsHLkp0uXNvWUFii43WwEjo46maLBCQNZSsKf5SRInTEwFjXqlZPqEqPKNXaRIE/hQ720gTg6O7CO+XzCwQ==|NULL|1|6316669587913|V05280000000|강진우|20150408093014880338|7|1|0|19821203|2<br>
[2015-04-08 09:30:35.134] MC0GCCqGSIb3DQIJAyEAkXr8KHesEA3tJ5b9uxZbhVMxyjslbTQqgBoJ9v792r4=
[2015-04-08 09:30:35.134] 90+VsHLkp0uXNvWUFii43WwEjo46maLBCQNZSsKf5SRInTEwFjXqlZPqEqPKNXaRIE/hQ720gTg6O7CO+XzCwQ==
[2015-04-08 09:30:35.134] NULL
[2015-04-08 09:30:35.134] 1
[2015-04-08 09:30:35.134] 6316669587913
[2015-04-08 09:30:35.134] V05280000000
[2015-04-08 09:30:35.134] 강진우
[2015-04-08 09:30:35.134] 20150408093014880338
[2015-04-08 09:30:35.134] 7
[2015-04-08 09:30:35.134] 1
[2015-04-08 09:30:35.134] 0
[2015-04-08 09:30:35.134] 19821203
[2015-04-08 09:30:35.134] 2
[2015-04-08 09:30:35.134] # final ret code=0<br>
