[2019-03-08 22:01:35.711] # OKNAME v3.70 start!<br>
[2019-03-08 22:01:35.712] # mode=IPIN_CKEY<br>
[2019-03-08 22:01:35.712] # argv[ 1](keypath    )=/home/mjob/public_html/.//modules/okname/okname.key<br>
[2019-03-08 22:01:35.712] # argv[ 2](memid      )=V05280T00000<br>
[2019-03-08 22:01:35.712] # argv[ 3](reserved1  )=0<br>
[2019-03-08 22:01:35.712] # argv[ 4](reserved2  )=0<br>
[2019-03-08 22:01:35.712] # argv[ 5](EndPointURL)=http://www.ok-name.co.kr/KcbWebService/OkNameService<br>
[2019-03-08 22:01:35.712] # argv[ 6](logpath	)=/home/mjob/public_html/.//modules/okname/log<br>
[2019-03-08 22:01:35.712] # argv[ 7](Option     )=CL<br>
[2019-03-08 22:01:35.712] # Generating monthly key..
[2019-03-08 22:01:35.713] pub1: AgSuPuiGdIjUIqMXDAmvfVSws2sJMg==
[2019-03-08 22:01:35.713] pri1: Ahqx2ARxyQOTkcg0PGTrkFr5EBP8
[2019-03-08 22:01:35.713] sig1: DEfKCJGZAX//7oUC0EFczg==
[2019-03-08 22:01:35.713] # soap_timeout: 30000 ms<br>
[2019-03-08 22:01:35.768] retmsg: AwDmryOl6q1kqSlsI/EdFWxg/mq80Q==:qHzt4EJ0OaO3dl3o373ZRg==:2MP8SBfSJdOeIZ+2wqUvmxUJg9sh2fTzhJRuEnFS9LxKXAGK3Lo9A3/OuwOguzPbf2Tj7QAE7FnYFDaPzfouTdOpZ1eUYWGvfbDRQpf/aL5mAOrwQsU=
[2019-03-08 22:01:35.768] pub3: AwDmryOl6q1kqSlsI/EdFWxg/mq80Q==
[2019-03-08 22:01:35.768] sig3: qHzt4EJ0OaO3dl3o373ZRg==
[2019-03-08 22:01:35.768] pub2pri2sig2: 2MP8SBfSJdOeIZ+2wqUvmxUJg9sh2fTzhJRuEnFS9LxKXAGK3Lo9A3/OuwOguzPbf2Tj7QAE7FnYFDaPzfouTdOpZ1eUYWGvfbDRQpf/aL5mAOrwQsU=
[2019-03-08 22:01:35.768] srvSecurekey: Aeuwyfureym4cPlvgX0zcPVF4SIi
[2019-03-08 22:01:35.768] decData: AwaXY1R7szU4KpY7KSMD0yUs7KTwBg==:A5fmCNdGugV/IxmOlnsAbb61jB5E:CJhER6lTSjG8C3DniaLfiQ==
[2019-03-08 22:01:35.780] # Current month<br>
[2019-03-08 22:01:35.780] # public_key   : AwaXY1R7szU4KpY7KSMD0yUs7KTwBg==<br>
[2019-03-08 22:01:35.780] # private_key  : A5fmCNdGugV/IxmOlnsAbb61jB5E<br>
[2019-03-08 22:01:35.780] # signature    : CJhER6lTSjG8C3DniaLfiQ==<br>
[2019-03-08 22:01:35.780] # Last month<br>
[2019-03-08 22:01:35.780] # public_key1  : AwGXQXeWCzVJBGCmyRBWAPdByoMcLQ==<br>
[2019-03-08 22:01:35.780] # private_key1 : A0wW1CXQuRkvErtwWhUxJjBFbYQK<br>
[2019-03-08 22:01:35.781] # signature1   : o+W6P2wQdpL2hu35v9QeHw==<br>
[2019-03-08 22:01:35.781] AwaXY1R7szU4KpY7KSMD0yUs7KTwBg==
[2019-03-08 22:01:35.781] CJhER6lTSjG8C3DniaLfiQ==
[2019-03-08 22:01:35.781] 20190308220135781610
[2019-03-08 22:01:35.781] # final ret code=0<br>
[2019-03-08 22:01:36.001] # OKNAME v3.70 start!<br>
[2019-03-08 22:01:36.001] # mode=HS_CNFRM_POPUP<br>
[2019-03-08 22:01:36.001] # Parameter IP: 	114.108.128.129<br>
[2019-03-08 22:01:36.001] # argv[ 1](hs_cert_svc_tx_seqno)=20190308220135978443<br>
[2019-03-08 22:01:36.001] # argv[ 2](nm)=x<br>
[2019-03-08 22:01:36.001] # argv[ 3](brdt)=x<br>
[2019-03-08 22:01:36.001] # argv[ 4](sex)=x<br>
[2019-03-08 22:01:36.001] # argv[ 5](ntv_frnr_tp_cd)=x<br>
[2019-03-08 22:01:36.001] # argv[ 6](var1)=x<br>
[2019-03-08 22:01:36.001] # argv[ 7](var2)=x<br>
[2019-03-08 22:01:36.001] # argv[ 8](var3)=0<br>
[2019-03-08 22:01:36.001] # argv[ 9](var4)=0<br>
[2019-03-08 22:01:36.001] # argv[10](var5)=0<br>
[2019-03-08 22:01:36.001] # argv[11](return_msg)=x<br>
[2019-03-08 22:01:36.001] # argv[12](return_url)=http://mjob.netfu.co.kr/modules/okname/hs_cnfrm/adultfrm_popup2.php<br>
[2019-03-08 22:01:36.001] # argv[13](in_tp_bit)=0<br>
[2019-03-08 22:01:36.001] # argv[14](hs_cert_msr_cd)=10<br>
[2019-03-08 22:01:36.001] # argv[15](hs_cert_rqst_caus_cd)=00<br>
[2019-03-08 22:01:36.001] # argv[16](idcf_mbr_com_cd)=V05280T00000<br>
[2019-03-08 22:01:36.001] # argv[17](server_ip)=114.108.128.129<br>
[2019-03-08 22:01:36.001] # argv[18](client_site_nm)=mjob.netfu.co.kr<br>
[2019-03-08 22:01:36.002] # argv[19](end_point_url)=http://safe.ok-name.co.kr/KcbWebService/OkNameService<br>
[2019-03-08 22:01:36.002] # argv[20](log_path)=/home/mjob/public_html/.//modules/okname/log<br>
[2019-03-08 22:01:36.002] # argv[21](option)=QL<br>
[2019-03-08 22:01:36.002] # soap_timeout: 30000 ms<br>
[2019-03-08 22:01:36.046] # key   : AwE9IeK9D/5RCZKZMcUDjA77ILmc5A==:vLhHq6jt5cp3vwwGbGYraw==<br>
[2019-03-08 22:01:36.046] # spkey : AwE9IeK9D/5RCZKZMcUDjA77ILmc5A==<br>
[2019-03-08 22:01:36.046] # ssig  : vLhHq6jt5cp3vwwGbGYraw==<br>
[2019-03-08 22:01:36.047] # nm               : x    <br>
[2019-03-08 22:01:36.047] # brdt             : x    <br>
[2019-03-08 22:01:36.047] # e_nm             : +A4Aiig=<br>
[2019-03-08 22:01:36.047] # e_brdt           : +A4Aiig=<br>
[2019-03-08 22:01:36.047] # cpkey : AwevBAVhOHCckOU2nU6E4qCrM9TFaQ==<br>
[2019-03-08 22:01:36.047] # csig  : S/7XfFWc4/qHrh1eCUWn1w==<br>
[2019-03-08 22:01:36.065] retmsg: wh8QnzIFi+0Y6e9v3Pz3mk7hI460i9x4s5wq6vdWH9DqpvgoNQX3RiGNbF/w7J8AsxpVG4qywz2qQfRX7iK1vGiLkmZJOKwomBAEFM0/JtLSTIetK3xnThYrnspd10I5XvQqBR2T8Zn5gFgQV8U36BfkZoepIdO0dw+FPt+DIRTNa/nnkaoWyoewVGxAa9Dhf5t9S3u5epFTJIj1+iLepcBh1R8iErRXVDEi3B3K+sCiHUCd5AHmC69Ha9Ov2AsW2d+KhfNK9k7EO9wovsMLmlCOZoIUh7A54375ClkF1elUv42T7Iz1DKW7MSTINotb6Q1pJYpGqZ5q52Y=
[2019-03-08 22:01:36.065] retmsg: B105:서비스 기간이 만료되었습니다.:l4i7ItKfVYAXSio1JN1zR/pUHlv5FpzUwee9lsnqLJP0UXpEcYX8YJVkmVWdq7LSDXovz9TM4qbkzPXhDv/Al9pcwyaFXOmW5elYzjAQmhrXeHPTC6JA5tBFBMyz6+GUaYyjzrl/pSTOgnMrbKn/oxqTUOY06CvpYnuazy/gIrmEpxNEctQTGJ0UZpB4mamrZy/aohS6GthpyV4NM1jqog==
[2019-03-08 22:01:36.065] B105
[2019-03-08 22:01:36.065] 서비스 기간이 만료되었습니다.
[2019-03-08 22:01:36.065] l4i7ItKfVYAXSio1JN1zR/pUHlv5FpzUwee9lsnqLJP0UXpEcYX8YJVkmVWdq7LSDXovz9TM4qbkzPXhDv/Al9pcwyaFXOmW5elYzjAQmhrXeHPTC6JA5tBFBMyz6+GUaYyjzrl/pSTOgnMrbKn/oxqTUOY06CvpYnuazy/gIrmEpxNEctQTGJ0UZpB4mamrZy/aohS6GthpyV4NM1jqog==
[2019-03-08 22:01:36.065] # final ret code=105<br>
[2019-03-08 23:36:17.927] # OKNAME v3.70 start!<br>
[2019-03-08 23:36:17.928] # mode=IPIN_CKEY<br>
[2019-03-08 23:36:17.928] # argv[ 1](keypath    )=/home/mjob/public_html/.//modules/okname/okname.key<br>
[2019-03-08 23:36:17.928] # argv[ 2](memid      )=V05280T00000<br>
[2019-03-08 23:36:17.928] # argv[ 3](reserved1  )=0<br>
[2019-03-08 23:36:17.928] # argv[ 4](reserved2  )=0<br>
[2019-03-08 23:36:17.928] # argv[ 5](EndPointURL)=http://www.ok-name.co.kr/KcbWebService/OkNameService<br>
[2019-03-08 23:36:17.928] # argv[ 6](logpath	)=/home/mjob/public_html/.//modules/okname/log<br>
[2019-03-08 23:36:17.928] # argv[ 7](Option     )=CL<br>
[2019-03-08 23:36:17.928] AwaXY1R7szU4KpY7KSMD0yUs7KTwBg==
[2019-03-08 23:36:17.928] CJhER6lTSjG8C3DniaLfiQ==
[2019-03-08 23:36:17.928] 20190308233617928229
[2019-03-08 23:36:17.928] # final ret code=0<br>
[2019-03-08 23:36:19.287] # OKNAME v3.70 start!<br>
[2019-03-08 23:36:19.288] # mode=HS_CNFRM_POPUP<br>
[2019-03-08 23:36:19.288] # Parameter IP: 	114.108.128.129<br>
[2019-03-08 23:36:19.288] # argv[ 1](hs_cert_svc_tx_seqno)=20190308233619075617<br>
[2019-03-08 23:36:19.288] # argv[ 2](nm)=x<br>
[2019-03-08 23:36:19.288] # argv[ 3](brdt)=x<br>
[2019-03-08 23:36:19.288] # argv[ 4](sex)=x<br>
[2019-03-08 23:36:19.288] # argv[ 5](ntv_frnr_tp_cd)=x<br>
[2019-03-08 23:36:19.288] # argv[ 6](var1)=x<br>
[2019-03-08 23:36:19.288] # argv[ 7](var2)=x<br>
[2019-03-08 23:36:19.288] # argv[ 8](var3)=0<br>
[2019-03-08 23:36:19.288] # argv[ 9](var4)=0<br>
[2019-03-08 23:36:19.288] # argv[10](var5)=0<br>
[2019-03-08 23:36:19.288] # argv[11](return_msg)=x<br>
[2019-03-08 23:36:19.288] # argv[12](return_url)=http://mjob.netfu.co.kr:444/modules/okname/hs_cnfrm/adultfrm_popup2.php<br>
[2019-03-08 23:36:19.288] # argv[13](in_tp_bit)=0<br>
[2019-03-08 23:36:19.288] # argv[14](hs_cert_msr_cd)=10<br>
[2019-03-08 23:36:19.288] # argv[15](hs_cert_rqst_caus_cd)=00<br>
[2019-03-08 23:36:19.288] # argv[16](idcf_mbr_com_cd)=V05280T00000<br>
[2019-03-08 23:36:19.288] # argv[17](server_ip)=114.108.128.129<br>
[2019-03-08 23:36:19.289] # argv[18](client_site_nm)=mjob.netfu.co.kr:444<br>
[2019-03-08 23:36:19.289] # argv[19](end_point_url)=http://safe.ok-name.co.kr/KcbWebService/OkNameService<br>
[2019-03-08 23:36:19.289] # argv[20](log_path)=/home/mjob/public_html/.//modules/okname/log<br>
[2019-03-08 23:36:19.289] # argv[21](option)=QL<br>
[2019-03-08 23:36:19.289] # soap_timeout: 30000 ms<br>
[2019-03-08 23:36:19.337] # key   : AwPLBK1Eo8pjAOKWytZGPTQs+I/yCQ==:8RiZQA1gZOCdfqPaiy4sdA==<br>
[2019-03-08 23:36:19.337] # spkey : AwPLBK1Eo8pjAOKWytZGPTQs+I/yCQ==<br>
[2019-03-08 23:36:19.337] # ssig  : 8RiZQA1gZOCdfqPaiy4sdA==<br>
[2019-03-08 23:36:19.339] # nm               : x    <br>
[2019-03-08 23:36:19.339] # brdt             : x    <br>
[2019-03-08 23:36:19.339] # e_nm             : VK2J/8Q=<br>
[2019-03-08 23:36:19.339] # e_brdt           : VK2J/8Q=<br>
[2019-03-08 23:36:19.339] # cpkey : AgJ145QVBaHzz7uqPueYihSHIOOomg==<br>
[2019-03-08 23:36:19.339] # csig  : IDQd3xKGOTHpRmJ3Vq8zUA==<br>
[2019-03-08 23:36:19.358] retmsg: bryZ6t7nx98Ivbjhm3/ubMbq8DBex/0Bgeqs8tjEJsjmJL74GVmhwEG/8fmW/fruWE5EjilvGX45iYz8RCDNG6kwWEuQmaJ/mMa6V1L8IDuZMVK7BhgEbH/W/Vm6XViTngxo8767WzBu9X1HPsocTBnXWhMY69ncQ48HI4fPkL03M7X46nbtkLUAvcwTGn5z7nsa99q/Ej6veCbX1b9F4St5tZgMpYNuDdCRha2AlfujWbN8jnJAxZaw9VYO9mV8avUCeN7XpsR2sNHP7OxHM3X7VKT5mwGAqqFFlx3irX2ThVqrz6IwY+EcIdVb/KP4iQKfqnnLK105c6w=
[2019-03-08 23:36:19.358] retmsg: B105:서비스 기간이 만료되었습니다.:l4i7ItKfVYAXSio1JN1zR6ZF6oNG0wLQOo23q/Eu3paEF/47++mpn9i/NZM4V/NEbfKHfkwwxQpat4W7vpoaZGmVkplTOOh1f21xLlM1mJlaPSobYuDHhEhVeQI7U64kwXTfA/CPCLndcT+TIuuj0TNvcNTJLPXCI3fki6O5J0dsBvZ0VvO9JXbT3tsw+YFi3uzLe9nhJo2eKCnkwqQQfw==
[2019-03-08 23:36:19.358] B105
[2019-03-08 23:36:19.358] 서비스 기간이 만료되었습니다.
[2019-03-08 23:36:19.359] l4i7ItKfVYAXSio1JN1zR6ZF6oNG0wLQOo23q/Eu3paEF/47++mpn9i/NZM4V/NEbfKHfkwwxQpat4W7vpoaZGmVkplTOOh1f21xLlM1mJlaPSobYuDHhEhVeQI7U64kwXTfA/CPCLndcT+TIuuj0TNvcNTJLPXCI3fki6O5J0dsBvZ0VvO9JXbT3tsw+YFi3uzLe9nhJo2eKCnkwqQQfw==
[2019-03-08 23:36:19.359] # final ret code=105<br>
