[2013-12-25 21:35:06.206] # OKNAME v3.70 start!<br>
[2013-12-25 21:35:06.225] # mode=HS_CNFRM_POPUP<br>
[2013-12-25 21:35:06.225] # Parameter IP: 	114.108.128.129<br>
[2013-12-25 21:35:06.225] # argv[ 1](hs_cert_svc_tx_seqno)=20131225213506297521<br>
[2013-12-25 21:35:06.225] # argv[ 2](nm)=박태언<br>
[2013-12-25 21:35:06.225] # argv[ 3](brdt)=19740105<br>
[2013-12-25 21:35:06.225] # argv[ 4](sex)=1<br>
[2013-12-25 21:35:06.225] # argv[ 5](ntv_frnr_tp_cd)=1<br>
[2013-12-25 21:35:06.225] # argv[ 6](var1)=03<br>
[2013-12-25 21:35:06.225] # argv[ 7](var2)=01096658829<br>
[2013-12-25 21:35:06.225] # argv[ 8](var3)=0<br>
[2013-12-25 21:35:06.225] # argv[ 9](var4)=0<br>
[2013-12-25 21:35:06.225] # argv[10](var5)=0<br>
[2013-12-25 21:35:06.225] # argv[11](return_msg)=x<br>
[2013-12-25 21:35:06.225] # argv[12](return_url)=http://alba.netfu.co.kr/n_alba/modules/okname/hs_cnfrm/adultfrm_popup2.php<br>
[2013-12-25 21:35:06.225] # argv[13](in_tp_bit)=15<br>
[2013-12-25 21:35:06.226] # argv[14](hs_cert_msr_cd)=10<br>
[2013-12-25 21:35:06.226] # argv[15](hs_cert_rqst_caus_cd)=00<br>
[2013-12-25 21:35:06.226] # argv[16](idcf_mbr_com_cd)=P00000000000<br>
[2013-12-25 21:35:06.226] # argv[17](server_ip)=114.108.128.129<br>
[2013-12-25 21:35:06.226] # argv[18](client_site_nm)=alba.netfu.co.kr<br>
[2013-12-25 21:35:06.226] # argv[19](end_point_url)=http://tsafe.ok-name.co.kr:29080/KcbWebService/OkNameService<br>
[2013-12-25 21:35:06.226] # argv[20](log_path)=/home/alba/public_html/n_alba/modules/okname/log<br>
[2013-12-25 21:35:06.226] # argv[21](option)=QL<br>
[2013-12-25 21:35:06.226] # soap_timeout: 30000 ms<br>
[2013-12-25 21:35:06.306] # key   : AwXM4ubKl3PgkLt6Pxqkqs24HXOV3g==:8Kh9cVvLGgNIkLjjgPVhKA==<br>
[2013-12-25 21:35:06.306] # spkey : AwXM4ubKl3PgkLt6Pxqkqs24HXOV3g==<br>
[2013-12-25 21:35:06.306] # ssig  : 8Kh9cVvLGgNIkLjjgPVhKA==<br>
[2013-12-25 21:35:06.309] # nm               : 박태언<br>
[2013-12-25 21:35:06.309] # brdt             : 19740105<br>
[2013-12-25 21:35:06.309] # e_nm             : FiMBerKX<br>
[2013-12-25 21:35:06.309] # e_brdt           : nsDzjDxWEPI=<br>
[2013-12-25 21:35:06.309] # cpkey : AgG9lag4Yo6Jl3X6sCtNBhZ2X3cixg==<br>
[2013-12-25 21:35:06.309] # csig  : WSDI4YuzhF312057bt9jBA==<br>
[2013-12-25 21:35:06.353] retmsg: 7cn1iDbe7HfMK1ufFNXv6MFMANJSsjSz57tIFouvj9jsdCzUAjdLT9OvWZAqZlbYOgljBYwycEgLUokUNRwt6vWcqHKzfjdk4+/2D/2kHLPI/RBuIoFm11g8KTMetIScwqtEKDL+p5wx8Lwx+OVFrXs5ncOqjg2qzytNCAQTdyAY5yujQwRCO+/aEAPzWTkGEpRZp6wBq8NNxLzakSR5sjOtf1EcEFxThCAcgvRXy6pMGSqk0DjMjeTu+B5nTu3b1joEXPKiT4nMRp6ci56HIa7Eq9C3DARt+Kqo/DnCKgSyX7xJt5yXfQ+vKm2n9NflfUndn8vraYVh6DgyxpOtnNSbQhw=
[2013-12-25 21:35:06.353] retmsg: B010:미계약 서비스 요청:va66cP3oml0n8zx/T3uEguWDhDi6ZJ8L1IFX0ZdwAs2KL6i020DGiWWab6jQRfUMvf6DHe9pnZxGZU7UuLRJ+Hfqkzor+6u+mwIxJp8sLHQna2vYx2YdtDeE/xxXlDFSvZWLJu6qkg0Ifi6WsXwMMmUPZUQJX9NbcUB72TslsJvjAp9tPxY1JwsF7e4Tp+mR3WcXeBZCzQnvDIWlH/Iw7agf0nqoiVITktQKrpGVKog=
[2013-12-25 21:35:06.353] B010
[2013-12-25 21:35:06.353] 미계약 서비스 요청
[2013-12-25 21:35:06.353] va66cP3oml0n8zx/T3uEguWDhDi6ZJ8L1IFX0ZdwAs2KL6i020DGiWWab6jQRfUMvf6DHe9pnZxGZU7UuLRJ+Hfqkzor+6u+mwIxJp8sLHQna2vYx2YdtDeE/xxXlDFSvZWLJu6qkg0Ifi6WsXwMMmUPZUQJX9NbcUB72TslsJvjAp9tPxY1JwsF7e4Tp+mR3WcXeBZCzQnvDIWlH/Iw7agf0nqoiVITktQKrpGVKog=
[2013-12-25 21:35:06.353] # final ret code=10<br>
[2013-12-25 21:35:19.301] # OKNAME v3.70 start!<br>
[2013-12-25 21:35:19.301] # mode=HS_CNFRM_POPUP<br>
[2013-12-25 21:35:19.301] # Parameter IP: 	114.108.128.129<br>
[2013-12-25 21:35:19.301] # argv[ 1](hs_cert_svc_tx_seqno)=2013122521351992202<br>
[2013-12-25 21:35:19.301] # argv[ 2](nm)=박태언<br>
[2013-12-25 21:35:19.301] # argv[ 3](brdt)=19740105<br>
[2013-12-25 21:35:19.301] # argv[ 4](sex)=1<br>
[2013-12-25 21:35:19.301] # argv[ 5](ntv_frnr_tp_cd)=1<br>
[2013-12-25 21:35:19.302] # argv[ 6](var1)=03<br>
[2013-12-25 21:35:19.302] # argv[ 7](var2)=01096658829<br>
[2013-12-25 21:35:19.302] # argv[ 8](var3)=0<br>
[2013-12-25 21:35:19.302] # argv[ 9](var4)=0<br>
[2013-12-25 21:35:19.302] # argv[10](var5)=0<br>
[2013-12-25 21:35:19.302] # argv[11](return_msg)=x<br>
[2013-12-25 21:35:19.302] # argv[12](return_url)=http://alba.netfu.co.kr/n_alba/modules/okname/hs_cnfrm/adultfrm_popup2.php<br>
[2013-12-25 21:35:19.302] # argv[13](in_tp_bit)=15<br>
[2013-12-25 21:35:19.302] # argv[14](hs_cert_msr_cd)=10<br>
[2013-12-25 21:35:19.302] # argv[15](hs_cert_rqst_caus_cd)=00<br>
[2013-12-25 21:35:19.302] # argv[16](idcf_mbr_com_cd)=P00000000000<br>
[2013-12-25 21:35:19.302] # argv[17](server_ip)=114.108.128.129<br>
[2013-12-25 21:35:19.302] # argv[18](client_site_nm)=alba.netfu.co.kr<br>
[2013-12-25 21:35:19.302] # argv[19](end_point_url)=http://tsafe.ok-name.co.kr:29080/KcbWebService/OkNameService<br>
[2013-12-25 21:35:19.302] # argv[20](log_path)=/home/alba/public_html/n_alba/modules/okname/log<br>
[2013-12-25 21:35:19.302] # argv[21](option)=QL<br>
[2013-12-25 21:35:19.302] # soap_timeout: 30000 ms<br>
[2013-12-25 21:35:19.340] # key   : AwQBunlCMGbFRiMoa3/D3gYQwcrJ3w==:n+wo2bYfO6vyBA0phzpsJA==<br>
[2013-12-25 21:35:19.340] # spkey : AwQBunlCMGbFRiMoa3/D3gYQwcrJ3w==<br>
[2013-12-25 21:35:19.340] # ssig  : n+wo2bYfO6vyBA0phzpsJA==<br>
[2013-12-25 21:35:19.342] # nm               : 박태언<br>
[2013-12-25 21:35:19.342] # brdt             : 19740105<br>
[2013-12-25 21:35:19.342] # e_nm             : cwaXeaJl<br>
[2013-12-25 21:35:19.342] # e_brdt           : ++VljyykpHc=<br>
[2013-12-25 21:35:19.342] # cpkey : AwQhTn7Q+s7UYXR1zC3ItODqBLzbsQ==<br>
[2013-12-25 21:35:19.342] # csig  : z2ZObVfXewlcXpKbPpthnQ==<br>
[2013-12-25 21:35:19.379] retmsg: iOxjiyYsWPK8aTN/vGBzEanEYstCLrmXaa1SSKW7PgMGOsgLXecXwiKOqIccVGEJgKqo5FTtvNiLsI5J++u6famIRGm1CJK0fypUzmgASfJmHUFGGtPc8Tx+V9KBtT+rzui+x88q3rdmy9MZbRjcNJ2BoUExQjmlW+FIe7707Dbbinsz2w6L5suZwCJ3zvrjRPZMr++7VjxWOZ+M6xVawgKV0yyB9IJPbmlnGk2JxeLqYQZl457w7YtqgxLzMGvvYQMM7ZTKY0SuhElWx/bTmhx4eXJvMXgxD++Dm8wlOMi+JiU8NJODDtdAoVkAsazICzG4/Qp/LyH8quWlayD4tk9TN+M=
[2013-12-25 21:35:19.379] retmsg: B010:미계약 서비스 요청:va66cP3oml0n8zx/T3uEgtrO58axzZuC1e77F3G1s0eVwFImBKpytJaWvjLTH+VNqMX8fn5K2mdEJhtkRUe3WnLhdS9eloFvqaAbvaPwP43q1POUK+9sgsBcoGVtFuetAJJwuEjLcTQTIM+lptoiWkf+04Z/HnXUl/RBf3I9CHpatwjSPiOXRBUqrL7vR7Q0lFoYSH8+fkTYNOlYal+wPhK/S/H6J6AULVQViyq0T/o=
[2013-12-25 21:35:19.380] B010
[2013-12-25 21:35:19.380] 미계약 서비스 요청
[2013-12-25 21:35:19.380] va66cP3oml0n8zx/T3uEgtrO58axzZuC1e77F3G1s0eVwFImBKpytJaWvjLTH+VNqMX8fn5K2mdEJhtkRUe3WnLhdS9eloFvqaAbvaPwP43q1POUK+9sgsBcoGVtFuetAJJwuEjLcTQTIM+lptoiWkf+04Z/HnXUl/RBf3I9CHpatwjSPiOXRBUqrL7vR7Q0lFoYSH8+fkTYNOlYal+wPhK/S/H6J6AULVQViyq0T/o=
[2013-12-25 21:35:19.380] # final ret code=10<br>
