[2018-03-13 15:41:46.788] # OKNAME v3.70 start!<br>
[2018-03-13 15:41:46.788] # mode=IPIN_CKEY<br>
[2018-03-13 15:41:46.788] # argv[ 1](keypath    )=/home/mjob/public_html/modules/okname/okname.key<br>
[2018-03-13 15:41:46.788] # argv[ 2](memid      )=P00000000000<br>
[2018-03-13 15:41:46.788] # argv[ 3](reserved1  )=0<br>
[2018-03-13 15:41:46.788] # argv[ 4](reserved2  )=0<br>
[2018-03-13 15:41:46.788] # argv[ 5](EndPointURL)=http://twww.ok-name.co.kr:8888/KcbWebService/OkNameService<br>
[2018-03-13 15:41:46.788] # argv[ 6](logpath	)=/home/mjob/public_html/modules/okname/log<br>
[2018-03-13 15:41:46.788] # argv[ 7](Option     )=CL<br>
[2018-03-13 15:41:46.788] # Generating monthly key..
[2018-03-13 15:41:46.790] pub1: AwYWhz1L6BEqViDFmOOUHbjdyQ4zVg==
[2018-03-13 15:41:46.790] pri1: AczLx8oQU17HvUigR6sNYvuLCGBh
[2018-03-13 15:41:46.790] sig1: 3Wao/FHuCk7WzKaRZIgPPQ==
[2018-03-13 15:41:46.790] # soap_timeout: 30000 ms<br>
[2018-03-13 15:41:46.889] retmsg: AgAfQjmp4DoC+W9SSZ5C3FBT/RtnfA==:SeL1gLxwpDgQIsxxeNMsDg==:bK4R9/FdsWFbERtcAgmFHVhgenv+kOEPlXb9KNvCc+amCkIhIjr1OMIogJZLKxnj/+sPX0E73wOhpL9DxUEdtpOddFf2h23FAhQqfQUvk0BY5T46nyU=
[2018-03-13 15:41:46.889] pub3: AgAfQjmp4DoC+W9SSZ5C3FBT/RtnfA==
[2018-03-13 15:41:46.889] sig3: SeL1gLxwpDgQIsxxeNMsDg==
[2018-03-13 15:41:46.889] pub2pri2sig2: bK4R9/FdsWFbERtcAgmFHVhgenv+kOEPlXb9KNvCc+amCkIhIjr1OMIogJZLKxnj/+sPX0E73wOhpL9DxUEdtpOddFf2h23FAhQqfQUvk0BY5T46nyU=
[2018-03-13 15:41:46.890] srvSecurekey: Anvsdbqj3lt0YUpI3lwEQrdPW3O9
[2018-03-13 15:41:46.890] decData: AgCx4Yn0xTfLQEribBjfcE0aQDZaEw==:A+4S9NGe5Hiad3jY+dTMoi+tgaJf:BrzNELspHfWY1/+XQHjHtQ==
[2018-03-13 15:41:46.914] # Current month<br>
[2018-03-13 15:41:46.914] # public_key   : AgCx4Yn0xTfLQEribBjfcE0aQDZaEw==<br>
[2018-03-13 15:41:46.914] # private_key  : A+4S9NGe5Hiad3jY+dTMoi+tgaJf<br>
[2018-03-13 15:41:46.914] # signature    : BrzNELspHfWY1/+XQHjHtQ==<br>
[2018-03-13 15:41:46.914] # Last month<br>
[2018-03-13 15:41:46.914] # public_key1  : AwCP/IEJVbYuWpz3c0+7ioZxr4XgOg==<br>
[2018-03-13 15:41:46.914] # private_key1 : Akhw58wKuRPiownVydQmZEKt+2/1<br>
[2018-03-13 15:41:46.914] # signature1   : Wx4IloPOw4fjCPBF7q1zaw==<br>
[2018-03-13 15:41:46.914] AgCx4Yn0xTfLQEribBjfcE0aQDZaEw==
[2018-03-13 15:41:46.914] BrzNELspHfWY1/+XQHjHtQ==
[2018-03-13 15:41:46.914] 20180313154146914538
[2018-03-13 15:41:46.914] # final ret code=0<br>
[2018-03-13 15:45:41.273] # OKNAME v3.70 start!<br>
[2018-03-13 15:45:41.273] # mode=IPIN_CKEY<br>
[2018-03-13 15:45:41.273] # argv[ 1](keypath    )=/home/mjob/public_html/modules/okname/okname.key<br>
[2018-03-13 15:45:41.273] # argv[ 2](memid      )=P00000000000<br>
[2018-03-13 15:45:41.273] # argv[ 3](reserved1  )=0<br>
[2018-03-13 15:45:41.273] # argv[ 4](reserved2  )=0<br>
[2018-03-13 15:45:41.273] # argv[ 5](EndPointURL)=http://twww.ok-name.co.kr:8888/KcbWebService/OkNameService<br>
[2018-03-13 15:45:41.273] # argv[ 6](logpath	)=/home/mjob/public_html/modules/okname/log<br>
[2018-03-13 15:45:41.273] # argv[ 7](Option     )=CL<br>
[2018-03-13 15:45:41.273] AgCx4Yn0xTfLQEribBjfcE0aQDZaEw==
[2018-03-13 15:45:41.273] BrzNELspHfWY1/+XQHjHtQ==
[2018-03-13 15:45:41.274] 20180313154541273061
[2018-03-13 15:45:41.274] # final ret code=0<br>
[2018-03-13 15:47:51.484] # OKNAME v3.70 start!<br>
[2018-03-13 15:47:51.484] # mode=IPIN_CKEY<br>
[2018-03-13 15:47:51.485] # argv[ 1](keypath    )=/home/mjob/public_html/.//modules/okname/okname.key<br>
[2018-03-13 15:47:51.485] # argv[ 2](memid      )=V05280000000<br>
[2018-03-13 15:47:51.485] # argv[ 3](reserved1  )=0<br>
[2018-03-13 15:47:51.485] # argv[ 4](reserved2  )=0<br>
[2018-03-13 15:47:51.485] # argv[ 5](EndPointURL)=http://twww.ok-name.co.kr:8888/KcbWebService/OkNameService<br>
[2018-03-13 15:47:51.485] # argv[ 6](logpath	)=/home/mjob/public_html/.//modules/okname/log<br>
[2018-03-13 15:47:51.485] # argv[ 7](Option     )=CL<br>
[2018-03-13 15:47:51.485] AgCx4Yn0xTfLQEribBjfcE0aQDZaEw==
[2018-03-13 15:47:51.485] BrzNELspHfWY1/+XQHjHtQ==
[2018-03-13 15:47:51.485] 20180313154751485799
[2018-03-13 15:47:51.485] # final ret code=0<br>
