[2015-02-11 13:21:28.469] # OKNAME v3.70 start!<br>
[2015-02-11 13:21:28.469] # mode=IPIN_CKEY<br>
[2015-02-11 13:21:28.469] # argv[ 1](keypath    )=/home/alba/public_html/n_alba/modules/okname/okname.key<br>
[2015-02-11 13:21:28.469] # argv[ 2](memid      )=V00000000000<br>
[2015-02-11 13:21:28.469] # argv[ 3](reserved1  )=0<br>
[2015-02-11 13:21:28.469] # argv[ 4](reserved2  )=0<br>
[2015-02-11 13:21:28.469] # argv[ 5](EndPointURL)=http://twww.ok-name.co.kr:8888/KcbWebService/OkNameService<br>
[2015-02-11 13:21:28.469] # argv[ 6](logpath	)=/home/alba/public_html/n_alba/modules/okname/log<br>
[2015-02-11 13:21:28.469] # argv[ 7](Option     )=CL<br>
[2015-02-11 13:21:28.470] # Generating monthly key..
[2015-02-11 13:21:28.470] pub1: AwJ0zpK6rdkiRSBkE6hCBeBrspJXZg==
[2015-02-11 13:21:28.470] pri1: A/tEDdfotblg2aW6pDy7f01zfZrp
[2015-02-11 13:21:28.470] sig1: CksRxLME1H80HPv3yroYzw==
[2015-02-11 13:21:28.470] # soap_timeout: 30000 ms<br>
[2015-02-11 13:21:28.512] retmsg: AwdGxfp6bYTvb1R4art8BH5zwQvf1g==:ryMhbz7WpucW0znhpJ/wpg==:SPsWFoNJpol3Pz9JEtdgKHlEaocPVitedTWOu+PHsg5g0unB2GQyPHvaV/a3eeJggbNnRTAty6L9gBQCv3xZ27jxcNjOD7koxqxaBfSYJCUlEhoXZv8=
[2015-02-11 13:21:28.512] pub3: AwdGxfp6bYTvb1R4art8BH5zwQvf1g==
[2015-02-11 13:21:28.512] sig3: ryMhbz7WpucW0znhpJ/wpg==
[2015-02-11 13:21:28.512] pub2pri2sig2: SPsWFoNJpol3Pz9JEtdgKHlEaocPVitedTWOu+PHsg5g0unB2GQyPHvaV/a3eeJggbNnRTAty6L9gBQCv3xZ27jxcNjOD7koxqxaBfSYJCUlEhoXZv8=
[2015-02-11 13:21:28.513] srvSecurekey: AhbSFN498/yuosH4LGVeRSjW71Ls
[2015-02-11 13:21:28.513] decData: AwcN3a9pdfBrUfFbGKqvIuhMDPGnhw==:AlsgUXci/S3gzgKU2Iqp2mzbVGLW:OSThCACyYZWuX58tJyS6sw==
[2015-02-11 13:21:28.514] # ERROR S203: (Client key generation error.)<br>
[2015-02-11 13:21:28.514] # final ret code=203<br>
[2015-02-11 13:22:13.138] # OKNAME v3.70 start!<br>
[2015-02-11 13:22:13.138] # mode=HS_CNFRM_POPUP<br>
[2015-02-11 13:22:13.138] # Parameter IP: 	114.108.128.129<br>
[2015-02-11 13:22:13.138] # argv[ 1](hs_cert_svc_tx_seqno)=20150211132213064269<br>
[2015-02-11 13:22:13.138] # argv[ 2](nm)=박철웅<br>
[2015-02-11 13:22:13.138] # argv[ 3](brdt)=19710128<br>
[2015-02-11 13:22:13.138] # argv[ 4](sex)=1<br>
[2015-02-11 13:22:13.138] # argv[ 5](ntv_frnr_tp_cd)=1<br>
[2015-02-11 13:22:13.139] # argv[ 6](var1)=01<br>
[2015-02-11 13:22:13.139] # argv[ 7](var2)=01039496632<br>
[2015-02-11 13:22:13.139] # argv[ 8](var3)=0<br>
[2015-02-11 13:22:13.139] # argv[ 9](var4)=0<br>
[2015-02-11 13:22:13.139] # argv[10](var5)=0<br>
[2015-02-11 13:22:13.139] # argv[11](return_msg)=x<br>
[2015-02-11 13:22:13.139] # argv[12](return_url)=http://alba.netfu.co.kr/n_alba/modules/okname/hs_cnfrm/adultfrm_popup2.php<br>
[2015-02-11 13:22:13.139] # argv[13](in_tp_bit)=15<br>
[2015-02-11 13:22:13.139] # argv[14](hs_cert_msr_cd)=10<br>
[2015-02-11 13:22:13.139] # argv[15](hs_cert_rqst_caus_cd)=00<br>
[2015-02-11 13:22:13.139] # argv[16](idcf_mbr_com_cd)=V00000000000<br>
[2015-02-11 13:22:13.139] # argv[17](server_ip)=114.108.128.129<br>
[2015-02-11 13:22:13.139] # argv[18](client_site_nm)=alba.netfu.co.kr<br>
[2015-02-11 13:22:13.139] # argv[19](end_point_url)=http://tsafe.ok-name.co.kr:29080/KcbWebService/OkNameService<br>
[2015-02-11 13:22:13.139] # argv[20](log_path)=/home/alba/public_html/n_alba/modules/okname/log<br>
[2015-02-11 13:22:13.139] # argv[21](option)=QL<br>
[2015-02-11 13:22:13.139] # soap_timeout: 30000 ms<br>
[2015-02-11 13:22:13.178] # key   : AwIRKKIEz0V1KrHfZ3iY5SBhr3NsZA==:9oNmhH4TCuehIaKFxFzbnQ==<br>
[2015-02-11 13:22:13.178] # spkey : AwIRKKIEz0V1KrHfZ3iY5SBhr3NsZA==<br>
[2015-02-11 13:22:13.178] # ssig  : 9oNmhH4TCuehIaKFxFzbnQ==<br>
[2015-02-11 13:22:13.180] # nm               : 박철웅<br>
[2015-02-11 13:22:13.180] # brdt             : 19710128<br>
[2015-02-11 13:22:13.180] # e_nm             : wYMzU8gl<br>
[2015-02-11 13:22:13.180] # e_brdt           : SWDH1Efhv6w=<br>
[2015-02-11 13:22:13.180] # cpkey : AwV06xZPEg5Tvuto5QTmgpqvG7R0Jw==<br>
[2015-02-11 13:22:13.180] # csig  : 030SR53zFV8KzLe3g2DqWA==<br>
[2015-02-11 13:22:13.214] retmsg: OmnA3U0YNSsFJz80ZJx5F8goKwySBFUuV+glLYWlkB2k6famviLh7G21mozdXe8gWmSMrnvY0oQt9/h3JV7thKiypCI3KyGNDJHzMimitO8HFfFvjP14V8VTis2CbtpiZZHppGUoim4pw0G4/x2shQxOgr6Lr5RL+QI4dUYCg0xaDUxOmKqKN4mXXh+CGQj+qZFpH8Ux7q6CAKheL8tNrUvvdKLgFRCHRPY9yinhsT7EUuG3/qb6I1sYLwCurtPYsf4+9taGsUcSnMMHWrjhfIjcqLmmuSuYgl49IcR7cTNalD0FYMafmfE3WldFQv2Wy6iHwI5s02PcWAQ+vDdJiDYAHirzpCat9/0MLGjs/6oM4Q==
[2015-02-11 13:22:13.215] retmsg: B008:회원사 정보가 존재하지 않습니다.:RuOtuDWMKBYx9YFHHtKsNrDYoMK3VRJEp7eTk4MtxL/dNTDPSkK4xMFtjg9ZIpMVKJezt0b7CjYqqAmfWxqhyAYbc3JnxUNUSU9Gr8xPwmB0tbQDT771MRYahLzFjnc6FcMA2cd/07mOI6powx2YSDJcMFtQdknFwYyYh/wD7NPzpXq8gTEe7IXApbgdBSj4CvHITOQ5/WsFg+O4AOtQiGaOB9+izn6D1t95rX8Vwx4=
[2015-02-11 13:22:13.215] B008
[2015-02-11 13:22:13.215] 회원사 정보가 존재하지 않습니다.
[2015-02-11 13:22:13.215] RuOtuDWMKBYx9YFHHtKsNrDYoMK3VRJEp7eTk4MtxL/dNTDPSkK4xMFtjg9ZIpMVKJezt0b7CjYqqAmfWxqhyAYbc3JnxUNUSU9Gr8xPwmB0tbQDT771MRYahLzFjnc6FcMA2cd/07mOI6powx2YSDJcMFtQdknFwYyYh/wD7NPzpXq8gTEe7IXApbgdBSj4CvHITOQ5/WsFg+O4AOtQiGaOB9+izn6D1t95rX8Vwx4=
[2015-02-11 13:22:13.215] # final ret code=8<br>
