INFO	[2013-10-07 15:50:27:113] <13694> ===============================================================
INFO	[2013-10-07 15:50:27:113] <13694> START AgsPay40 php (OS:Linux2.6.9-101.ELsmp,PHP:5.2.17)
INFO	[2013-10-07 15:50:27:113] <13694>  Pay Start!
INFO	[2013-10-07 15:50:27:113] <13694> AgsPayHome:/home/alba/public_html/n_alba/modules/paygate/ags
INFO	[2013-10-07 15:50:27:113] <13694> StoreId:
INFO	[2013-10-07 15:50:27:113] <13694> log:true
INFO	[2013-10-07 15:50:27:113] <13694> logLevel:INFO
INFO	[2013-10-07 15:50:27:113] <13694> UseNetCancel:true
INFO	[2013-10-07 15:50:27:113] <13694> Type:Pay
INFO	[2013-10-07 15:50:27:113] <13694> RecvLen:7
INFO	[2013-10-07 15:50:27:114] <13694> AuthTy:
INFO	[2013-10-07 15:50:27:114] <13694> SubTy:
INFO	[2013-10-07 15:50:27:114] <13694> OrdNo:
INFO	[2013-10-07 15:50:27:114] <13694> Amt:1000
INFO	[2013-10-07 15:50:27:114] <13694> UserEmail:Array
INFO	[2013-10-07 15:50:27:114] <13694> ProdNm:
INFO	[2013-10-07 15:50:27:114] <13694> MallUrl:http://alba.netfu.co.kr
INFO	[2013-10-07 15:50:27:114] <13694> UserId:guest
INFO	[2013-10-07 15:50:27:114] <13694> OrdNm:
INFO	[2013-10-07 15:50:27:114] <13694> OrdPhone:02-111-1111
INFO	[2013-10-07 15:50:27:114] <13694> OrdAddr:
INFO	[2013-10-07 15:50:27:114] <13694> RcpNm:
INFO	[2013-10-07 15:50:27:114] <13694> RcpPhone:02-111-1111
INFO	[2013-10-07 15:50:27:114] <13694> DlvAddr:
INFO	[2013-10-07 15:50:27:114] <13694> Remark:
INFO	[2013-10-07 15:50:27:114] <13694> DeviId:
INFO	[2013-10-07 15:50:27:114] <13694> AuthYn:
INFO	[2013-10-07 15:50:27:114] <13694> Instmt:
INFO	[2013-10-07 15:50:27:114] <13694> UserIp:1.224.199.214
INFO	[2013-10-07 15:50:27:114] <13694> partial_mm:
INFO	[2013-10-07 15:50:27:115] <13694> noIntMonth:
INFO	[2013-10-07 15:50:27:115] <13694> KVP_CURRENCY:
INFO	[2013-10-07 15:50:27:115] <13694> KVP_CARDCODE:
INFO	[2013-10-07 15:50:27:115] <13694> KVP_SESSIONKEY:
INFO	[2013-10-07 15:50:27:115] <13694> KVP_ENCDATA:
INFO	[2013-10-07 15:50:27:115] <13694> KVP_CONAME:
INFO	[2013-10-07 15:50:27:115] <13694> KVP_NOINT:
INFO	[2013-10-07 15:50:27:115] <13694> KVP_QUOTA:
INFO	[2013-10-07 15:50:27:115] <13694> CardNo:
INFO	[2013-10-07 15:50:27:115] <13694> MPI_CAVV:
INFO	[2013-10-07 15:50:27:115] <13694> MPI_ECI:
INFO	[2013-10-07 15:50:27:115] <13694> MPI_MD64:
INFO	[2013-10-07 15:50:27:115] <13694> ExpMon:
INFO	[2013-10-07 15:50:27:115] <13694> ExpYear:
INFO	[2013-10-07 15:50:27:115] <13694> Passwd:
INFO	[2013-10-07 15:50:27:115] <13694> SocId:
INFO	[2013-10-07 15:50:27:115] <13694> ICHE_OUTBANKNAME:
INFO	[2013-10-07 15:50:27:115] <13694> ICHE_OUTACCTNO:
INFO	[2013-10-07 15:50:27:115] <13694> ICHE_OUTBANKMASTER:
INFO	[2013-10-07 15:50:27:115] <13694> ICHE_AMOUNT:
INFO	[2013-10-07 15:50:27:116] <13694> HP_SERVERINFO:
INFO	[2013-10-07 15:50:27:116] <13694> HP_HANDPHONE:
INFO	[2013-10-07 15:50:27:116] <13694> HP_COMPANY:
INFO	[2013-10-07 15:50:27:116] <13694> HP_ID:
INFO	[2013-10-07 15:50:27:116] <13694> HP_SUBID:
INFO	[2013-10-07 15:50:27:116] <13694> HP_UNITType:1
INFO	[2013-10-07 15:50:27:116] <13694> HP_IDEN:
INFO	[2013-10-07 15:50:27:116] <13694> HP_IPADDR:
INFO	[2013-10-07 15:50:27:116] <13694> ARS_NAME:
INFO	[2013-10-07 15:50:27:116] <13694> ARS_PHONE:
INFO	[2013-10-07 15:50:27:116] <13694> VIRTUAL_CENTERCD:
INFO	[2013-10-07 15:50:27:116] <13694> VIRTUAL_DEPODT:
INFO	[2013-10-07 15:50:27:116] <13694> ZuminCode:
INFO	[2013-10-07 15:50:27:116] <13694> MallPage:
INFO	[2013-10-07 15:50:27:116] <13694> VIRTUAL_NO:
INFO	[2013-10-07 15:50:27:116] <13694> ES_SENDNO:
INFO	[2013-10-07 15:50:27:116] <13694> ICHE_SOCKETYN:
INFO	[2013-10-07 15:50:27:116] <13694> ICHE_POSMTID:
INFO	[2013-10-07 15:50:27:116] <13694> ICHE_FNBCMTID:
INFO	[2013-10-07 15:50:27:117] <13694> ICHE_APTRTS:
INFO	[2013-10-07 15:50:27:117] <13694> ICHE_REMARK1:
INFO	[2013-10-07 15:50:27:117] <13694> ICHE_REMARK2:
INFO	[2013-10-07 15:50:27:117] <13694> ICHE_ECWYN:
INFO	[2013-10-07 15:50:27:117] <13694> ICHE_ECWID:
INFO	[2013-10-07 15:50:27:117] <13694> ICHE_ECWAMT1:
INFO	[2013-10-07 15:50:27:117] <13694> ICHE_ECWAMT2:
INFO	[2013-10-07 15:50:27:117] <13694> ICHE_CASHYN:
INFO	[2013-10-07 15:50:27:117] <13694> ICHE_CASHGUBUN_CD:
INFO	[2013-10-07 15:50:27:117] <13694> ICHE_CASHID_NO:
INFO	[2013-10-07 15:50:27:117] <13694> ICHEARS_SOCKETYN:
INFO	[2013-10-07 15:50:27:117] <13694> ICHEARS_ADMNO:
INFO	[2013-10-07 15:50:27:117] <13694> ICHEARS_POSMTID:
INFO	[2013-10-07 15:50:27:117] <13694> ICHEARS_CENTERCD:
INFO	[2013-10-07 15:50:27:117] <13694> ICHEARS_HPNO:
INFO	[2013-10-07 15:50:27:117] <13694>  Pay Result Value [
INFO	[2013-10-07 15:50:27:117] <13694> rSuccYn:n
INFO	[2013-10-07 15:50:27:117] <13694> rResMsg:상점아이디 입력여부 확인요망 <br>주문번호 입력여부 확인요망 <br>상품명 입력여부 확인요망 <br>단말기아이디 입력여부 확인요망 <br>인증여부 입력여부 확인요망 <br>
INFO	[2013-10-07 15:50:27:117] <13694> ]
INFO	[2013-10-07 15:50:27:118] <13694> END  상점아이디 입력여부 확인요망 <br>주문번호 입력여부 확인요망 <br>상품명 입력여부 확인요망 <br>단말기아이디 입력여부 확인요망 <br>인증여부 입력여부 확인요망 <br> Transaction time:[0.02sec]
INFO	[2013-10-07 15:50:27:118] <13694> ===============================================================
