INFO	[2014-03-14 09:23:06:624] <23698> ===============================================================
INFO	[2014-03-14 09:23:06:624] <23698> START AgsPay40 php (OS:Linux2.6.32-431.5.1.el6.x86_64,PHP:5.2.17)
INFO	[2014-03-14 09:23:06:624] <23698> card Pay Start!
INFO	[2014-03-14 09:23:06:624] <23698> AgsPayHome:/home/netfu-test8/public_html/n_alba/modules/paygate/ags
INFO	[2014-03-14 09:23:06:624] <23698> StoreId:aegis
INFO	[2014-03-14 09:23:06:624] <23698> log:true
INFO	[2014-03-14 09:23:06:624] <23698> logLevel:INFO
INFO	[2014-03-14 09:23:06:624] <23698> UseNetCancel:true
INFO	[2014-03-14 09:23:06:624] <23698> Type:Pay
INFO	[2014-03-14 09:23:06:624] <23698> RecvLen:7
INFO	[2014-03-14 09:23:06:624] <23698> AuthTy:card
INFO	[2014-03-14 09:23:06:624] <23698> SubTy:isp
INFO	[2014-03-14 09:23:06:624] <23698> OrdNo:S8157C3970279
INFO	[2014-03-14 09:23:06:624] <23698> Amt:10000
INFO	[2014-03-14 09:23:06:624] <23698> UserEmail:ak_2010@naver.com
INFO	[2014-03-14 09:23:06:624] <23698> ProdNm:Ïù¥Î†•ÏÑú Ïó¥Îûå ÏÑúÎπÑÏä§
INFO	[2014-03-14 09:23:06:624] <23698> MallUrl:http://netfu-test8.netfu.co.kr
INFO	[2014-03-14 09:23:06:624] <23698> UserId:test_individual
INFO	[2014-03-14 09:23:06:624] <23698> OrdNm:∞≠¡¯øÏ
INFO	[2014-03-14 09:23:06:624] <23698> OrdPhone:010-1111-2222
INFO	[2014-03-14 09:23:06:625] <23698> OrdAddr:Í¥ëÏ£ºÍ¥ëÏó≠Ïãú ÎèôÍµ¨ Í∏àÎÇ®Î°ú5Í∞Ä ÎÇ®ÏÑ†ÎπåÎî© 407Ìò∏
INFO	[2014-03-14 09:23:06:625] <23698> RcpNm:∞≠¡¯øÏ
INFO	[2014-03-14 09:23:06:625] <23698> RcpPhone:010-1111-2222
INFO	[2014-03-14 09:23:06:625] <23698> DlvAddr:Í¥ëÏ£ºÍ¥ëÏó≠Ïãú ÎèôÍµ¨ Í∏àÎÇ®Î°ú5Í∞Ä ÎÇ®ÏÑ†ÎπåÎî© 407Ìò∏
INFO	[2014-03-14 09:23:06:625] <23698> Remark:
INFO	[2014-03-14 09:23:06:625] <23698> DeviId:9000400001
INFO	[2014-03-14 09:23:06:625] <23698> AuthYn:N;1.224.199.214
INFO	[2014-03-14 09:23:06:625] <23698> Instmt:
INFO	[2014-03-14 09:23:06:625] <23698> UserIp:1.224.199.214
INFO	[2014-03-14 09:23:06:625] <23698> partial_mm:00
INFO	[2014-03-14 09:23:06:625] <23698> noIntMonth:
INFO	[2014-03-14 09:23:06:625] <23698> KVP_CURRENCY:WON
INFO	[2014-03-14 09:23:06:625] <23698> KVP_CARDCODE:040100202027981;1.224.199.214;N;;10000;;;;
INFO	[2014-03-14 09:23:06:625] <23698> KVP_SESSIONKEY:jV5Z8zZVW7hF1XtmJZ29XpULu4Chum+97CZHfpCWKqeEiXpqob5rWl0xytHLbm28

iidDgr6ffcTROhsN4N1WEAqkSNUiHnVJiLfa1I9WaEluMRc8YT5KAerenkIHT/88

SMBfWQbzJRhrW4xBOuKHYpHjm7F1JB+/IAFq+NIU1Sg=


INFO	[2014-03-14 09:23:06:625] <23698> KVP_ENCDATA:Version=1.0&amp;KeyFlag=1&amp;KeyNum=1&amp;EncryptAlgorithm=SEED-CBC&amp;SignAlgorithm=&amp;Data=YOaaFkPEWFS8gs6vAWKdqdufDyISiDloQrHRSQWaa6qoCq4zRt9tFOULPx8VWERB%0aO0JzitwZLP12V0sUnBWeDm5Pw1qSHZKmeFY3HDrgNiiAtIyREPrUy9ZeG1DXIiq1%0ar28nFgxefgtammszFFXzJNPPQ0XuwPqdg7gKhkRdmlf8WiB1RUHDIwmu%2bHcCJD0P%0aCE0MqYLk3q0%2bJ9fbrZK/agRUHcIwDm7UIO5y7p7JFxBI6g86zJR1LdEHqH%2b%2b/TaJ%0aq3a76eruMsHD6mz8YyaSQpjNa0PhW6%2bv9j6jzE5tAbrdEJ/SWVd9MZA54B5Q8k1y%0akOMz3PSeoLf0da0IbYmTy1/B1pJ5DXw9xUv5iFNuC7oOoSuceT5AA96NhhbrSM4p%0aFCx5hJY38zKUOG3Hhpa0MK9a8SrFMM4B9SS%2bzTZ944/T0wTCU0jrdZ2z2b/ID1UP%0awqRxVNG19Nj4/35PrnZyD5LNhm4ELfa00yBCG8X57k9JAmhkANMwu6xyJi%2bKELH5%0aA2aK7apG9QFKbPyZSsMhPT7hSzpbJoDLGzaZOndSdne9GTyyYmfkzX8ARhQUH5Ug%0a&amp;PubCert=NOT
INFO	[2014-03-14 09:23:06:625] <23698> KVP_CONAME:ISP
INFO	[2014-03-14 09:23:06:625] <23698> KVP_NOINT:0
INFO	[2014-03-14 09:23:06:625] <23698> KVP_QUOTA:00
INFO	[2014-03-14 09:23:06:625] <23698> CardNo:
INFO	[2014-03-14 09:23:06:625] <23698> MPI_CAVV:
INFO	[2014-03-14 09:23:06:625] <23698> MPI_ECI:
INFO	[2014-03-14 09:23:06:625] <23698> MPI_MD64:
INFO	[2014-03-14 09:23:06:625] <23698> ExpMon:
INFO	[2014-03-14 09:23:06:625] <23698> ExpYear:
INFO	[2014-03-14 09:23:06:625] <23698> Passwd:
INFO	[2014-03-14 09:23:06:625] <23698> SocId:
INFO	[2014-03-14 09:23:06:625] <23698> ICHE_OUTBANKNAME:
INFO	[2014-03-14 09:23:06:625] <23698> ICHE_OUTACCTNO:
INFO	[2014-03-14 09:23:06:625] <23698> ICHE_OUTBANKMASTER:
INFO	[2014-03-14 09:23:06:625] <23698> ICHE_AMOUNT:
INFO	[2014-03-14 09:23:06:625] <23698> HP_SERVERINFO:
INFO	[2014-03-14 09:23:06:625] <23698> HP_HANDPHONE:
INFO	[2014-03-14 09:23:06:626] <23698> HP_COMPANY:
INFO	[2014-03-14 09:23:06:626] <23698> HP_ID:
INFO	[2014-03-14 09:23:06:626] <23698> HP_SUBID:
INFO	[2014-03-14 09:23:06:626] <23698> HP_UNITType:1
INFO	[2014-03-14 09:23:06:626] <23698> HP_IDEN:
INFO	[2014-03-14 09:23:06:626] <23698> HP_IPADDR:
INFO	[2014-03-14 09:23:06:626] <23698> ARS_NAME:
INFO	[2014-03-14 09:23:06:626] <23698> ARS_PHONE:
INFO	[2014-03-14 09:23:06:626] <23698> VIRTUAL_CENTERCD:99
INFO	[2014-03-14 09:23:06:626] <23698> VIRTUAL_DEPODT:
INFO	[2014-03-14 09:23:06:626] <23698> ZuminCode:
INFO	[2014-03-14 09:23:06:626] <23698> MallPage:../modules/paygate/ags/AGS_VirAcctResult.php
INFO	[2014-03-14 09:23:06:626] <23698> VIRTUAL_NO:
INFO	[2014-03-14 09:23:06:626] <23698> ES_SENDNO:
INFO	[2014-03-14 09:23:06:626] <23698> ICHE_SOCKETYN:Y
INFO	[2014-03-14 09:23:06:626] <23698> ICHE_POSMTID:
INFO	[2014-03-14 09:23:06:626] <23698> ICHE_FNBCMTID:
INFO	[2014-03-14 09:23:06:626] <23698> ICHE_APTRTS:
INFO	[2014-03-14 09:23:06:626] <23698> ICHE_REMARK1:
INFO	[2014-03-14 09:23:06:626] <23698> ICHE_REMARK2:
INFO	[2014-03-14 09:23:06:626] <23698> ICHE_ECWYN:
INFO	[2014-03-14 09:23:06:626] <23698> ICHE_ECWID:
INFO	[2014-03-14 09:23:06:626] <23698> ICHE_ECWAMT1:
INFO	[2014-03-14 09:23:06:626] <23698> ICHE_ECWAMT2:
INFO	[2014-03-14 09:23:06:626] <23698> ICHE_CASHYN:N
INFO	[2014-03-14 09:23:06:626] <23698> ICHE_CASHGUBUN_CD:
INFO	[2014-03-14 09:23:06:626] <23698> ICHE_CASHID_NO:
INFO	[2014-03-14 09:23:06:626] <23698> ICHEARS_SOCKETYN:Y
INFO	[2014-03-14 09:23:06:626] <23698> ICHEARS_ADMNO:
INFO	[2014-03-14 09:23:06:626] <23698> ICHEARS_POSMTID:
INFO	[2014-03-14 09:23:06:626] <23698> ICHEARS_CENTERCD:
INFO	[2014-03-14 09:23:06:626] <23698> ICHEARS_HPNO:
INFO	[2014-03-14 09:23:06:627] <23698> Make NetCancel ID Start
INFO	[2014-03-14 09:23:06:627] <23698> AEGIS_ISP_aegis_20140314092306627455
INFO	[2014-03-14 09:23:06:627] <23698> Make NetCancel ID End
INFO	[2014-03-14 09:23:06:627] <23698> Make NetCancelID OK
INFO	[2014-03-14 09:23:06:627] <23698> Make Msg Start
INFO	[2014-03-14 09:23:06:627] <23698> card-isp Make MSG OK 
INFO	[2014-03-14 09:23:06:627] <23698> Make Msg End
INFO	[2014-03-14 09:23:06:627] <23698> Make Pay Msg OK
INFO	[2014-03-14 09:23:06:627] <23698> Send & Recv Msg Start
INFO	[2014-03-14 09:23:06:627] <23698> Send Data To PG Start [ 
INFO	[2014-03-14 09:23:06:627] <23698> 0:0012282plug15
INFO	[2014-03-14 09:23:06:627] <23698> 1:aegis
INFO	[2014-03-14 09:23:06:627] <23698> 2:test_individual
INFO	[2014-03-14 09:23:06:627] <23698> 3:10000
INFO	[2014-03-14 09:23:06:627] <23698> 4:S8157C3970279
INFO	[2014-03-14 09:23:06:627] <23698> 5:9000400001
INFO	[2014-03-14 09:23:06:627] <23698> 6:∞≠¡¯øÏ
INFO	[2014-03-14 09:23:06:627] <23698> 7:010-1111-2222
INFO	[2014-03-14 09:23:06:627] <23698> 8:Í¥ëÏ£ºÍ¥ëÏó≠Ïãú ÎèôÍµ¨ Í∏àÎÇ®Î°ú5Í∞Ä ÎÇ®ÏÑ†ÎπåÎî© 407Ìò∏
INFO	[2014-03-14 09:23:06:627] <23698> 9:∞≠¡¯øÏ
INFO	[2014-03-14 09:23:06:627] <23698> 10:010-1111-2222
INFO	[2014-03-14 09:23:06:627] <23698> 11:
INFO	[2014-03-14 09:23:06:627] <23698> 12:Ïù¥Î†•ÏÑú Ïó¥Îûå ÏÑúÎπÑÏä§
INFO	[2014-03-14 09:23:06:627] <23698> 13:WON
INFO	[2014-03-14 09:23:06:627] <23698> 14:00
INFO	[2014-03-14 09:23:06:627] <23698> 15:
INFO	[2014-03-14 09:23:06:627] <23698> 16:040100202027981;1.224.199.214;N;;10000;;;;
INFO	[2014-03-14 09:23:06:627] <23698> 17:jV5Z8zZVW7hF1XtmJZ29XpULu4Chum+97CZHfpCWKqeEiXpqob5rWl0xytHLbm28

iidDgr6ffcTROhsN4N1WEAqkSNUiHnVJiLfa1I9WaEluMRc8YT5KAerenkIHT/88

SMBfWQbzJRhrW4xBOuKHYpHjm7F1JB+/IAFq+NIU1Sg=


INFO	[2014-03-14 09:23:06:627] <23698> 18:Version=1.0&amp;KeyFlag=1&amp;KeyNum=1&amp;EncryptAlgorithm=SEED-CBC&amp;SignAlgorithm=&amp;Data=YOaaFkPEWFS8gs6vAWKdqdufDyISiDloQrHRSQWaa6qoCq4zRt9tFOULPx8VWERB%0aO0JzitwZLP12V0sUnBWeDm5Pw1qSHZKmeFY3HDrgNiiAtIyREPrUy9ZeG1DXIiq1%0ar28nFgxefgtammszFFXzJNPPQ0XuwPqdg7gKhkRdmlf8WiB1RUHDIwmu%2bHcCJD0P%0aCE0MqYLk3q0%2bJ9fbrZK/agRUHcIwDm7UIO5y7p7JFxBI6g86zJR1LdEHqH%2b%2b/TaJ%0aq3a76eruMsHD6mz8YyaSQpjNa0PhW6%2bv9j6jzE5tAbrdEJ/SWVd9MZA54B5Q8k1y%0akOMz3PSeoLf0da0IbYmTy1/B1pJ5DXw9xUv5iFNuC7oOoSuceT5AA96NhhbrSM4p%0aFCx5hJY38zKUOG3Hhpa0MK9a8SrFMM4B9SS%2bzTZ944/T0wTCU0jrdZ2z2b/ID1UP%0awqRxVNG19Nj4/35PrnZyD5LNhm4ELfa00yBCG8X57k9JAmhkANMwu6xyJi%2bKELH5%0aA2aK7apG9QFKbPyZSsMhPT7hSzpbJoDLGzaZOndSdne9GTyyYmfkzX8ARhQUH5Ug%0a&amp;PubCert=NOT
INFO	[2014-03-14 09:23:06:627] <23698> 19:ISP
INFO	[2014-03-14 09:23:06:627] <23698> 20:1.224.199.214
INFO	[2014-03-14 09:23:06:627] <23698> 21:ak_2010@naver.com
INFO	[2014-03-14 09:23:06:627] <23698> 22:AEGIS_ISP_aegis_20140314092306627455
INFO	[2014-03-14 09:23:06:627] <23698> 23:
INFO	[2014-03-14 09:23:06:627] <23698> ] Send Data To PG End 
INFO	[2014-03-14 09:23:06:627] <23698> SendMsg : [0012282plug15|aegis|test_individual|10000|S8157C3970279|9000400001|∞≠¡¯øÏ|010-1111-2222|Í¥ëÏ£ºÍ¥ëÏó≠Ïãú ÎèôÍµ¨ Í∏àÎÇ®Î°ú5Í∞Ä ÎÇ®ÏÑ†ÎπåÎî© 407Ìò∏|∞≠¡¯øÏ|010-1111-2222||Ïù¥Î†•ÏÑú Ïó¥Îûå ÏÑúÎπÑÏä§|WON|00||040100202027981;1.224.199.214;N;;10000;;;;|jV5Z8zZVW7hF1XtmJZ29XpULu4Chum+97CZHfpCWKqeEiXpqob5rWl0xytHLbm28

iidDgr6ffcTROhsN4N1WEAqkSNUiHnVJiLfa1I9WaEluMRc8YT5KAerenkIHT/88

SMBfWQbzJRhrW4xBOuKHYpHjm7F1JB+/IAFq+NIU1Sg=

|Version=1.0&amp;KeyFlag=1&amp;KeyNum=1&amp;EncryptAlgorithm=SEED-CBC&amp;SignAlgorithm=&amp;Data=YOaaFkPEWFS8gs6vAWKdqdufDyISiDloQrHRSQWaa6qoCq4zRt9tFOULPx8VWERB%0aO0JzitwZLP12V0sUnBWeDm5Pw1qSHZKmeFY3HDrgNiiAtIyREPrUy9ZeG1DXIiq1%0ar28nFgxefgtammszFFXzJNPPQ0XuwPqdg7gKhkRdmlf8WiB1RUHDIwmu%2bHcCJD0P%0aCE0MqYLk3q0%2bJ9fbrZK/agRUHcIwDm7UIO5y7p7JFxBI6g86zJR1LdEHqH%2b%2b/TaJ%0aq3a76eruMsHD6mz8YyaSQpjNa0PhW6%2bv9j6jzE5tAbrdEJ/SWVd9MZA54B5Q8k1y%0akOMz3PSeoLf0da0IbYmTy1/B1pJ5DXw9xUv5iFNuC7oOoSuceT5AA96NhhbrSM4p%0aFCx5hJY38zKUOG3Hhpa0MK9a8SrFMM4B9SS%2bzTZ944/T0wTCU0jrdZ2z2b/ID1UP%0awqRxVNG19Nj4/35PrnZyD5LNhm4ELfa00yBCG8X57k9JAmhkANMwu6xyJi%2bKELH5%0aA2aK7apG9QFKbPyZSsMhPT7hSzpbJoDLGzaZOndSdne9GTyyYmfkzX8ARhQUH5Ug%0a&amp;PubCert=NOT|ISP|1.224.199.214|ak_2010@naver.com|AEGIS_ISP_aegis_20140314092306627455|]
INFO	[2014-03-14 09:23:06:627] <23698> Connect IP:[220.85.12.3] Port:[29760]
INFO	[2014-03-14 09:23:06:639] <23698> Socket Open OK
INFO	[2014-03-14 09:23:08:474] <23698> RecvMsg Length : [000075]
INFO	[2014-03-14 09:23:08:474] <23698> RecvMsg : [aegis|0610|101458|10091898|10000|y|¡§ªÛ:S8157C3970279|20140314092309|0100|
]
INFO	[2014-03-14 09:23:08:474] <23698> Socket Close OK
INFO	[2014-03-14 09:23:08:474] <23698> RecvMsg Length Check OK
INFO	[2014-03-14 09:23:08:474] <23698> Send & Recv Msg End
INFO	[2014-03-14 09:23:08:474] <23698> Send & Recv Msg OK
INFO	[2014-03-14 09:23:08:474] <23698> Parse Msg Start
INFO	[2014-03-14 09:23:08:474] <23698> card-isp RECV MSG Parsing OK 
INFO	[2014-03-14 09:23:08:474] <23698> Parse Msg End
INFO	[2014-03-14 09:23:08:474] <23698> Msg Parsing OK
INFO	[2014-03-14 09:23:08:474] <23698> card Pay Result Value [
INFO	[2014-03-14 09:23:08:474] <23698> NetCancID:AEGIS_ISP_aegis_20140314092306627455
INFO	[2014-03-14 09:23:08:474] <23698> rStoreId:aegis
INFO	[2014-03-14 09:23:08:474] <23698> rBusiCd:0610
INFO	[2014-03-14 09:23:08:474] <23698> rOrdNo:S8157C3970279
INFO	[2014-03-14 09:23:08:474] <23698> rDealNo:101458
INFO	[2014-03-14 09:23:08:474] <23698> rApprNo:10091898
INFO	[2014-03-14 09:23:08:474] <23698> rProdNm:Ïù¥Î†•ÏÑú Ïó¥Îûå ÏÑúÎπÑÏä§
INFO	[2014-03-14 09:23:08:474] <23698> rAmt:10000
INFO	[2014-03-14 09:23:08:474] <23698> rInstmt:00
INFO	[2014-03-14 09:23:08:474] <23698> rSuccYn:y
INFO	[2014-03-14 09:23:08:474] <23698> rResMsg:¡§ªÛ:S8157C3970279
INFO	[2014-03-14 09:23:08:474] <23698> rApprTm:20140314092309
INFO	[2014-03-14 09:23:08:474] <23698> rCardCd:0100
INFO	[2014-03-14 09:23:08:474] <23698> ]
INFO	[2014-03-14 09:23:08:474] <23698> END  ¡§ªÛ:S8157C3970279 Transaction time:[1.85sec]
INFO	[2014-03-14 09:23:08:474] <23698> ===============================================================
INFO	[2014-03-14 09:24:48:465] <24001> ===============================================================
INFO	[2014-03-14 09:24:48:465] <24001> START AgsPay40 php (OS:Linux2.6.32-431.5.1.el6.x86_64,PHP:5.2.17)
INFO	[2014-03-14 09:24:48:465] <24001> card Pay Start!
INFO	[2014-03-14 09:24:48:465] <24001> AgsPayHome:/home/netfu-test8/public_html/n_alba/modules/paygate/ags
INFO	[2014-03-14 09:24:48:465] <24001> StoreId:aegis
INFO	[2014-03-14 09:24:48:465] <24001> log:true
INFO	[2014-03-14 09:24:48:465] <24001> logLevel:INFO
INFO	[2014-03-14 09:24:48:465] <24001> UseNetCancel:true
INFO	[2014-03-14 09:24:48:465] <24001> Type:Pay
INFO	[2014-03-14 09:24:48:465] <24001> RecvLen:7
INFO	[2014-03-14 09:24:48:465] <24001> AuthTy:card
INFO	[2014-03-14 09:24:48:465] <24001> SubTy:isp
INFO	[2014-03-14 09:24:48:465] <24001> OrdNo:S8157C3970279
INFO	[2014-03-14 09:24:48:465] <24001> Amt:10000
INFO	[2014-03-14 09:24:48:465] <24001> UserEmail:ak_2010@naver.com
INFO	[2014-03-14 09:24:48:465] <24001> ProdNm:Ïù¥Î†•ÏÑú Ïó¥Îûå ÏÑúÎπÑÏä§
INFO	[2014-03-14 09:24:48:465] <24001> MallUrl:http://netfu-test8.netfu.co.kr
INFO	[2014-03-14 09:24:48:465] <24001> UserId:test_individual
INFO	[2014-03-14 09:24:48:465] <24001> OrdNm:∞≠¡¯øÏ
INFO	[2014-03-14 09:24:48:465] <24001> OrdPhone:010-1111-2222
INFO	[2014-03-14 09:24:48:465] <24001> OrdAddr:Í¥ëÏ£ºÍ¥ëÏó≠Ïãú ÎèôÍµ¨ Í∏àÎÇ®Î°ú5Í∞Ä ÎÇ®ÏÑ†ÎπåÎî© 407Ìò∏
INFO	[2014-03-14 09:24:48:465] <24001> RcpNm:∞≠¡¯øÏ
INFO	[2014-03-14 09:24:48:465] <24001> RcpPhone:010-1111-2222
INFO	[2014-03-14 09:24:48:465] <24001> DlvAddr:Í¥ëÏ£ºÍ¥ëÏó≠Ïãú ÎèôÍµ¨ Í∏àÎÇ®Î°ú5Í∞Ä ÎÇ®ÏÑ†ÎπåÎî© 407Ìò∏
INFO	[2014-03-14 09:24:48:466] <24001> Remark:
INFO	[2014-03-14 09:24:48:466] <24001> DeviId:9000400001
INFO	[2014-03-14 09:24:48:466] <24001> AuthYn:N;1.224.199.214
INFO	[2014-03-14 09:24:48:466] <24001> Instmt:
INFO	[2014-03-14 09:24:48:466] <24001> UserIp:1.224.199.214
INFO	[2014-03-14 09:24:48:466] <24001> partial_mm:00
INFO	[2014-03-14 09:24:48:466] <24001> noIntMonth:
INFO	[2014-03-14 09:24:48:466] <24001> KVP_CURRENCY:WON
INFO	[2014-03-14 09:24:48:466] <24001> KVP_CARDCODE:040100202027981;1.224.199.214;N;;10000;;;;
INFO	[2014-03-14 09:24:48:466] <24001> KVP_SESSIONKEY:jV5Z8zZVW7hF1XtmJZ29XpULu4Chum+97CZHfpCWKqeEiXpqob5rWl0xytHLbm28

iidDgr6ffcTROhsN4N1WEAqkSNUiHnVJiLfa1I9WaEluMRc8YT5KAerenkIHT/88

SMBfWQbzJRhrW4xBOuKHYpHjm7F1JB+/IAFq+NIU1Sg=


INFO	[2014-03-14 09:24:48:466] <24001> KVP_ENCDATA:Version=1.0&amp;KeyFlag=1&amp;KeyNum=1&amp;EncryptAlgorithm=SEED-CBC&amp;SignAlgorithm=&amp;Data=YOaaFkPEWFS8gs6vAWKdqdufDyISiDloQrHRSQWaa6qoCq4zRt9tFOULPx8VWERB%0aO0JzitwZLP12V0sUnBWeDm5Pw1qSHZKmeFY3HDrgNiiAtIyREPrUy9ZeG1DXIiq1%0ar28nFgxefgtammszFFXzJNPPQ0XuwPqdg7gKhkRdmlf8WiB1RUHDIwmu%2bHcCJD0P%0aCE0MqYLk3q0%2bJ9fbrZK/agRUHcIwDm7UIO5y7p7JFxBI6g86zJR1LdEHqH%2b%2b/TaJ%0aq3a76eruMsHD6mz8YyaSQpjNa0PhW6%2bv9j6jzE5tAbrdEJ/SWVd9MZA54B5Q8k1y%0akOMz3PSeoLf0da0IbYmTy1/B1pJ5DXw9xUv5iFNuC7oOoSuceT5AA96NhhbrSM4p%0aFCx5hJY38zKUOG3Hhpa0MK9a8SrFMM4B9SS%2bzTZ944/T0wTCU0jrdZ2z2b/ID1UP%0awqRxVNG19Nj4/35PrnZyD5LNhm4ELfa00yBCG8X57k9JAmhkANMwu6xyJi%2bKELH5%0aA2aK7apG9QFKbPyZSsMhPT7hSzpbJoDLGzaZOndSdne9GTyyYmfkzX8ARhQUH5Ug%0a&amp;PubCert=NOT
INFO	[2014-03-14 09:24:48:466] <24001> KVP_CONAME:ISP
INFO	[2014-03-14 09:24:48:466] <24001> KVP_NOINT:0
INFO	[2014-03-14 09:24:48:466] <24001> KVP_QUOTA:00
INFO	[2014-03-14 09:24:48:466] <24001> CardNo:
INFO	[2014-03-14 09:24:48:466] <24001> MPI_CAVV:
INFO	[2014-03-14 09:24:48:466] <24001> MPI_ECI:
INFO	[2014-03-14 09:24:48:466] <24001> MPI_MD64:
INFO	[2014-03-14 09:24:48:466] <24001> ExpMon:
INFO	[2014-03-14 09:24:48:466] <24001> ExpYear:
INFO	[2014-03-14 09:24:48:466] <24001> Passwd:
INFO	[2014-03-14 09:24:48:466] <24001> SocId:
INFO	[2014-03-14 09:24:48:466] <24001> ICHE_OUTBANKNAME:
INFO	[2014-03-14 09:24:48:466] <24001> ICHE_OUTACCTNO:
INFO	[2014-03-14 09:24:48:466] <24001> ICHE_OUTBANKMASTER:
INFO	[2014-03-14 09:24:48:466] <24001> ICHE_AMOUNT:
INFO	[2014-03-14 09:24:48:466] <24001> HP_SERVERINFO:
INFO	[2014-03-14 09:24:48:466] <24001> HP_HANDPHONE:
INFO	[2014-03-14 09:24:48:466] <24001> HP_COMPANY:
INFO	[2014-03-14 09:24:48:466] <24001> HP_ID:
INFO	[2014-03-14 09:24:48:466] <24001> HP_SUBID:
INFO	[2014-03-14 09:24:48:466] <24001> HP_UNITType:1
INFO	[2014-03-14 09:24:48:467] <24001> HP_IDEN:
INFO	[2014-03-14 09:24:48:467] <24001> HP_IPADDR:
INFO	[2014-03-14 09:24:48:467] <24001> ARS_NAME:
INFO	[2014-03-14 09:24:48:467] <24001> ARS_PHONE:
INFO	[2014-03-14 09:24:48:467] <24001> VIRTUAL_CENTERCD:99
INFO	[2014-03-14 09:24:48:467] <24001> VIRTUAL_DEPODT:
INFO	[2014-03-14 09:24:48:467] <24001> ZuminCode:
INFO	[2014-03-14 09:24:48:467] <24001> MallPage:../modules/paygate/ags/AGS_VirAcctResult.php
INFO	[2014-03-14 09:24:48:467] <24001> VIRTUAL_NO:
INFO	[2014-03-14 09:24:48:467] <24001> ES_SENDNO:
INFO	[2014-03-14 09:24:48:467] <24001> ICHE_SOCKETYN:Y
INFO	[2014-03-14 09:24:48:467] <24001> ICHE_POSMTID:
INFO	[2014-03-14 09:24:48:467] <24001> ICHE_FNBCMTID:
INFO	[2014-03-14 09:24:48:467] <24001> ICHE_APTRTS:
INFO	[2014-03-14 09:24:48:467] <24001> ICHE_REMARK1:
INFO	[2014-03-14 09:24:48:467] <24001> ICHE_REMARK2:
INFO	[2014-03-14 09:24:48:467] <24001> ICHE_ECWYN:
INFO	[2014-03-14 09:24:48:467] <24001> ICHE_ECWID:
INFO	[2014-03-14 09:24:48:467] <24001> ICHE_ECWAMT1:
INFO	[2014-03-14 09:24:48:467] <24001> ICHE_ECWAMT2:
INFO	[2014-03-14 09:24:48:467] <24001> ICHE_CASHYN:N
INFO	[2014-03-14 09:24:48:467] <24001> ICHE_CASHGUBUN_CD:
INFO	[2014-03-14 09:24:48:467] <24001> ICHE_CASHID_NO:
INFO	[2014-03-14 09:24:48:467] <24001> ICHEARS_SOCKETYN:Y
INFO	[2014-03-14 09:24:48:467] <24001> ICHEARS_ADMNO:
INFO	[2014-03-14 09:24:48:467] <24001> ICHEARS_POSMTID:
INFO	[2014-03-14 09:24:48:467] <24001> ICHEARS_CENTERCD:
INFO	[2014-03-14 09:24:48:467] <24001> ICHEARS_HPNO:
INFO	[2014-03-14 09:24:48:467] <24001> Make NetCancel ID Start
INFO	[2014-03-14 09:24:48:467] <24001> AEGIS_ISP_aegis_20140314092448467715
INFO	[2014-03-14 09:24:48:467] <24001> Make NetCancel ID End
INFO	[2014-03-14 09:24:48:467] <24001> Make NetCancelID OK
INFO	[2014-03-14 09:24:48:467] <24001> Make Msg Start
INFO	[2014-03-14 09:24:48:467] <24001> card-isp Make MSG OK 
INFO	[2014-03-14 09:24:48:467] <24001> Make Msg End
INFO	[2014-03-14 09:24:48:467] <24001> Make Pay Msg OK
INFO	[2014-03-14 09:24:48:467] <24001> Send & Recv Msg Start
INFO	[2014-03-14 09:24:48:467] <24001> Send Data To PG Start [ 
INFO	[2014-03-14 09:24:48:467] <24001> 0:0012282plug15
INFO	[2014-03-14 09:24:48:467] <24001> 1:aegis
INFO	[2014-03-14 09:24:48:467] <24001> 2:test_individual
INFO	[2014-03-14 09:24:48:467] <24001> 3:10000
INFO	[2014-03-14 09:24:48:467] <24001> 4:S8157C3970279
INFO	[2014-03-14 09:24:48:467] <24001> 5:9000400001
INFO	[2014-03-14 09:24:48:467] <24001> 6:∞≠¡¯øÏ
INFO	[2014-03-14 09:24:48:467] <24001> 7:010-1111-2222
INFO	[2014-03-14 09:24:48:467] <24001> 8:Í¥ëÏ£ºÍ¥ëÏó≠Ïãú ÎèôÍµ¨ Í∏àÎÇ®Î°ú5Í∞Ä ÎÇ®ÏÑ†ÎπåÎî© 407Ìò∏
INFO	[2014-03-14 09:24:48:467] <24001> 9:∞≠¡¯øÏ
INFO	[2014-03-14 09:24:48:467] <24001> 10:010-1111-2222
INFO	[2014-03-14 09:24:48:467] <24001> 11:
INFO	[2014-03-14 09:24:48:467] <24001> 12:Ïù¥Î†•ÏÑú Ïó¥Îûå ÏÑúÎπÑÏä§
INFO	[2014-03-14 09:24:48:467] <24001> 13:WON
INFO	[2014-03-14 09:24:48:467] <24001> 14:00
INFO	[2014-03-14 09:24:48:467] <24001> 15:
INFO	[2014-03-14 09:24:48:467] <24001> 16:040100202027981;1.224.199.214;N;;10000;;;;
INFO	[2014-03-14 09:24:48:467] <24001> 17:jV5Z8zZVW7hF1XtmJZ29XpULu4Chum+97CZHfpCWKqeEiXpqob5rWl0xytHLbm28

iidDgr6ffcTROhsN4N1WEAqkSNUiHnVJiLfa1I9WaEluMRc8YT5KAerenkIHT/88

SMBfWQbzJRhrW4xBOuKHYpHjm7F1JB+/IAFq+NIU1Sg=


INFO	[2014-03-14 09:24:48:467] <24001> 18:Version=1.0&amp;KeyFlag=1&amp;KeyNum=1&amp;EncryptAlgorithm=SEED-CBC&amp;SignAlgorithm=&amp;Data=YOaaFkPEWFS8gs6vAWKdqdufDyISiDloQrHRSQWaa6qoCq4zRt9tFOULPx8VWERB%0aO0JzitwZLP12V0sUnBWeDm5Pw1qSHZKmeFY3HDrgNiiAtIyREPrUy9ZeG1DXIiq1%0ar28nFgxefgtammszFFXzJNPPQ0XuwPqdg7gKhkRdmlf8WiB1RUHDIwmu%2bHcCJD0P%0aCE0MqYLk3q0%2bJ9fbrZK/agRUHcIwDm7UIO5y7p7JFxBI6g86zJR1LdEHqH%2b%2b/TaJ%0aq3a76eruMsHD6mz8YyaSQpjNa0PhW6%2bv9j6jzE5tAbrdEJ/SWVd9MZA54B5Q8k1y%0akOMz3PSeoLf0da0IbYmTy1/B1pJ5DXw9xUv5iFNuC7oOoSuceT5AA96NhhbrSM4p%0aFCx5hJY38zKUOG3Hhpa0MK9a8SrFMM4B9SS%2bzTZ944/T0wTCU0jrdZ2z2b/ID1UP%0awqRxVNG19Nj4/35PrnZyD5LNhm4ELfa00yBCG8X57k9JAmhkANMwu6xyJi%2bKELH5%0aA2aK7apG9QFKbPyZSsMhPT7hSzpbJoDLGzaZOndSdne9GTyyYmfkzX8ARhQUH5Ug%0a&amp;PubCert=NOT
INFO	[2014-03-14 09:24:48:467] <24001> 19:ISP
INFO	[2014-03-14 09:24:48:467] <24001> 20:1.224.199.214
INFO	[2014-03-14 09:24:48:467] <24001> 21:ak_2010@naver.com
INFO	[2014-03-14 09:24:48:467] <24001> 22:AEGIS_ISP_aegis_20140314092448467715
INFO	[2014-03-14 09:24:48:467] <24001> 23:
INFO	[2014-03-14 09:24:48:467] <24001> ] Send Data To PG End 
INFO	[2014-03-14 09:24:48:467] <24001> SendMsg : [0012282plug15|aegis|test_individual|10000|S8157C3970279|9000400001|∞≠¡¯øÏ|010-1111-2222|Í¥ëÏ£ºÍ¥ëÏó≠Ïãú ÎèôÍµ¨ Í∏àÎÇ®Î°ú5Í∞Ä ÎÇ®ÏÑ†ÎπåÎî© 407Ìò∏|∞≠¡¯øÏ|010-1111-2222||Ïù¥Î†•ÏÑú Ïó¥Îûå ÏÑúÎπÑÏä§|WON|00||040100202027981;1.224.199.214;N;;10000;;;;|jV5Z8zZVW7hF1XtmJZ29XpULu4Chum+97CZHfpCWKqeEiXpqob5rWl0xytHLbm28

iidDgr6ffcTROhsN4N1WEAqkSNUiHnVJiLfa1I9WaEluMRc8YT5KAerenkIHT/88

SMBfWQbzJRhrW4xBOuKHYpHjm7F1JB+/IAFq+NIU1Sg=

|Version=1.0&amp;KeyFlag=1&amp;KeyNum=1&amp;EncryptAlgorithm=SEED-CBC&amp;SignAlgorithm=&amp;Data=YOaaFkPEWFS8gs6vAWKdqdufDyISiDloQrHRSQWaa6qoCq4zRt9tFOULPx8VWERB%0aO0JzitwZLP12V0sUnBWeDm5Pw1qSHZKmeFY3HDrgNiiAtIyREPrUy9ZeG1DXIiq1%0ar28nFgxefgtammszFFXzJNPPQ0XuwPqdg7gKhkRdmlf8WiB1RUHDIwmu%2bHcCJD0P%0aCE0MqYLk3q0%2bJ9fbrZK/agRUHcIwDm7UIO5y7p7JFxBI6g86zJR1LdEHqH%2b%2b/TaJ%0aq3a76eruMsHD6mz8YyaSQpjNa0PhW6%2bv9j6jzE5tAbrdEJ/SWVd9MZA54B5Q8k1y%0akOMz3PSeoLf0da0IbYmTy1/B1pJ5DXw9xUv5iFNuC7oOoSuceT5AA96NhhbrSM4p%0aFCx5hJY38zKUOG3Hhpa0MK9a8SrFMM4B9SS%2bzTZ944/T0wTCU0jrdZ2z2b/ID1UP%0awqRxVNG19Nj4/35PrnZyD5LNhm4ELfa00yBCG8X57k9JAmhkANMwu6xyJi%2bKELH5%0aA2aK7apG9QFKbPyZSsMhPT7hSzpbJoDLGzaZOndSdne9GTyyYmfkzX8ARhQUH5Ug%0a&amp;PubCert=NOT|ISP|1.224.199.214|ak_2010@naver.com|AEGIS_ISP_aegis_20140314092448467715|]
INFO	[2014-03-14 09:24:48:467] <24001> Connect IP:[220.85.12.3] Port:[29760]
INFO	[2014-03-14 09:24:48:480] <24001> Socket Open OK
INFO	[2014-03-14 09:24:48:926] <24001> RecvMsg Length : [000079]
INFO	[2014-03-14 09:24:48:926] <24001> RecvMsg : [aegis|0610||||n|¡ﬂ∫π ∞·¡¶ ¿«Ω…µ . ¿·Ω√ »ƒ(√÷¥Î 1∫–) ¥ŸΩ√ Ω√µµ«œø© ¡÷Ω Ω√ø‰.|||
]
INFO	[2014-03-14 09:24:48:926] <24001> Socket Close OK
INFO	[2014-03-14 09:24:48:926] <24001> RecvMsg Length Check OK
INFO	[2014-03-14 09:24:48:926] <24001> Send & Recv Msg End
INFO	[2014-03-14 09:24:48:926] <24001> Send & Recv Msg OK
INFO	[2014-03-14 09:24:48:926] <24001> Parse Msg Start
INFO	[2014-03-14 09:24:48:926] <24001> card-isp RECV MSG Parsing OK 
INFO	[2014-03-14 09:24:48:926] <24001> Parse Msg End
INFO	[2014-03-14 09:24:48:926] <24001> Msg Parsing OK
INFO	[2014-03-14 09:24:48:926] <24001> card Pay Result Value [
INFO	[2014-03-14 09:24:48:926] <24001> NetCancID:AEGIS_ISP_aegis_20140314092448467715
INFO	[2014-03-14 09:24:48:926] <24001> rStoreId:aegis
INFO	[2014-03-14 09:24:48:926] <24001> rBusiCd:0610
INFO	[2014-03-14 09:24:48:926] <24001> rOrdNo:S8157C3970279
INFO	[2014-03-14 09:24:48:926] <24001> rDealNo:
INFO	[2014-03-14 09:24:48:926] <24001> rApprNo:
INFO	[2014-03-14 09:24:48:926] <24001> rProdNm:Ïù¥Î†•ÏÑú Ïó¥Îûå ÏÑúÎπÑÏä§
INFO	[2014-03-14 09:24:48:926] <24001> rAmt:
INFO	[2014-03-14 09:24:48:926] <24001> rInstmt:00
INFO	[2014-03-14 09:24:48:926] <24001> rSuccYn:n
INFO	[2014-03-14 09:24:48:927] <24001> rResMsg:¡ﬂ∫π ∞·¡¶ ¿«Ω…µ . ¿·Ω√ »ƒ(√÷¥Î 1∫–) ¥ŸΩ√ Ω√µµ«œø© ¡÷Ω Ω√ø‰.
INFO	[2014-03-14 09:24:48:927] <24001> rApprTm:
INFO	[2014-03-14 09:24:48:927] <24001> rCardCd:
INFO	[2014-03-14 09:24:48:927] <24001> ]
INFO	[2014-03-14 09:24:48:927] <24001> END  ¡ﬂ∫π ∞·¡¶ ¿«Ω…µ . ¿·Ω√ »ƒ(√÷¥Î 1∫–) ¥ŸΩ√ Ω√µµ«œø© ¡÷Ω Ω√ø‰. Transaction time:[0.46sec]
INFO	[2014-03-14 09:24:48:927] <24001> ===============================================================
INFO	[2014-03-14 09:26:07:136] <23984> ===============================================================
INFO	[2014-03-14 09:26:07:136] <23984> START AgsPay40 php (OS:Linux2.6.32-431.5.1.el6.x86_64,PHP:5.2.17)
INFO	[2014-03-14 09:26:07:136] <23984> card Pay Start!
INFO	[2014-03-14 09:26:07:136] <23984> AgsPayHome:/home/netfu-test8/public_html/n_alba/modules/paygate/ags
INFO	[2014-03-14 09:26:07:136] <23984> StoreId:aegis
INFO	[2014-03-14 09:26:07:136] <23984> log:true
INFO	[2014-03-14 09:26:07:136] <23984> logLevel:INFO
INFO	[2014-03-14 09:26:07:137] <23984> UseNetCancel:true
INFO	[2014-03-14 09:26:07:137] <23984> Type:Pay
INFO	[2014-03-14 09:26:07:137] <23984> RecvLen:7
INFO	[2014-03-14 09:26:07:137] <23984> AuthTy:card
INFO	[2014-03-14 09:26:07:137] <23984> SubTy:isp
INFO	[2014-03-14 09:26:07:137] <23984> OrdNo:SD13B915C1F64
INFO	[2014-03-14 09:26:07:137] <23984> Amt:10000
INFO	[2014-03-14 09:26:07:137] <23984> UserEmail:ak_2010@naver.com
INFO	[2014-03-14 09:26:07:137] <23984> ProdNm:Ïù¥Î†•ÏÑú Ïó¥Îûå ÏÑúÎπÑÏä§
INFO	[2014-03-14 09:26:07:137] <23984> MallUrl:http://netfu-test8.netfu.co.kr
INFO	[2014-03-14 09:26:07:137] <23984> UserId:test_individual
INFO	[2014-03-14 09:26:07:137] <23984> OrdNm:∞≠¡¯øÏ
INFO	[2014-03-14 09:26:07:137] <23984> OrdPhone:010-1111-2222
INFO	[2014-03-14 09:26:07:137] <23984> OrdAddr:Í¥ëÏ£ºÍ¥ëÏó≠Ïãú ÎèôÍµ¨ Í∏àÎÇ®Î°ú5Í∞Ä ÎÇ®ÏÑ†ÎπåÎî© 407Ìò∏
INFO	[2014-03-14 09:26:07:137] <23984> RcpNm:∞≠¡¯øÏ
INFO	[2014-03-14 09:26:07:137] <23984> RcpPhone:010-1111-2222
INFO	[2014-03-14 09:26:07:137] <23984> DlvAddr:Í¥ëÏ£ºÍ¥ëÏó≠Ïãú ÎèôÍµ¨ Í∏àÎÇ®Î°ú5Í∞Ä ÎÇ®ÏÑ†ÎπåÎî© 407Ìò∏
INFO	[2014-03-14 09:26:07:137] <23984> Remark:
INFO	[2014-03-14 09:26:07:137] <23984> DeviId:9000400001
INFO	[2014-03-14 09:26:07:137] <23984> AuthYn:N;1.224.199.214
INFO	[2014-03-14 09:26:07:137] <23984> Instmt:
INFO	[2014-03-14 09:26:07:137] <23984> UserIp:1.224.199.214
INFO	[2014-03-14 09:26:07:137] <23984> partial_mm:00
INFO	[2014-03-14 09:26:07:137] <23984> noIntMonth:
INFO	[2014-03-14 09:26:07:137] <23984> KVP_CURRENCY:WON
INFO	[2014-03-14 09:26:07:137] <23984> KVP_CARDCODE:040100202027981;1.224.199.214;N;;10000;;;;
INFO	[2014-03-14 09:26:07:137] <23984> KVP_SESSIONKEY:DHNq8E4/rkUcrnyFbhxxfy5paqg7R7u7/heJY2sI/zOYzStDYxYy7sJqko3plYwL

4a0wOPJSudD4aK3t5XtIMIueVdtOYphVU5AvHI5KiBTdIxz06fwcN5dorGxf2QIi

2FjQDfCiqEZfnABOgHG+1ooRCvXSrNUL6ZeeooNCuuM=


INFO	[2014-03-14 09:26:07:137] <23984> KVP_ENCDATA:Version=1.0&amp;KeyFlag=1&amp;KeyNum=1&amp;EncryptAlgorithm=SEED-CBC&amp;SignAlgorithm=&amp;Data=aak014nf0kRAWIg217LzbpTLhLUYlCSZYq5sXTnEXrQaCsEl2v329OqWXJcyHBIF%0ax6HXVr9q79nCzhraAhyOu8pHTdWTvjBlDBzO3uzkXwU0lNby2v8hcdGG9oWxQ68b%0a30K8b0n/i/cZBIjADTLOuMflIDIc/Qfu62Le%2b%2bLuNRfsnjddMH8hTYJXeIpbuxeu%0aSOaga1a0jqKOlmp8apftWpCiPzws2D2yS67JxzyAwCKIkkNl1o8785ZpLsvoRe45%0atu3zaYs87yt%2bK3eAvQ1saWNufHOeT0cV2NxdpzYR8Vl2TlUKgRV8UiC0UYRhQCdo%0aZ2Rf6uCple6nat4dYdafQewvFSwFXLQtj9xBwCZ1PS3RpT3hqK/Gr7MICtYpNWVI%0aaj3FkDIyaboCInl2%2bs2v6/zxJh1NIRDqECGhnAGvEflEzAFdw67ZOuphXMWVcJf0%0aXnxxakNKi77NJ1lQ70wFuhGPx/UPOfkA7h8dEXUG4lyI08njXRTFU7ZkCmnK6tDf%0akwkQsGEdDYzuDGtdxIpgsenerGCrLkUZB%2bn0GsgRvcY%3d%0a&amp;PubCert=NOT
INFO	[2014-03-14 09:26:07:137] <23984> KVP_CONAME:ISP
INFO	[2014-03-14 09:26:07:137] <23984> KVP_NOINT:0
INFO	[2014-03-14 09:26:07:138] <23984> KVP_QUOTA:00
INFO	[2014-03-14 09:26:07:138] <23984> CardNo:
INFO	[2014-03-14 09:26:07:138] <23984> MPI_CAVV:
INFO	[2014-03-14 09:26:07:138] <23984> MPI_ECI:
INFO	[2014-03-14 09:26:07:138] <23984> MPI_MD64:
INFO	[2014-03-14 09:26:07:138] <23984> ExpMon:
INFO	[2014-03-14 09:26:07:138] <23984> ExpYear:
INFO	[2014-03-14 09:26:07:138] <23984> Passwd:
INFO	[2014-03-14 09:26:07:138] <23984> SocId:
INFO	[2014-03-14 09:26:07:138] <23984> ICHE_OUTBANKNAME:
INFO	[2014-03-14 09:26:07:138] <23984> ICHE_OUTACCTNO:
INFO	[2014-03-14 09:26:07:138] <23984> ICHE_OUTBANKMASTER:
INFO	[2014-03-14 09:26:07:138] <23984> ICHE_AMOUNT:
INFO	[2014-03-14 09:26:07:138] <23984> HP_SERVERINFO:
INFO	[2014-03-14 09:26:07:138] <23984> HP_HANDPHONE:
INFO	[2014-03-14 09:26:07:138] <23984> HP_COMPANY:
INFO	[2014-03-14 09:26:07:138] <23984> HP_ID:
INFO	[2014-03-14 09:26:07:138] <23984> HP_SUBID:
INFO	[2014-03-14 09:26:07:138] <23984> HP_UNITType:1
INFO	[2014-03-14 09:26:07:138] <23984> HP_IDEN:
INFO	[2014-03-14 09:26:07:138] <23984> HP_IPADDR:
INFO	[2014-03-14 09:26:07:138] <23984> ARS_NAME:
INFO	[2014-03-14 09:26:07:138] <23984> ARS_PHONE:
INFO	[2014-03-14 09:26:07:138] <23984> VIRTUAL_CENTERCD:99
INFO	[2014-03-14 09:26:07:138] <23984> VIRTUAL_DEPODT:
INFO	[2014-03-14 09:26:07:138] <23984> ZuminCode:
INFO	[2014-03-14 09:26:07:138] <23984> MallPage:../modules/paygate/ags/AGS_VirAcctResult.php
INFO	[2014-03-14 09:26:07:138] <23984> VIRTUAL_NO:
INFO	[2014-03-14 09:26:07:138] <23984> ES_SENDNO:
INFO	[2014-03-14 09:26:07:138] <23984> ICHE_SOCKETYN:Y
INFO	[2014-03-14 09:26:07:138] <23984> ICHE_POSMTID:
INFO	[2014-03-14 09:26:07:138] <23984> ICHE_FNBCMTID:
INFO	[2014-03-14 09:26:07:138] <23984> ICHE_APTRTS:
INFO	[2014-03-14 09:26:07:138] <23984> ICHE_REMARK1:
INFO	[2014-03-14 09:26:07:138] <23984> ICHE_REMARK2:
INFO	[2014-03-14 09:26:07:138] <23984> ICHE_ECWYN:
INFO	[2014-03-14 09:26:07:138] <23984> ICHE_ECWID:
INFO	[2014-03-14 09:26:07:138] <23984> ICHE_ECWAMT1:
INFO	[2014-03-14 09:26:07:138] <23984> ICHE_ECWAMT2:
INFO	[2014-03-14 09:26:07:138] <23984> ICHE_CASHYN:N
INFO	[2014-03-14 09:26:07:138] <23984> ICHE_CASHGUBUN_CD:
INFO	[2014-03-14 09:26:07:138] <23984> ICHE_CASHID_NO:
INFO	[2014-03-14 09:26:07:138] <23984> ICHEARS_SOCKETYN:Y
INFO	[2014-03-14 09:26:07:138] <23984> ICHEARS_ADMNO:
INFO	[2014-03-14 09:26:07:138] <23984> ICHEARS_POSMTID:
INFO	[2014-03-14 09:26:07:138] <23984> ICHEARS_CENTERCD:
INFO	[2014-03-14 09:26:07:138] <23984> ICHEARS_HPNO:
INFO	[2014-03-14 09:26:07:138] <23984> Make NetCancel ID Start
INFO	[2014-03-14 09:26:07:138] <23984> AEGIS_ISP_aegis_20140314092607138112
INFO	[2014-03-14 09:26:07:139] <23984> Make NetCancel ID End
INFO	[2014-03-14 09:26:07:139] <23984> Make NetCancelID OK
INFO	[2014-03-14 09:26:07:139] <23984> Make Msg Start
INFO	[2014-03-14 09:26:07:139] <23984> card-isp Make MSG OK 
INFO	[2014-03-14 09:26:07:139] <23984> Make Msg End
INFO	[2014-03-14 09:26:07:139] <23984> Make Pay Msg OK
INFO	[2014-03-14 09:26:07:139] <23984> Send & Recv Msg Start
INFO	[2014-03-14 09:26:07:139] <23984> Send Data To PG Start [ 
INFO	[2014-03-14 09:26:07:139] <23984> 0:0012062plug15
INFO	[2014-03-14 09:26:07:139] <23984> 1:aegis
INFO	[2014-03-14 09:26:07:139] <23984> 2:test_individual
INFO	[2014-03-14 09:26:07:139] <23984> 3:10000
INFO	[2014-03-14 09:26:07:139] <23984> 4:SD13B915C1F64
INFO	[2014-03-14 09:26:07:139] <23984> 5:9000400001
INFO	[2014-03-14 09:26:07:139] <23984> 6:∞≠¡¯øÏ
INFO	[2014-03-14 09:26:07:139] <23984> 7:010-1111-2222
INFO	[2014-03-14 09:26:07:139] <23984> 8:Í¥ëÏ£ºÍ¥ëÏó≠Ïãú ÎèôÍµ¨ Í∏àÎÇ®Î°ú5Í∞Ä ÎÇ®ÏÑ†ÎπåÎî© 407Ìò∏
INFO	[2014-03-14 09:26:07:139] <23984> 9:∞≠¡¯øÏ
INFO	[2014-03-14 09:26:07:139] <23984> 10:010-1111-2222
INFO	[2014-03-14 09:26:07:139] <23984> 11:
INFO	[2014-03-14 09:26:07:139] <23984> 12:Ïù¥Î†•ÏÑú Ïó¥Îûå ÏÑúÎπÑÏä§
INFO	[2014-03-14 09:26:07:139] <23984> 13:WON
INFO	[2014-03-14 09:26:07:139] <23984> 14:00
INFO	[2014-03-14 09:26:07:139] <23984> 15:
INFO	[2014-03-14 09:26:07:139] <23984> 16:040100202027981;1.224.199.214;N;;10000;;;;
INFO	[2014-03-14 09:26:07:139] <23984> 17:DHNq8E4/rkUcrnyFbhxxfy5paqg7R7u7/heJY2sI/zOYzStDYxYy7sJqko3plYwL

4a0wOPJSudD4aK3t5XtIMIueVdtOYphVU5AvHI5KiBTdIxz06fwcN5dorGxf2QIi

2FjQDfCiqEZfnABOgHG+1ooRCvXSrNUL6ZeeooNCuuM=


INFO	[2014-03-14 09:26:07:139] <23984> 18:Version=1.0&amp;KeyFlag=1&amp;KeyNum=1&amp;EncryptAlgorithm=SEED-CBC&amp;SignAlgorithm=&amp;Data=aak014nf0kRAWIg217LzbpTLhLUYlCSZYq5sXTnEXrQaCsEl2v329OqWXJcyHBIF%0ax6HXVr9q79nCzhraAhyOu8pHTdWTvjBlDBzO3uzkXwU0lNby2v8hcdGG9oWxQ68b%0a30K8b0n/i/cZBIjADTLOuMflIDIc/Qfu62Le%2b%2bLuNRfsnjddMH8hTYJXeIpbuxeu%0aSOaga1a0jqKOlmp8apftWpCiPzws2D2yS67JxzyAwCKIkkNl1o8785ZpLsvoRe45%0atu3zaYs87yt%2bK3eAvQ1saWNufHOeT0cV2NxdpzYR8Vl2TlUKgRV8UiC0UYRhQCdo%0aZ2Rf6uCple6nat4dYdafQewvFSwFXLQtj9xBwCZ1PS3RpT3hqK/Gr7MICtYpNWVI%0aaj3FkDIyaboCInl2%2bs2v6/zxJh1NIRDqECGhnAGvEflEzAFdw67ZOuphXMWVcJf0%0aXnxxakNKi77NJ1lQ70wFuhGPx/UPOfkA7h8dEXUG4lyI08njXRTFU7ZkCmnK6tDf%0akwkQsGEdDYzuDGtdxIpgsenerGCrLkUZB%2bn0GsgRvcY%3d%0a&amp;PubCert=NOT
INFO	[2014-03-14 09:26:07:139] <23984> 19:ISP
INFO	[2014-03-14 09:26:07:139] <23984> 20:1.224.199.214
INFO	[2014-03-14 09:26:07:139] <23984> 21:ak_2010@naver.com
INFO	[2014-03-14 09:26:07:139] <23984> 22:AEGIS_ISP_aegis_20140314092607138112
INFO	[2014-03-14 09:26:07:139] <23984> 23:
INFO	[2014-03-14 09:26:07:139] <23984> ] Send Data To PG End 
INFO	[2014-03-14 09:26:07:139] <23984> SendMsg : [0012062plug15|aegis|test_individual|10000|SD13B915C1F64|9000400001|∞≠¡¯øÏ|010-1111-2222|Í¥ëÏ£ºÍ¥ëÏó≠Ïãú ÎèôÍµ¨ Í∏àÎÇ®Î°ú5Í∞Ä ÎÇ®ÏÑ†ÎπåÎî© 407Ìò∏|∞≠¡¯øÏ|010-1111-2222||Ïù¥Î†•ÏÑú Ïó¥Îûå ÏÑúÎπÑÏä§|WON|00||040100202027981;1.224.199.214;N;;10000;;;;|DHNq8E4/rkUcrnyFbhxxfy5paqg7R7u7/heJY2sI/zOYzStDYxYy7sJqko3plYwL

4a0wOPJSudD4aK3t5XtIMIueVdtOYphVU5AvHI5KiBTdIxz06fwcN5dorGxf2QIi

2FjQDfCiqEZfnABOgHG+1ooRCvXSrNUL6ZeeooNCuuM=

|Version=1.0&amp;KeyFlag=1&amp;KeyNum=1&amp;EncryptAlgorithm=SEED-CBC&amp;SignAlgorithm=&amp;Data=aak014nf0kRAWIg217LzbpTLhLUYlCSZYq5sXTnEXrQaCsEl2v329OqWXJcyHBIF%0ax6HXVr9q79nCzhraAhyOu8pHTdWTvjBlDBzO3uzkXwU0lNby2v8hcdGG9oWxQ68b%0a30K8b0n/i/cZBIjADTLOuMflIDIc/Qfu62Le%2b%2bLuNRfsnjddMH8hTYJXeIpbuxeu%0aSOaga1a0jqKOlmp8apftWpCiPzws2D2yS67JxzyAwCKIkkNl1o8785ZpLsvoRe45%0atu3zaYs87yt%2bK3eAvQ1saWNufHOeT0cV2NxdpzYR8Vl2TlUKgRV8UiC0UYRhQCdo%0aZ2Rf6uCple6nat4dYdafQewvFSwFXLQtj9xBwCZ1PS3RpT3hqK/Gr7MICtYpNWVI%0aaj3FkDIyaboCInl2%2bs2v6/zxJh1NIRDqECGhnAGvEflEzAFdw67ZOuphXMWVcJf0%0aXnxxakNKi77NJ1lQ70wFuhGPx/UPOfkA7h8dEXUG4lyI08njXRTFU7ZkCmnK6tDf%0akwkQsGEdDYzuDGtdxIpgsenerGCrLkUZB%2bn0GsgRvcY%3d%0a&amp;PubCert=NOT|ISP|1.224.199.214|ak_2010@naver.com|AEGIS_ISP_aegis_20140314092607138112|]
INFO	[2014-03-14 09:26:07:139] <23984> Connect IP:[220.85.12.3] Port:[29760]
INFO	[2014-03-14 09:26:07:151] <23984> Socket Open OK
INFO	[2014-03-14 09:26:09:43] <23984> RecvMsg Length : [000075]
INFO	[2014-03-14 09:26:09:43] <23984> RecvMsg : [aegis|0610|101472|10091899|10000|y|¡§ªÛ:SD13B915C1F64|20140314092607|0100|
]
INFO	[2014-03-14 09:26:09:43] <23984> Socket Close OK
INFO	[2014-03-14 09:26:09:43] <23984> RecvMsg Length Check OK
INFO	[2014-03-14 09:26:09:43] <23984> Send & Recv Msg End
INFO	[2014-03-14 09:26:09:43] <23984> Send & Recv Msg OK
INFO	[2014-03-14 09:26:09:43] <23984> Parse Msg Start
INFO	[2014-03-14 09:26:09:43] <23984> card-isp RECV MSG Parsing OK 
INFO	[2014-03-14 09:26:09:43] <23984> Parse Msg End
INFO	[2014-03-14 09:26:09:43] <23984> Msg Parsing OK
INFO	[2014-03-14 09:26:09:43] <23984> card Pay Result Value [
INFO	[2014-03-14 09:26:09:43] <23984> NetCancID:AEGIS_ISP_aegis_20140314092607138112
INFO	[2014-03-14 09:26:09:43] <23984> rStoreId:aegis
INFO	[2014-03-14 09:26:09:43] <23984> rBusiCd:0610
INFO	[2014-03-14 09:26:09:43] <23984> rOrdNo:SD13B915C1F64
INFO	[2014-03-14 09:26:09:43] <23984> rDealNo:101472
INFO	[2014-03-14 09:26:09:43] <23984> rApprNo:10091899
INFO	[2014-03-14 09:26:09:43] <23984> rProdNm:Ïù¥Î†•ÏÑú Ïó¥Îûå ÏÑúÎπÑÏä§
INFO	[2014-03-14 09:26:09:43] <23984> rAmt:10000
INFO	[2014-03-14 09:26:09:43] <23984> rInstmt:00
INFO	[2014-03-14 09:26:09:43] <23984> rSuccYn:y
INFO	[2014-03-14 09:26:09:43] <23984> rResMsg:¡§ªÛ:SD13B915C1F64
INFO	[2014-03-14 09:26:09:43] <23984> rApprTm:20140314092607
INFO	[2014-03-14 09:26:09:43] <23984> rCardCd:0100
INFO	[2014-03-14 09:26:09:43] <23984> ]
INFO	[2014-03-14 09:26:09:44] <23984> END  ¡§ªÛ:SD13B915C1F64 Transaction time:[1.9sec]
INFO	[2014-03-14 09:26:09:44] <23984> ===============================================================
