INFO	[2017-07-27 10:44:55:239] <25168> ===============================================================
INFO	[2017-07-27 10:44:55:239] <25168> START AgsPay40 php (OS:Linux2.6.32-642.13.1.el6.x86_64,PHP:5.2.17)
INFO	[2017-07-27 10:44:55:239] <25168> card Pay Start!
INFO	[2017-07-27 10:44:55:239] <25168> AgsPayHome:/home/njob/public_html/modules/paygate/ags
INFO	[2017-07-27 10:44:55:239] <25168> StoreId:aegis
INFO	[2017-07-27 10:44:55:239] <25168> log:true
INFO	[2017-07-27 10:44:55:239] <25168> logLevel:INFO
INFO	[2017-07-27 10:44:55:239] <25168> UseNetCancel:true
INFO	[2017-07-27 10:44:55:239] <25168> Type:Pay
INFO	[2017-07-27 10:44:55:239] <25168> RecvLen:7
INFO	[2017-07-27 10:44:55:239] <25168> AuthTy:card
INFO	[2017-07-27 10:44:55:240] <25168> SubTy:visa3d
INFO	[2017-07-27 10:44:55:240] <25168> OrdNo:SDADEF4106083
INFO	[2017-07-27 10:44:55:240] <25168> Amt:5000
INFO	[2017-07-27 10:44:55:240] <25168> UserEmail:netfu@naver.com
INFO	[2017-07-27 10:44:55:240] <25168> ProdNm:√§øÎ¡§∫∏ º≠∫ÒΩ∫ ∫π«’ º±≈√
INFO	[2017-07-27 10:44:55:240] <25168> MallUrl:http://njob.netfu.co.kr
INFO	[2017-07-27 10:44:55:240] <25168> UserId:test_company
INFO	[2017-07-27 10:44:55:240] <25168> OrdNm:±Ë¥ÎøÎ
INFO	[2017-07-27 10:44:55:240] <25168> OrdPhone:010-0000-0000
INFO	[2017-07-27 10:44:55:240] <25168> OrdAddr:Í¥ëÏ£ºÍ¥ëÏó≠Ïãú ÎèôÍµ¨ Í∏àÎÇ®Î°ú5Í∞Ä ÎÇ®ÏÑ†ÎπåÎî© 407Ìò∏
INFO	[2017-07-27 10:44:55:240] <25168> RcpNm:±Ë¥ÎøÎ
INFO	[2017-07-27 10:44:55:240] <25168> RcpPhone:010-0000-0000
INFO	[2017-07-27 10:44:55:240] <25168> DlvAddr:Í¥ëÏ£ºÍ¥ëÏó≠Ïãú ÎèôÍµ¨ Í∏àÎÇ®Î°ú5Í∞Ä ÎÇ®ÏÑ†ÎπåÎî© 407Ìò∏
INFO	[2017-07-27 10:44:55:240] <25168> Remark:
INFO	[2017-07-27 10:44:55:240] <25168> DeviId:9000400001
INFO	[2017-07-27 10:44:55:240] <25168> AuthYn:N;1.224.199.233;N;;5000;;;;;
INFO	[2017-07-27 10:44:55:240] <25168> Instmt:00
INFO	[2017-07-27 10:44:55:240] <25168> UserIp:1.224.199.233
INFO	[2017-07-27 10:44:55:240] <25168> partial_mm:
INFO	[2017-07-27 10:44:55:240] <25168> noIntMonth:
INFO	[2017-07-27 10:44:55:240] <25168> KVP_CURRENCY:WON
INFO	[2017-07-27 10:44:55:240] <25168> KVP_CARDCODE:
INFO	[2017-07-27 10:44:55:240] <25168> KVP_SESSIONKEY:
INFO	[2017-07-27 10:44:55:240] <25168> KVP_ENCDATA:
INFO	[2017-07-27 10:44:55:240] <25168> KVP_CONAME:
INFO	[2017-07-27 10:44:55:240] <25168> KVP_NOINT:
INFO	[2017-07-27 10:44:55:240] <25168> KVP_QUOTA:
INFO	[2017-07-27 10:44:55:240] <25168> CardNo:5286380000860361
INFO	[2017-07-27 10:44:55:240] <25168> MPI_CAVV:AAABBUM3BCAXBycQRDcEAAAAAB8=
INFO	[2017-07-27 10:44:55:240] <25168> MPI_ECI:05
INFO	[2017-07-27 10:44:55:240] <25168> MPI_MD64:MjAxNzA3MjcxMDQ0MjU5NTkxMjA=
INFO	[2017-07-27 10:44:55:240] <25168> ExpMon:12
INFO	[2017-07-27 10:44:55:241] <25168> ExpYear:2049
INFO	[2017-07-27 10:44:55:241] <25168> Passwd:
INFO	[2017-07-27 10:44:55:241] <25168> SocId:
INFO	[2017-07-27 10:44:55:241] <25168> ICHE_OUTBANKNAME:
INFO	[2017-07-27 10:44:55:241] <25168> ICHE_OUTACCTNO:
INFO	[2017-07-27 10:44:55:241] <25168> ICHE_OUTBANKMASTER:
INFO	[2017-07-27 10:44:55:241] <25168> ICHE_AMOUNT:
INFO	[2017-07-27 10:44:55:241] <25168> HP_SERVERINFO:
INFO	[2017-07-27 10:44:55:241] <25168> HP_HANDPHONE:
INFO	[2017-07-27 10:44:55:241] <25168> HP_COMPANY:
INFO	[2017-07-27 10:44:55:241] <25168> HP_ID:
INFO	[2017-07-27 10:44:55:241] <25168> HP_SUBID:
INFO	[2017-07-27 10:44:55:241] <25168> HP_UNITType:1
INFO	[2017-07-27 10:44:55:241] <25168> HP_IDEN:
INFO	[2017-07-27 10:44:55:241] <25168> HP_IPADDR:
INFO	[2017-07-27 10:44:55:241] <25168> ARS_NAME:
INFO	[2017-07-27 10:44:55:241] <25168> ARS_PHONE:
INFO	[2017-07-27 10:44:55:241] <25168> VIRTUAL_CENTERCD:99
INFO	[2017-07-27 10:44:55:241] <25168> VIRTUAL_DEPODT:
INFO	[2017-07-27 10:44:55:241] <25168> ZuminCode:
INFO	[2017-07-27 10:44:55:241] <25168> MallPage:../modules/paygate/ags/AGS_VirAcctResult.php
INFO	[2017-07-27 10:44:55:241] <25168> VIRTUAL_NO:
INFO	[2017-07-27 10:44:55:241] <25168> ES_SENDNO:
INFO	[2017-07-27 10:44:55:241] <25168> ICHE_SOCKETYN:Y
INFO	[2017-07-27 10:44:55:241] <25168> ICHE_POSMTID:
INFO	[2017-07-27 10:44:55:241] <25168> ICHE_FNBCMTID:
INFO	[2017-07-27 10:44:55:241] <25168> ICHE_APTRTS:
INFO	[2017-07-27 10:44:55:241] <25168> ICHE_REMARK1:
INFO	[2017-07-27 10:44:55:241] <25168> ICHE_REMARK2:
INFO	[2017-07-27 10:44:55:241] <25168> ICHE_ECWYN:
INFO	[2017-07-27 10:44:55:241] <25168> ICHE_ECWID:
INFO	[2017-07-27 10:44:55:242] <25168> ICHE_ECWAMT1:
INFO	[2017-07-27 10:44:55:242] <25168> ICHE_ECWAMT2:
INFO	[2017-07-27 10:44:55:242] <25168> ICHE_CASHYN:N
INFO	[2017-07-27 10:44:55:242] <25168> ICHE_CASHGUBUN_CD:
INFO	[2017-07-27 10:44:55:242] <25168> ICHE_CASHID_NO:
INFO	[2017-07-27 10:44:55:242] <25168> ICHEARS_SOCKETYN:Y
INFO	[2017-07-27 10:44:55:242] <25168> ICHEARS_ADMNO:
INFO	[2017-07-27 10:44:55:242] <25168> ICHEARS_POSMTID:
INFO	[2017-07-27 10:44:55:242] <25168> ICHEARS_CENTERCD:
INFO	[2017-07-27 10:44:55:242] <25168> ICHEARS_HPNO:
INFO	[2017-07-27 10:44:55:242] <25168> Make NetCancel ID Start
INFO	[2017-07-27 10:44:55:242] <25168> AEGIS_VISAaegis_20170727104455242506
INFO	[2017-07-27 10:44:55:242] <25168> Make NetCancel ID End
INFO	[2017-07-27 10:44:55:242] <25168> Make NetCancelID OK
INFO	[2017-07-27 10:44:55:242] <25168> Make Msg Start
INFO	[2017-07-27 10:44:55:242] <25168> Encrypt Start
INFO	[2017-07-27 10:44:55:242] <25168> Encrypt End
INFO	[2017-07-27 10:44:55:242] <25168> Encrypt Start
INFO	[2017-07-27 10:44:55:242] <25168> Encrypt End
INFO	[2017-07-27 10:44:55:242] <25168> Encrypt Start
INFO	[2017-07-27 10:44:55:242] <25168> Encrypt End
INFO	[2017-07-27 10:44:55:242] <25168> Encrypt Start
INFO	[2017-07-27 10:44:55:242] <25168> Encrypt End
INFO	[2017-07-27 10:44:55:242] <25168> card-visa3d Make MSG OK 
INFO	[2017-07-27 10:44:55:242] <25168> Make Msg End
INFO	[2017-07-27 10:44:55:242] <25168> Make Pay Msg OK
INFO	[2017-07-27 10:44:55:242] <25168> Send & Recv Msg Start
INFO	[2017-07-27 10:44:55:242] <25168> Send Data To PG Start [ 
INFO	[2017-07-27 10:44:55:242] <25168> 0:0003850plug15
INFO	[2017-07-27 10:44:55:242] <25168> 1:aegis
INFO	[2017-07-27 10:44:55:242] <25168> 2:test_company
INFO	[2017-07-27 10:44:55:242] <25168> 3:5000
INFO	[2017-07-27 10:44:55:242] <25168> 4:SDADEF4106083
INFO	[2017-07-27 10:44:55:242] <25168> 5:9000400001
INFO	[2017-07-27 10:44:55:242] <25168> 6:1371432963800900
INFO	[2017-07-27 10:44:55:242] <25168> 7:283587
INFO	[2017-07-27 10:44:55:242] <25168> 8:00
INFO	[2017-07-27 10:44:55:242] <25168> 9:N;1.224.199.233;N;;5000;;;;;
INFO	[2017-07-27 10:44:55:242] <25168> 10:
INFO	[2017-07-27 10:44:55:242] <25168> 11:
INFO	[2017-07-27 10:44:55:242] <25168> 12:±Ë¥ÎøÎ
INFO	[2017-07-27 10:44:55:242] <25168> 13:010-0000-0000
INFO	[2017-07-27 10:44:55:242] <25168> 14:Í¥ëÏ£ºÍ¥ëÏó≠Ïãú ÎèôÍµ¨ Í∏àÎÇ®Î°ú5Í∞Ä ÎÇ®ÏÑ†ÎπåÎî© 407Ìò∏
INFO	[2017-07-27 10:44:55:242] <25168> 15:±Ë¥ÎøÎ
INFO	[2017-07-27 10:44:55:242] <25168> 16:1.224.199.233;010-0000-0000
INFO	[2017-07-27 10:44:55:242] <25168> 17:netfu@naver.com;
INFO	[2017-07-27 10:44:55:242] <25168> 18:√§øÎ¡§∫∏ º≠∫ÒΩ∫ ∫π«’ º±≈√
INFO	[2017-07-27 10:44:55:242] <25168> 19:AAABBUM3BCAXBycQRDcEAAAAAB8=
INFO	[2017-07-27 10:44:55:242] <25168> 20:MjAxNzA3MjcxMDQ0MjU5NTkxMjA=
INFO	[2017-07-27 10:44:55:242] <25168> 21:05
INFO	[2017-07-27 10:44:55:242] <25168> 22:netfu@naver.com
INFO	[2017-07-27 10:44:55:242] <25168> 23:AEGIS_VISAaegis_20170727104455242506
INFO	[2017-07-27 10:44:55:242] <25168> 24:
INFO	[2017-07-27 10:44:55:242] <25168> ] Send Data To PG End 
INFO	[2017-07-27 10:44:55:242] <25168> SendMsg : [0003850plug15|aegis|test_company|5000|SDADEF4106083|9000400001|1371432963800900|283587|00|N;1.224.199.233;N;;5000;;;;;|||±Ë¥ÎøÎ|010-0000-0000|Í¥ëÏ£ºÍ¥ëÏó≠Ïãú ÎèôÍµ¨ Í∏àÎÇ®Î°ú5Í∞Ä ÎÇ®ÏÑ†ÎπåÎî© 407Ìò∏|±Ë¥ÎøÎ|1.224.199.233;010-0000-0000|netfu@naver.com;|√§øÎ¡§∫∏ º≠∫ÒΩ∫ ∫π«’ º±≈√|AAABBUM3BCAXBycQRDcEAAAAAB8=|MjAxNzA3MjcxMDQ0MjU5NTkxMjA=|05|netfu@naver.com|AEGIS_VISAaegis_20170727104455242506|]
INFO	[2017-07-27 10:44:55:242] <25168> Connect IP:[121.133.126.1] Port:[29760]
INFO	[2017-07-27 10:44:55:250] <25168> Socket Open OK
INFO	[2017-07-27 10:44:55:377] <25168> RecvMsg Length : [000110]
INFO	[2017-07-27 10:44:55:377] <25168> RecvMsg : [aegis|0610|SDADEF4106083|10170246|000000005000|y|¡§ªÛΩ¬¿Œ|Ω≈«—|20170727104457|0500|18570317|0500|Ω≈«—|516710|
]
INFO	[2017-07-27 10:44:55:377] <25168> Socket Close OK
INFO	[2017-07-27 10:44:55:377] <25168> RecvMsg Length Check OK
INFO	[2017-07-27 10:44:55:377] <25168> Send & Recv Msg End
INFO	[2017-07-27 10:44:55:377] <25168> Send & Recv Msg OK
INFO	[2017-07-27 10:44:55:377] <25168> Parse Msg Start
INFO	[2017-07-27 10:44:55:378] <25168> card-visa3d RECV MSG Parsing OK 
INFO	[2017-07-27 10:44:55:378] <25168> Parse Msg End
INFO	[2017-07-27 10:44:55:378] <25168> Msg Parsing OK
INFO	[2017-07-27 10:44:55:378] <25168> card Pay Result Value [
INFO	[2017-07-27 10:44:55:378] <25168> NetCancID:AEGIS_VISAaegis_20170727104455242506
INFO	[2017-07-27 10:44:55:378] <25168> rStoreId:aegis
INFO	[2017-07-27 10:44:55:378] <25168> rBusiCd:0610
INFO	[2017-07-27 10:44:55:378] <25168> rOrdNo:SDADEF4106083
INFO	[2017-07-27 10:44:55:378] <25168> rApprNo:10170246
INFO	[2017-07-27 10:44:55:378] <25168> rInstmt:00
INFO	[2017-07-27 10:44:55:378] <25168> rAmt:000000005000
INFO	[2017-07-27 10:44:55:378] <25168> rSuccYn:y
INFO	[2017-07-27 10:44:55:378] <25168> rResMsg:¡§ªÛΩ¬¿Œ
INFO	[2017-07-27 10:44:55:378] <25168> rCardNm:Ω≈«—
INFO	[2017-07-27 10:44:55:378] <25168> rApprTm:20170727104457
INFO	[2017-07-27 10:44:55:378] <25168> rCardCd:0500
INFO	[2017-07-27 10:44:55:378] <25168> rMembNo:18570317
INFO	[2017-07-27 10:44:55:378] <25168> rAquiCd:0500
INFO	[2017-07-27 10:44:55:378] <25168> rAquiNm:Ω≈«—
INFO	[2017-07-27 10:44:55:378] <25168> rDealNo:516710
INFO	[2017-07-27 10:44:55:378] <25168> rProdNm:√§øÎ¡§∫∏ º≠∫ÒΩ∫ ∫π«’ º±≈√
INFO	[2017-07-27 10:44:55:378] <25168> ]
INFO	[2017-07-27 10:44:55:378] <25168> END  ¡§ªÛΩ¬¿Œ Transaction time:[0.14sec]
INFO	[2017-07-27 10:44:55:378] <25168> ===============================================================
