INFO	[2018-03-19 21:58:52:808] <2941> ===============================================================
INFO	[2018-03-19 21:58:52:808] <2941> START AgsPay40 php (OS:Linux2.6.32-642.13.1.el6.x86_64,PHP:5.2.17)
INFO	[2018-03-19 21:58:52:808] <2941> card Pay Start!
INFO	[2018-03-19 21:58:52:808] <2941> AgsPayHome:/home/mjob/public_html/plugin/PG/allthegate
INFO	[2018-03-19 21:58:52:808] <2941> StoreId:aegis
INFO	[2018-03-19 21:58:52:808] <2941> log:true
INFO	[2018-03-19 21:58:52:808] <2941> logLevel:INFO
INFO	[2018-03-19 21:58:52:808] <2941> UseNetCancel:true
INFO	[2018-03-19 21:58:52:808] <2941> Type:Pay
INFO	[2018-03-19 21:58:52:808] <2941> RecvLen:7
INFO	[2018-03-19 21:58:52:808] <2941> AuthTy:card
INFO	[2018-03-19 21:58:52:808] <2941> SubTy:visa3d
INFO	[2018-03-19 21:58:52:808] <2941> OrdNo:S8060AC779981
INFO	[2018-03-19 21:58:52:808] <2941> Amt:3000
INFO	[2018-03-19 21:58:52:808] <2941> UserEmail:netk@daum.net
INFO	[2018-03-19 21:58:52:808] <2941> ProdNm:채용정보결제
INFO	[2018-03-19 21:58:52:808] <2941> MallUrl:http://mjob.netfu.co.kr;?>
INFO	[2018-03-19 21:58:52:808] <2941> UserId:test_company
INFO	[2018-03-19 21:58:52:808] <2941> OrdNm:김대용
INFO	[2018-03-19 21:58:52:808] <2941> OrdPhone:01095699876
INFO	[2018-03-19 21:58:52:808] <2941> OrdAddr:
INFO	[2018-03-19 21:58:52:808] <2941> RcpNm:김대용
INFO	[2018-03-19 21:58:52:808] <2941> RcpPhone:010-0000-0000
INFO	[2018-03-19 21:58:52:808] <2941> DlvAddr:
INFO	[2018-03-19 21:58:52:808] <2941> Remark:
INFO	[2018-03-19 21:58:52:808] <2941> DeviId:9000400001
INFO	[2018-03-19 21:58:52:808] <2941> AuthYn:N;218.149.124.67;N;;3000;0;;;;
INFO	[2018-03-19 21:58:52:808] <2941> Instmt:00
INFO	[2018-03-19 21:58:52:808] <2941> UserIp:218.149.124.67
INFO	[2018-03-19 21:58:52:808] <2941> partial_mm:
INFO	[2018-03-19 21:58:52:808] <2941> noIntMonth:
INFO	[2018-03-19 21:58:52:808] <2941> KVP_CURRENCY:
INFO	[2018-03-19 21:58:52:808] <2941> KVP_CARDCODE:
INFO	[2018-03-19 21:58:52:808] <2941> KVP_SESSIONKEY:
INFO	[2018-03-19 21:58:52:808] <2941> KVP_ENCDATA:
INFO	[2018-03-19 21:58:52:808] <2941> KVP_CONAME:
INFO	[2018-03-19 21:58:52:808] <2941> KVP_NOINT:
INFO	[2018-03-19 21:58:52:808] <2941> KVP_QUOTA:
INFO	[2018-03-19 21:58:52:808] <2941> CardNo:5433330517764608
INFO	[2018-03-19 21:58:52:808] <2941> MPI_CAVV:AAABAnd4QCAYAxk1FnhAAAAAACI=
INFO	[2018-03-19 21:58:52:808] <2941> MPI_ECI:05
INFO	[2018-03-19 21:58:52:808] <2941> MPI_MD64:MjAxODAzMTkyMTU1NTMwMDgxMjA=
INFO	[2018-03-19 21:58:52:808] <2941> ExpMon:2049
INFO	[2018-03-19 21:58:52:808] <2941> ExpYear:12
INFO	[2018-03-19 21:58:52:808] <2941> Passwd:
INFO	[2018-03-19 21:58:52:808] <2941> SocId:
INFO	[2018-03-19 21:58:52:808] <2941> ICHE_OUTBANKNAME:
INFO	[2018-03-19 21:58:52:808] <2941> ICHE_OUTACCTNO:
INFO	[2018-03-19 21:58:52:808] <2941> ICHE_OUTBANKMASTER:
INFO	[2018-03-19 21:58:52:808] <2941> ICHE_AMOUNT:
INFO	[2018-03-19 21:58:52:808] <2941> HP_SERVERINFO:
INFO	[2018-03-19 21:58:52:808] <2941> HP_HANDPHONE:
INFO	[2018-03-19 21:58:52:808] <2941> HP_COMPANY:
INFO	[2018-03-19 21:58:52:809] <2941> HP_ID:
INFO	[2018-03-19 21:58:52:809] <2941> HP_SUBID:
INFO	[2018-03-19 21:58:52:809] <2941> HP_UNITType:1
INFO	[2018-03-19 21:58:52:809] <2941> HP_IDEN:
INFO	[2018-03-19 21:58:52:809] <2941> HP_IPADDR:
INFO	[2018-03-19 21:58:52:809] <2941> ARS_NAME:
INFO	[2018-03-19 21:58:52:809] <2941> ARS_PHONE:
INFO	[2018-03-19 21:58:52:809] <2941> VIRTUAL_CENTERCD:
INFO	[2018-03-19 21:58:52:809] <2941> VIRTUAL_DEPODT:
INFO	[2018-03-19 21:58:52:809] <2941> ZuminCode:
INFO	[2018-03-19 21:58:52:809] <2941> MallPage:
INFO	[2018-03-19 21:58:52:809] <2941> VIRTUAL_NO:
INFO	[2018-03-19 21:58:52:809] <2941> ES_SENDNO:
INFO	[2018-03-19 21:58:52:809] <2941> ICHE_SOCKETYN:
INFO	[2018-03-19 21:58:52:809] <2941> ICHE_POSMTID:
INFO	[2018-03-19 21:58:52:809] <2941> ICHE_FNBCMTID:
INFO	[2018-03-19 21:58:52:809] <2941> ICHE_APTRTS:
INFO	[2018-03-19 21:58:52:809] <2941> ICHE_REMARK1:
INFO	[2018-03-19 21:58:52:809] <2941> ICHE_REMARK2:
INFO	[2018-03-19 21:58:52:809] <2941> ICHE_ECWYN:
INFO	[2018-03-19 21:58:52:809] <2941> ICHE_ECWID:
INFO	[2018-03-19 21:58:52:809] <2941> ICHE_ECWAMT1:
INFO	[2018-03-19 21:58:52:809] <2941> ICHE_ECWAMT2:
INFO	[2018-03-19 21:58:52:809] <2941> ICHE_CASHYN:
INFO	[2018-03-19 21:58:52:809] <2941> ICHE_CASHGUBUN_CD:
INFO	[2018-03-19 21:58:52:809] <2941> ICHE_CASHID_NO:
INFO	[2018-03-19 21:58:52:809] <2941> ICHEARS_SOCKETYN:
INFO	[2018-03-19 21:58:52:809] <2941> ICHEARS_ADMNO:
INFO	[2018-03-19 21:58:52:809] <2941> ICHEARS_POSMTID:
INFO	[2018-03-19 21:58:52:809] <2941> ICHEARS_CENTERCD:
INFO	[2018-03-19 21:58:52:809] <2941> ICHEARS_HPNO:
INFO	[2018-03-19 21:58:52:809] <2941> Make NetCancel ID Start
INFO	[2018-03-19 21:58:52:809] <2941> AEGIS_VISAaegis_20180319215852809430
INFO	[2018-03-19 21:58:52:809] <2941> Make NetCancel ID End
INFO	[2018-03-19 21:58:52:809] <2941> Make NetCancelID OK
INFO	[2018-03-19 21:58:52:809] <2941> Make Msg Start
INFO	[2018-03-19 21:58:52:809] <2941> Encrypt Start
INFO	[2018-03-19 21:58:52:809] <2941> Encrypt End
INFO	[2018-03-19 21:58:52:809] <2941> Encrypt Start
INFO	[2018-03-19 21:58:52:809] <2941> Encrypt End
INFO	[2018-03-19 21:58:52:809] <2941> Encrypt Start
INFO	[2018-03-19 21:58:52:809] <2941> Encrypt End
INFO	[2018-03-19 21:58:52:809] <2941> Encrypt Start
INFO	[2018-03-19 21:58:52:809] <2941> Encrypt End
INFO	[2018-03-19 21:58:52:809] <2941> card-visa3d Make MSG OK 
INFO	[2018-03-19 21:58:52:809] <2941> Make Msg End
INFO	[2018-03-19 21:58:52:809] <2941> Make Pay Msg OK
INFO	[2018-03-19 21:58:52:809] <2941> Send & Recv Msg Start
INFO	[2018-03-19 21:58:52:809] <2941> Send Data To PG Start [ 
INFO	[2018-03-19 21:58:52:809] <2941> 0:0003250plug15
INFO	[2018-03-19 21:58:52:809] <2941> 1:aegis
INFO	[2018-03-19 21:58:52:809] <2941> 2:test_company
INFO	[2018-03-19 21:58:52:809] <2941> 3:3000
INFO	[2018-03-19 21:58:52:809] <2941> 4:S8060AC779981
INFO	[2018-03-19 21:58:52:809] <2941> 5:9000400001
INFO	[2018-03-19 21:58:52:809] <2941> 6:8705429013307420
INFO	[2018-03-19 21:58:52:809] <2941> 7:914306
INFO	[2018-03-19 21:58:52:809] <2941> 8:00
INFO	[2018-03-19 21:58:52:809] <2941> 9:N;218.149.124.67;N;;3000;0;;;;
INFO	[2018-03-19 21:58:52:809] <2941> 10:
INFO	[2018-03-19 21:58:52:809] <2941> 11:
INFO	[2018-03-19 21:58:52:809] <2941> 12:김대용
INFO	[2018-03-19 21:58:52:809] <2941> 13:010-0000-0000
INFO	[2018-03-19 21:58:52:809] <2941> 14:
INFO	[2018-03-19 21:58:52:809] <2941> 15:김대용
INFO	[2018-03-19 21:58:52:809] <2941> 16:218.149.124.67;01095699876
INFO	[2018-03-19 21:58:52:809] <2941> 17:netk@daum.net;
INFO	[2018-03-19 21:58:52:809] <2941> 18:채용정보결제
INFO	[2018-03-19 21:58:52:809] <2941> 19:AAABAnd4QCAYAxk1FnhAAAAAACI=
INFO	[2018-03-19 21:58:52:809] <2941> 20:MjAxODAzMTkyMTU1NTMwMDgxMjA=
INFO	[2018-03-19 21:58:52:809] <2941> 21:05
INFO	[2018-03-19 21:58:52:809] <2941> 22:netk@daum.net
INFO	[2018-03-19 21:58:52:809] <2941> 23:AEGIS_VISAaegis_20180319215852809430
INFO	[2018-03-19 21:58:52:809] <2941> 24:
INFO	[2018-03-19 21:58:52:809] <2941> ] Send Data To PG End 
INFO	[2018-03-19 21:58:52:809] <2941> SendMsg : [0003250plug15|aegis|test_company|3000|S8060AC779981|9000400001|8705429013307420|914306|00|N;218.149.124.67;N;;3000;0;;;;|||김대용|010-0000-0000||김대용|218.149.124.67;01095699876|netk@daum.net;|채용정보결제|AAABAnd4QCAYAxk1FnhAAAAAACI=|MjAxODAzMTkyMTU1NTMwMDgxMjA=|05|netk@daum.net|AEGIS_VISAaegis_20180319215852809430|]
INFO	[2018-03-19 21:58:52:809] <2941> Connect IP:[121.133.126.1] Port:[29760]
INFO	[2018-03-19 21:58:52:818] <2941> Socket Open OK
INFO	[2018-03-19 21:58:52:931] <2941> RecvMsg Length : [000074]
INFO	[2018-03-19 21:58:52:931] <2941> RecvMsg : [aegis|0610|||000000003000|n|java.lang.NullPointerException|||||0||552383|
]
INFO	[2018-03-19 21:58:52:931] <2941> Socket Close OK
INFO	[2018-03-19 21:58:52:931] <2941> RecvMsg Length Check OK
INFO	[2018-03-19 21:58:52:931] <2941> Send & Recv Msg End
INFO	[2018-03-19 21:58:52:931] <2941> Send & Recv Msg OK
INFO	[2018-03-19 21:58:52:931] <2941> Parse Msg Start
INFO	[2018-03-19 21:58:52:931] <2941> card-visa3d RECV MSG Parsing OK 
INFO	[2018-03-19 21:58:52:932] <2941> Parse Msg End
INFO	[2018-03-19 21:58:52:932] <2941> Msg Parsing OK
INFO	[2018-03-19 21:58:52:932] <2941> card Pay Result Value [
INFO	[2018-03-19 21:58:52:932] <2941> NetCancID:AEGIS_VISAaegis_20180319215852809430
INFO	[2018-03-19 21:58:52:932] <2941> rStoreId:aegis
INFO	[2018-03-19 21:58:52:932] <2941> rBusiCd:0610
INFO	[2018-03-19 21:58:52:932] <2941> rOrdNo:
INFO	[2018-03-19 21:58:52:932] <2941> rApprNo:
INFO	[2018-03-19 21:58:52:932] <2941> rInstmt:00
INFO	[2018-03-19 21:58:52:932] <2941> rAmt:000000003000
INFO	[2018-03-19 21:58:52:932] <2941> rSuccYn:n
INFO	[2018-03-19 21:58:52:932] <2941> rResMsg:java.lang.NullPointerException
INFO	[2018-03-19 21:58:52:932] <2941> rCardNm:
INFO	[2018-03-19 21:58:52:932] <2941> rApprTm:
INFO	[2018-03-19 21:58:52:932] <2941> rCardCd:
INFO	[2018-03-19 21:58:52:932] <2941> rMembNo:
INFO	[2018-03-19 21:58:52:932] <2941> rAquiCd:0
INFO	[2018-03-19 21:58:52:932] <2941> rAquiNm:
INFO	[2018-03-19 21:58:52:932] <2941> rDealNo:552383
INFO	[2018-03-19 21:58:52:932] <2941> rProdNm:채용정보결제
INFO	[2018-03-19 21:58:52:932] <2941> ]
INFO	[2018-03-19 21:58:52:932] <2941> END  java.lang.NullPointerException Transaction time:[0.12sec]
INFO	[2018-03-19 21:58:52:932] <2941> ===============================================================
INFO	[2018-03-19 22:00:23:381] <2704> ===============================================================
INFO	[2018-03-19 22:00:23:381] <2704> START AgsPay40 php (OS:Linux2.6.32-642.13.1.el6.x86_64,PHP:5.2.17)
INFO	[2018-03-19 22:00:23:381] <2704> card Pay Start!
INFO	[2018-03-19 22:00:23:381] <2704> AgsPayHome:/home/mjob/public_html/plugin/PG/allthegate
INFO	[2018-03-19 22:00:23:381] <2704> StoreId:aegis
INFO	[2018-03-19 22:00:23:381] <2704> log:true
INFO	[2018-03-19 22:00:23:381] <2704> logLevel:INFO
INFO	[2018-03-19 22:00:23:381] <2704> UseNetCancel:true
INFO	[2018-03-19 22:00:23:381] <2704> Type:Pay
INFO	[2018-03-19 22:00:23:381] <2704> RecvLen:7
INFO	[2018-03-19 22:00:23:382] <2704> AuthTy:card
INFO	[2018-03-19 22:00:23:382] <2704> SubTy:visa3d
INFO	[2018-03-19 22:00:23:382] <2704> OrdNo:SA4D276F24035
INFO	[2018-03-19 22:00:23:382] <2704> Amt:3000
INFO	[2018-03-19 22:00:23:382] <2704> UserEmail:netk@daum.net
INFO	[2018-03-19 22:00:23:382] <2704> ProdNm:채용정보결제
INFO	[2018-03-19 22:00:23:382] <2704> MallUrl:http://mjob.netfu.co.kr;?>
INFO	[2018-03-19 22:00:23:382] <2704> UserId:test_company
INFO	[2018-03-19 22:00:23:382] <2704> OrdNm:김대용
INFO	[2018-03-19 22:00:23:382] <2704> OrdPhone:01095699876
INFO	[2018-03-19 22:00:23:382] <2704> OrdAddr:
INFO	[2018-03-19 22:00:23:382] <2704> RcpNm:김대용
INFO	[2018-03-19 22:00:23:382] <2704> RcpPhone:010-0000-0000
INFO	[2018-03-19 22:00:23:382] <2704> DlvAddr:
INFO	[2018-03-19 22:00:23:382] <2704> Remark:
INFO	[2018-03-19 22:00:23:382] <2704> DeviId:9000400001
INFO	[2018-03-19 22:00:23:382] <2704> AuthYn:N;218.149.124.67;N;;3000;0;;;;
INFO	[2018-03-19 22:00:23:382] <2704> Instmt:00
INFO	[2018-03-19 22:00:23:382] <2704> UserIp:218.149.124.67
INFO	[2018-03-19 22:00:23:382] <2704> partial_mm:
INFO	[2018-03-19 22:00:23:382] <2704> noIntMonth:
INFO	[2018-03-19 22:00:23:382] <2704> KVP_CURRENCY:
INFO	[2018-03-19 22:00:23:382] <2704> KVP_CARDCODE:
INFO	[2018-03-19 22:00:23:382] <2704> KVP_SESSIONKEY:
INFO	[2018-03-19 22:00:23:382] <2704> KVP_ENCDATA:
INFO	[2018-03-19 22:00:23:382] <2704> KVP_CONAME:
INFO	[2018-03-19 22:00:23:382] <2704> KVP_NOINT:
INFO	[2018-03-19 22:00:23:382] <2704> KVP_QUOTA:
INFO	[2018-03-19 22:00:23:382] <2704> CardNo:5433330517764608
INFO	[2018-03-19 22:00:23:382] <2704> MPI_CAVV:AAABAHIGFyAYAxk1FwYXAAAAACI=
INFO	[2018-03-19 22:00:23:382] <2704> MPI_ECI:05
INFO	[2018-03-19 22:00:23:382] <2704> MPI_MD64:MjAxODAzMTkyMTU5NTk1MzExMjA=
INFO	[2018-03-19 22:00:23:382] <2704> ExpMon:2049
INFO	[2018-03-19 22:00:23:382] <2704> ExpYear:12
INFO	[2018-03-19 22:00:23:382] <2704> Passwd:
INFO	[2018-03-19 22:00:23:382] <2704> SocId:
INFO	[2018-03-19 22:00:23:382] <2704> ICHE_OUTBANKNAME:
INFO	[2018-03-19 22:00:23:382] <2704> ICHE_OUTACCTNO:
INFO	[2018-03-19 22:00:23:382] <2704> ICHE_OUTBANKMASTER:
INFO	[2018-03-19 22:00:23:382] <2704> ICHE_AMOUNT:
INFO	[2018-03-19 22:00:23:382] <2704> HP_SERVERINFO:
INFO	[2018-03-19 22:00:23:382] <2704> HP_HANDPHONE:
INFO	[2018-03-19 22:00:23:382] <2704> HP_COMPANY:
INFO	[2018-03-19 22:00:23:382] <2704> HP_ID:
INFO	[2018-03-19 22:00:23:382] <2704> HP_SUBID:
INFO	[2018-03-19 22:00:23:382] <2704> HP_UNITType:1
INFO	[2018-03-19 22:00:23:382] <2704> HP_IDEN:
INFO	[2018-03-19 22:00:23:382] <2704> HP_IPADDR:
INFO	[2018-03-19 22:00:23:382] <2704> ARS_NAME:
INFO	[2018-03-19 22:00:23:382] <2704> ARS_PHONE:
INFO	[2018-03-19 22:00:23:382] <2704> VIRTUAL_CENTERCD:
INFO	[2018-03-19 22:00:23:382] <2704> VIRTUAL_DEPODT:
INFO	[2018-03-19 22:00:23:382] <2704> ZuminCode:
INFO	[2018-03-19 22:00:23:382] <2704> MallPage:
INFO	[2018-03-19 22:00:23:382] <2704> VIRTUAL_NO:
INFO	[2018-03-19 22:00:23:382] <2704> ES_SENDNO:
INFO	[2018-03-19 22:00:23:382] <2704> ICHE_SOCKETYN:
INFO	[2018-03-19 22:00:23:382] <2704> ICHE_POSMTID:
INFO	[2018-03-19 22:00:23:382] <2704> ICHE_FNBCMTID:
INFO	[2018-03-19 22:00:23:382] <2704> ICHE_APTRTS:
INFO	[2018-03-19 22:00:23:382] <2704> ICHE_REMARK1:
INFO	[2018-03-19 22:00:23:382] <2704> ICHE_REMARK2:
INFO	[2018-03-19 22:00:23:382] <2704> ICHE_ECWYN:
INFO	[2018-03-19 22:00:23:382] <2704> ICHE_ECWID:
INFO	[2018-03-19 22:00:23:382] <2704> ICHE_ECWAMT1:
INFO	[2018-03-19 22:00:23:382] <2704> ICHE_ECWAMT2:
INFO	[2018-03-19 22:00:23:382] <2704> ICHE_CASHYN:
INFO	[2018-03-19 22:00:23:382] <2704> ICHE_CASHGUBUN_CD:
INFO	[2018-03-19 22:00:23:382] <2704> ICHE_CASHID_NO:
INFO	[2018-03-19 22:00:23:382] <2704> ICHEARS_SOCKETYN:
INFO	[2018-03-19 22:00:23:382] <2704> ICHEARS_ADMNO:
INFO	[2018-03-19 22:00:23:383] <2704> ICHEARS_POSMTID:
INFO	[2018-03-19 22:00:23:383] <2704> ICHEARS_CENTERCD:
INFO	[2018-03-19 22:00:23:383] <2704> ICHEARS_HPNO:
INFO	[2018-03-19 22:00:23:383] <2704> Make NetCancel ID Start
INFO	[2018-03-19 22:00:23:383] <2704> AEGIS_VISAaegis_20180319220023383359
INFO	[2018-03-19 22:00:23:383] <2704> Make NetCancel ID End
INFO	[2018-03-19 22:00:23:383] <2704> Make NetCancelID OK
INFO	[2018-03-19 22:00:23:383] <2704> Make Msg Start
INFO	[2018-03-19 22:00:23:383] <2704> Encrypt Start
INFO	[2018-03-19 22:00:23:383] <2704> Encrypt End
INFO	[2018-03-19 22:00:23:383] <2704> Encrypt Start
INFO	[2018-03-19 22:00:23:383] <2704> Encrypt End
INFO	[2018-03-19 22:00:23:383] <2704> Encrypt Start
INFO	[2018-03-19 22:00:23:383] <2704> Encrypt End
INFO	[2018-03-19 22:00:23:383] <2704> Encrypt Start
INFO	[2018-03-19 22:00:23:383] <2704> Encrypt End
INFO	[2018-03-19 22:00:23:383] <2704> card-visa3d Make MSG OK 
INFO	[2018-03-19 22:00:23:383] <2704> Make Msg End
INFO	[2018-03-19 22:00:23:383] <2704> Make Pay Msg OK
INFO	[2018-03-19 22:00:23:383] <2704> Send & Recv Msg Start
INFO	[2018-03-19 22:00:23:383] <2704> Send Data To PG Start [ 
INFO	[2018-03-19 22:00:23:383] <2704> 0:0003250plug15
INFO	[2018-03-19 22:00:23:383] <2704> 1:aegis
INFO	[2018-03-19 22:00:23:383] <2704> 2:test_company
INFO	[2018-03-19 22:00:23:383] <2704> 3:3000
INFO	[2018-03-19 22:00:23:383] <2704> 4:SA4D276F24035
INFO	[2018-03-19 22:00:23:383] <2704> 5:9000400001
INFO	[2018-03-19 22:00:23:383] <2704> 6:8705429013307420
INFO	[2018-03-19 22:00:23:383] <2704> 7:914306
INFO	[2018-03-19 22:00:23:383] <2704> 8:00
INFO	[2018-03-19 22:00:23:383] <2704> 9:N;218.149.124.67;N;;3000;0;;;;
INFO	[2018-03-19 22:00:23:383] <2704> 10:
INFO	[2018-03-19 22:00:23:383] <2704> 11:
INFO	[2018-03-19 22:00:23:383] <2704> 12:김대용
INFO	[2018-03-19 22:00:23:383] <2704> 13:010-0000-0000
INFO	[2018-03-19 22:00:23:383] <2704> 14:
INFO	[2018-03-19 22:00:23:383] <2704> 15:김대용
INFO	[2018-03-19 22:00:23:383] <2704> 16:218.149.124.67;01095699876
INFO	[2018-03-19 22:00:23:383] <2704> 17:netk@daum.net;
INFO	[2018-03-19 22:00:23:383] <2704> 18:채용정보결제
INFO	[2018-03-19 22:00:23:383] <2704> 19:AAABAHIGFyAYAxk1FwYXAAAAACI=
INFO	[2018-03-19 22:00:23:383] <2704> 20:MjAxODAzMTkyMTU5NTk1MzExMjA=
INFO	[2018-03-19 22:00:23:383] <2704> 21:05
INFO	[2018-03-19 22:00:23:383] <2704> 22:netk@daum.net
INFO	[2018-03-19 22:00:23:383] <2704> 23:AEGIS_VISAaegis_20180319220023383359
INFO	[2018-03-19 22:00:23:383] <2704> 24:
INFO	[2018-03-19 22:00:23:383] <2704> ] Send Data To PG End 
INFO	[2018-03-19 22:00:23:383] <2704> SendMsg : [0003250plug15|aegis|test_company|3000|SA4D276F24035|9000400001|8705429013307420|914306|00|N;218.149.124.67;N;;3000;0;;;;|||김대용|010-0000-0000||김대용|218.149.124.67;01095699876|netk@daum.net;|채용정보결제|AAABAHIGFyAYAxk1FwYXAAAAACI=|MjAxODAzMTkyMTU5NTk1MzExMjA=|05|netk@daum.net|AEGIS_VISAaegis_20180319220023383359|]
INFO	[2018-03-19 22:00:23:383] <2704> Connect IP:[121.133.126.1] Port:[29760]
INFO	[2018-03-19 22:00:23:393] <2704> Socket Open OK
INFO	[2018-03-19 22:00:23:493] <2704> RecvMsg Length : [000074]
INFO	[2018-03-19 22:00:23:493] <2704> RecvMsg : [aegis|0610|||000000003000|n|java.lang.NullPointerException|||||0||552471|
]
INFO	[2018-03-19 22:00:23:493] <2704> Socket Close OK
INFO	[2018-03-19 22:00:23:493] <2704> RecvMsg Length Check OK
INFO	[2018-03-19 22:00:23:493] <2704> Send & Recv Msg End
INFO	[2018-03-19 22:00:23:493] <2704> Send & Recv Msg OK
INFO	[2018-03-19 22:00:23:493] <2704> Parse Msg Start
INFO	[2018-03-19 22:00:23:493] <2704> card-visa3d RECV MSG Parsing OK 
INFO	[2018-03-19 22:00:23:493] <2704> Parse Msg End
INFO	[2018-03-19 22:00:23:493] <2704> Msg Parsing OK
INFO	[2018-03-19 22:00:23:493] <2704> card Pay Result Value [
INFO	[2018-03-19 22:00:23:493] <2704> NetCancID:AEGIS_VISAaegis_20180319220023383359
INFO	[2018-03-19 22:00:23:493] <2704> rStoreId:aegis
INFO	[2018-03-19 22:00:23:493] <2704> rBusiCd:0610
INFO	[2018-03-19 22:00:23:493] <2704> rOrdNo:
INFO	[2018-03-19 22:00:23:493] <2704> rApprNo:
INFO	[2018-03-19 22:00:23:494] <2704> rInstmt:00
INFO	[2018-03-19 22:00:23:494] <2704> rAmt:000000003000
INFO	[2018-03-19 22:00:23:494] <2704> rSuccYn:n
INFO	[2018-03-19 22:00:23:494] <2704> rResMsg:java.lang.NullPointerException
INFO	[2018-03-19 22:00:23:494] <2704> rCardNm:
INFO	[2018-03-19 22:00:23:494] <2704> rApprTm:
INFO	[2018-03-19 22:00:23:494] <2704> rCardCd:
INFO	[2018-03-19 22:00:23:494] <2704> rMembNo:
INFO	[2018-03-19 22:00:23:494] <2704> rAquiCd:0
INFO	[2018-03-19 22:00:23:494] <2704> rAquiNm:
INFO	[2018-03-19 22:00:23:494] <2704> rDealNo:552471
INFO	[2018-03-19 22:00:23:494] <2704> rProdNm:채용정보결제
INFO	[2018-03-19 22:00:23:494] <2704> ]
INFO	[2018-03-19 22:00:23:494] <2704> END  java.lang.NullPointerException Transaction time:[0.11sec]
INFO	[2018-03-19 22:00:23:494] <2704> ===============================================================
INFO	[2018-03-19 22:02:10:792] <3267> ===============================================================
INFO	[2018-03-19 22:02:10:792] <3267> START AgsPay40 php (OS:Linux2.6.32-642.13.1.el6.x86_64,PHP:5.2.17)
INFO	[2018-03-19 22:02:10:792] <3267> card Pay Start!
INFO	[2018-03-19 22:02:10:792] <3267> AgsPayHome:/home/mjob/public_html/plugin/PG/allthegate
INFO	[2018-03-19 22:02:10:792] <3267> StoreId:aegis
INFO	[2018-03-19 22:02:10:792] <3267> log:true
INFO	[2018-03-19 22:02:10:792] <3267> logLevel:INFO
INFO	[2018-03-19 22:02:10:792] <3267> UseNetCancel:true
INFO	[2018-03-19 22:02:10:792] <3267> Type:Pay
INFO	[2018-03-19 22:02:10:792] <3267> RecvLen:7
INFO	[2018-03-19 22:02:10:792] <3267> AuthTy:card
INFO	[2018-03-19 22:02:10:792] <3267> SubTy:visa3d
INFO	[2018-03-19 22:02:10:792] <3267> OrdNo:S761CA2D6AF49
INFO	[2018-03-19 22:02:10:792] <3267> Amt:3000
INFO	[2018-03-19 22:02:10:792] <3267> UserEmail:netk@daum.net
INFO	[2018-03-19 22:02:10:792] <3267> ProdNm:채용정보결제
INFO	[2018-03-19 22:02:10:792] <3267> MallUrl:http://mjob.netfu.co.kr;?>
INFO	[2018-03-19 22:02:10:792] <3267> UserId:test_company
INFO	[2018-03-19 22:02:10:792] <3267> OrdNm:김대용
INFO	[2018-03-19 22:02:10:792] <3267> OrdPhone:01095699876
INFO	[2018-03-19 22:02:10:792] <3267> OrdAddr:
INFO	[2018-03-19 22:02:10:792] <3267> RcpNm:김대용
INFO	[2018-03-19 22:02:10:792] <3267> RcpPhone:010-0000-0000
INFO	[2018-03-19 22:02:10:792] <3267> DlvAddr:
INFO	[2018-03-19 22:02:10:792] <3267> Remark:
INFO	[2018-03-19 22:02:10:792] <3267> DeviId:9000400001
INFO	[2018-03-19 22:02:10:792] <3267> AuthYn:N;218.149.124.67;N;;3000;0;;;;
INFO	[2018-03-19 22:02:10:792] <3267> Instmt:00
INFO	[2018-03-19 22:02:10:792] <3267> UserIp:218.149.124.67
INFO	[2018-03-19 22:02:10:792] <3267> partial_mm:
INFO	[2018-03-19 22:02:10:792] <3267> noIntMonth:
INFO	[2018-03-19 22:02:10:792] <3267> KVP_CURRENCY:
INFO	[2018-03-19 22:02:10:792] <3267> KVP_CARDCODE:
INFO	[2018-03-19 22:02:10:792] <3267> KVP_SESSIONKEY:
INFO	[2018-03-19 22:02:10:792] <3267> KVP_ENCDATA:
INFO	[2018-03-19 22:02:10:792] <3267> KVP_CONAME:
INFO	[2018-03-19 22:02:10:792] <3267> KVP_NOINT:
INFO	[2018-03-19 22:02:10:792] <3267> KVP_QUOTA:
INFO	[2018-03-19 22:02:10:792] <3267> CardNo:5433330517764608
INFO	[2018-03-19 22:02:10:792] <3267> MPI_CAVV:AAABCAAZWCAYAxk1FxlYAAAAACI=
INFO	[2018-03-19 22:02:10:792] <3267> MPI_ECI:05
INFO	[2018-03-19 22:02:10:792] <3267> MPI_MD64:MjAxODAzMTkyMjAxNDc0NzIxMjA=
INFO	[2018-03-19 22:02:10:792] <3267> ExpMon:2049
INFO	[2018-03-19 22:02:10:792] <3267> ExpYear:12
INFO	[2018-03-19 22:02:10:793] <3267> Passwd:
INFO	[2018-03-19 22:02:10:793] <3267> SocId:
INFO	[2018-03-19 22:02:10:793] <3267> ICHE_OUTBANKNAME:
INFO	[2018-03-19 22:02:10:793] <3267> ICHE_OUTACCTNO:
INFO	[2018-03-19 22:02:10:793] <3267> ICHE_OUTBANKMASTER:
INFO	[2018-03-19 22:02:10:793] <3267> ICHE_AMOUNT:
INFO	[2018-03-19 22:02:10:793] <3267> HP_SERVERINFO:
INFO	[2018-03-19 22:02:10:793] <3267> HP_HANDPHONE:
INFO	[2018-03-19 22:02:10:793] <3267> HP_COMPANY:
INFO	[2018-03-19 22:02:10:793] <3267> HP_ID:
INFO	[2018-03-19 22:02:10:793] <3267> HP_SUBID:
INFO	[2018-03-19 22:02:10:793] <3267> HP_UNITType:1
INFO	[2018-03-19 22:02:10:793] <3267> HP_IDEN:
INFO	[2018-03-19 22:02:10:793] <3267> HP_IPADDR:
INFO	[2018-03-19 22:02:10:793] <3267> ARS_NAME:
INFO	[2018-03-19 22:02:10:793] <3267> ARS_PHONE:
INFO	[2018-03-19 22:02:10:793] <3267> VIRTUAL_CENTERCD:
INFO	[2018-03-19 22:02:10:793] <3267> VIRTUAL_DEPODT:
INFO	[2018-03-19 22:02:10:793] <3267> ZuminCode:
INFO	[2018-03-19 22:02:10:793] <3267> MallPage:
INFO	[2018-03-19 22:02:10:793] <3267> VIRTUAL_NO:
INFO	[2018-03-19 22:02:10:793] <3267> ES_SENDNO:
INFO	[2018-03-19 22:02:10:793] <3267> ICHE_SOCKETYN:
INFO	[2018-03-19 22:02:10:793] <3267> ICHE_POSMTID:
INFO	[2018-03-19 22:02:10:793] <3267> ICHE_FNBCMTID:
INFO	[2018-03-19 22:02:10:793] <3267> ICHE_APTRTS:
INFO	[2018-03-19 22:02:10:793] <3267> ICHE_REMARK1:
INFO	[2018-03-19 22:02:10:793] <3267> ICHE_REMARK2:
INFO	[2018-03-19 22:02:10:793] <3267> ICHE_ECWYN:
INFO	[2018-03-19 22:02:10:793] <3267> ICHE_ECWID:
INFO	[2018-03-19 22:02:10:793] <3267> ICHE_ECWAMT1:
INFO	[2018-03-19 22:02:10:793] <3267> ICHE_ECWAMT2:
INFO	[2018-03-19 22:02:10:793] <3267> ICHE_CASHYN:
INFO	[2018-03-19 22:02:10:793] <3267> ICHE_CASHGUBUN_CD:
INFO	[2018-03-19 22:02:10:793] <3267> ICHE_CASHID_NO:
INFO	[2018-03-19 22:02:10:793] <3267> ICHEARS_SOCKETYN:
INFO	[2018-03-19 22:02:10:793] <3267> ICHEARS_ADMNO:
INFO	[2018-03-19 22:02:10:793] <3267> ICHEARS_POSMTID:
INFO	[2018-03-19 22:02:10:793] <3267> ICHEARS_CENTERCD:
INFO	[2018-03-19 22:02:10:793] <3267> ICHEARS_HPNO:
INFO	[2018-03-19 22:02:10:793] <3267> Make NetCancel ID Start
INFO	[2018-03-19 22:02:10:793] <3267> AEGIS_VISAaegis_20180319220210793175
INFO	[2018-03-19 22:02:10:793] <3267> Make NetCancel ID End
INFO	[2018-03-19 22:02:10:793] <3267> Make NetCancelID OK
INFO	[2018-03-19 22:02:10:793] <3267> Make Msg Start
INFO	[2018-03-19 22:02:10:793] <3267> Encrypt Start
INFO	[2018-03-19 22:02:10:793] <3267> Encrypt End
INFO	[2018-03-19 22:02:10:793] <3267> Encrypt Start
INFO	[2018-03-19 22:02:10:793] <3267> Encrypt End
INFO	[2018-03-19 22:02:10:793] <3267> Encrypt Start
INFO	[2018-03-19 22:02:10:793] <3267> Encrypt End
INFO	[2018-03-19 22:02:10:793] <3267> Encrypt Start
INFO	[2018-03-19 22:02:10:793] <3267> Encrypt End
INFO	[2018-03-19 22:02:10:793] <3267> card-visa3d Make MSG OK 
INFO	[2018-03-19 22:02:10:793] <3267> Make Msg End
INFO	[2018-03-19 22:02:10:793] <3267> Make Pay Msg OK
INFO	[2018-03-19 22:02:10:793] <3267> Send & Recv Msg Start
INFO	[2018-03-19 22:02:10:793] <3267> Send Data To PG Start [ 
INFO	[2018-03-19 22:02:10:793] <3267> 0:0003250plug15
INFO	[2018-03-19 22:02:10:793] <3267> 1:aegis
INFO	[2018-03-19 22:02:10:793] <3267> 2:test_company
INFO	[2018-03-19 22:02:10:793] <3267> 3:3000
INFO	[2018-03-19 22:02:10:793] <3267> 4:S761CA2D6AF49
INFO	[2018-03-19 22:02:10:793] <3267> 5:9000400001
INFO	[2018-03-19 22:02:10:793] <3267> 6:8705429013307420
INFO	[2018-03-19 22:02:10:793] <3267> 7:914306
INFO	[2018-03-19 22:02:10:793] <3267> 8:00
INFO	[2018-03-19 22:02:10:793] <3267> 9:N;218.149.124.67;N;;3000;0;;;;
INFO	[2018-03-19 22:02:10:793] <3267> 10:
INFO	[2018-03-19 22:02:10:793] <3267> 11:
INFO	[2018-03-19 22:02:10:793] <3267> 12:김대용
INFO	[2018-03-19 22:02:10:793] <3267> 13:010-0000-0000
INFO	[2018-03-19 22:02:10:793] <3267> 14:
INFO	[2018-03-19 22:02:10:793] <3267> 15:김대용
INFO	[2018-03-19 22:02:10:793] <3267> 16:218.149.124.67;01095699876
INFO	[2018-03-19 22:02:10:793] <3267> 17:netk@daum.net;
INFO	[2018-03-19 22:02:10:793] <3267> 18:채용정보결제
INFO	[2018-03-19 22:02:10:793] <3267> 19:AAABCAAZWCAYAxk1FxlYAAAAACI=
INFO	[2018-03-19 22:02:10:793] <3267> 20:MjAxODAzMTkyMjAxNDc0NzIxMjA=
INFO	[2018-03-19 22:02:10:793] <3267> 21:05
INFO	[2018-03-19 22:02:10:793] <3267> 22:netk@daum.net
INFO	[2018-03-19 22:02:10:793] <3267> 23:AEGIS_VISAaegis_20180319220210793175
INFO	[2018-03-19 22:02:10:793] <3267> 24:
INFO	[2018-03-19 22:02:10:793] <3267> ] Send Data To PG End 
INFO	[2018-03-19 22:02:10:793] <3267> SendMsg : [0003250plug15|aegis|test_company|3000|S761CA2D6AF49|9000400001|8705429013307420|914306|00|N;218.149.124.67;N;;3000;0;;;;|||김대용|010-0000-0000||김대용|218.149.124.67;01095699876|netk@daum.net;|채용정보결제|AAABCAAZWCAYAxk1FxlYAAAAACI=|MjAxODAzMTkyMjAxNDc0NzIxMjA=|05|netk@daum.net|AEGIS_VISAaegis_20180319220210793175|]
INFO	[2018-03-19 22:02:10:793] <3267> Connect IP:[121.133.126.1] Port:[29760]
INFO	[2018-03-19 22:02:10:802] <3267> Socket Open OK
INFO	[2018-03-19 22:02:10:897] <3267> RecvMsg Length : [000074]
INFO	[2018-03-19 22:02:10:897] <3267> RecvMsg : [aegis|0610|||000000003000|n|java.lang.NullPointerException|||||0||552547|
]
INFO	[2018-03-19 22:02:10:897] <3267> Socket Close OK
INFO	[2018-03-19 22:02:10:897] <3267> RecvMsg Length Check OK
INFO	[2018-03-19 22:02:10:897] <3267> Send & Recv Msg End
INFO	[2018-03-19 22:02:10:897] <3267> Send & Recv Msg OK
INFO	[2018-03-19 22:02:10:897] <3267> Parse Msg Start
INFO	[2018-03-19 22:02:10:897] <3267> card-visa3d RECV MSG Parsing OK 
INFO	[2018-03-19 22:02:10:897] <3267> Parse Msg End
INFO	[2018-03-19 22:02:10:897] <3267> Msg Parsing OK
INFO	[2018-03-19 22:02:10:897] <3267> card Pay Result Value [
INFO	[2018-03-19 22:02:10:897] <3267> NetCancID:AEGIS_VISAaegis_20180319220210793175
INFO	[2018-03-19 22:02:10:897] <3267> rStoreId:aegis
INFO	[2018-03-19 22:02:10:897] <3267> rBusiCd:0610
INFO	[2018-03-19 22:02:10:897] <3267> rOrdNo:
INFO	[2018-03-19 22:02:10:897] <3267> rApprNo:
INFO	[2018-03-19 22:02:10:897] <3267> rInstmt:00
INFO	[2018-03-19 22:02:10:897] <3267> rAmt:000000003000
INFO	[2018-03-19 22:02:10:897] <3267> rSuccYn:n
INFO	[2018-03-19 22:02:10:897] <3267> rResMsg:java.lang.NullPointerException
INFO	[2018-03-19 22:02:10:897] <3267> rCardNm:
INFO	[2018-03-19 22:02:10:897] <3267> rApprTm:
INFO	[2018-03-19 22:02:10:897] <3267> rCardCd:
INFO	[2018-03-19 22:02:10:897] <3267> rMembNo:
INFO	[2018-03-19 22:02:10:897] <3267> rAquiCd:0
INFO	[2018-03-19 22:02:10:897] <3267> rAquiNm:
INFO	[2018-03-19 22:02:10:897] <3267> rDealNo:552547
INFO	[2018-03-19 22:02:10:897] <3267> rProdNm:채용정보결제
INFO	[2018-03-19 22:02:10:897] <3267> ]
INFO	[2018-03-19 22:02:10:897] <3267> END  java.lang.NullPointerException Transaction time:[0.11sec]
INFO	[2018-03-19 22:02:10:897] <3267> ===============================================================
